[0.613s] Invoking command in '/home/cortex/kuka_ws/src/kuka-ros-trials/kuka_commander': PYTHONPATH=/home/cortex/kuka_ws/src/kuka-ros-trials/build/kuka_commander/prefix_override:/usr/lib/python3/dist-packages/colcon_core/task/python/colcon_distutils_commands:/home/cortex/kuka_ws/src/kuka-ros-trials/install/kuka_commander/lib/python3.10/site-packages:${PYTHONPATH} /usr/bin/python3 -W ignore:setup.py install is deprecated -W ignore:easy_install command is deprecated setup.py egg_info --egg-base ../build/kuka_commander build --build-base /home/cortex/kuka_ws/src/kuka-ros-trials/build/kuka_commander/build install --record /home/cortex/kuka_ws/src/kuka-ros-trials/build/kuka_commander/install.log --single-version-externally-managed install_data
[0.770s] running egg_info
[0.770s] creating ../build/kuka_commander/kuka_commander.egg-info
[0.770s] writing ../build/kuka_commander/kuka_commander.egg-info/PKG-INFO
[0.770s] writing dependency_links to ../build/kuka_commander/kuka_commander.egg-info/dependency_links.txt
[0.770s] writing entry points to ../build/kuka_commander/kuka_commander.egg-info/entry_points.txt
[0.770s] writing requirements to ../build/kuka_commander/kuka_commander.egg-info/requires.txt
[0.770s] writing top-level names to ../build/kuka_commander/kuka_commander.egg-info/top_level.txt
[0.770s] writing manifest file '../build/kuka_commander/kuka_commander.egg-info/SOURCES.txt'
[0.771s] reading manifest file '../build/kuka_commander/kuka_commander.egg-info/SOURCES.txt'
[0.772s] writing manifest file '../build/kuka_commander/kuka_commander.egg-info/SOURCES.txt'
[0.772s] running build
[0.772s] running build_py
[0.772s] creating /home/cortex/kuka_ws/src/kuka-ros-trials/build/kuka_commander/build
[0.772s] creating /home/cortex/kuka_ws/src/kuka-ros-trials/build/kuka_commander/build/lib
[0.772s] creating /home/cortex/kuka_ws/src/kuka-ros-trials/build/kuka_commander/build/lib/kuka_commander
[0.772s] copying kuka_commander/__init__.py -> /home/cortex/kuka_ws/src/kuka-ros-trials/build/kuka_commander/build/lib/kuka_commander
[0.772s] copying kuka_commander/main.py -> /home/cortex/kuka_ws/src/kuka-ros-trials/build/kuka_commander/build/lib/kuka_commander
[0.772s] running install
[0.772s] running install_lib
[0.773s] creating /home/cortex/kuka_ws/src/kuka-ros-trials/install/kuka_commander/lib/python3.10/site-packages/kuka_commander
[0.773s] copying /home/cortex/kuka_ws/src/kuka-ros-trials/build/kuka_commander/build/lib/kuka_commander/__init__.py -> /home/cortex/kuka_ws/src/kuka-ros-trials/install/kuka_commander/lib/python3.10/site-packages/kuka_commander
[0.773s] copying /home/cortex/kuka_ws/src/kuka-ros-trials/build/kuka_commander/build/lib/kuka_commander/main.py -> /home/cortex/kuka_ws/src/kuka-ros-trials/install/kuka_commander/lib/python3.10/site-packages/kuka_commander
[0.773s] byte-compiling /home/cortex/kuka_ws/src/kuka-ros-trials/install/kuka_commander/lib/python3.10/site-packages/kuka_commander/__init__.py to __init__.cpython-310.pyc
[0.773s] byte-compiling /home/cortex/kuka_ws/src/kuka-ros-trials/install/kuka_commander/lib/python3.10/site-packages/kuka_commander/main.py to main.cpython-310.pyc
[0.774s] running install_data
[0.774s] creating /home/cortex/kuka_ws/src/kuka-ros-trials/install/kuka_commander/share/ament_index
[0.774s] creating /home/cortex/kuka_ws/src/kuka-ros-trials/install/kuka_commander/share/ament_index/resource_index
[0.774s] creating /home/cortex/kuka_ws/src/kuka-ros-trials/install/kuka_commander/share/ament_index/resource_index/packages
[0.774s] copying resource/kuka_commander -> /home/cortex/kuka_ws/src/kuka-ros-trials/install/kuka_commander/share/ament_index/resource_index/packages
[0.774s] copying package.xml -> /home/cortex/kuka_ws/src/kuka-ros-trials/install/kuka_commander/share/kuka_commander
[0.774s] running install_egg_info
[0.775s] Copying ../build/kuka_commander/kuka_commander.egg-info to /home/cortex/kuka_ws/src/kuka-ros-trials/install/kuka_commander/lib/python3.10/site-packages/kuka_commander-0.0.0-py3.10.egg-info
[0.776s] running install_scripts
[0.789s] Installing commander script to /home/cortex/kuka_ws/src/kuka-ros-trials/install/kuka_commander/lib/kuka_commander
[0.789s] writing list of installed files to '/home/cortex/kuka_ws/src/kuka-ros-trials/build/kuka_commander/install.log'
[0.821s] Invoked command in '/home/cortex/kuka_ws/src/kuka-ros-trials/kuka_commander' returned '0': PYTHONPATH=/home/cortex/kuka_ws/src/kuka-ros-trials/build/kuka_commander/prefix_override:/usr/lib/python3/dist-packages/colcon_core/task/python/colcon_distutils_commands:/home/cortex/kuka_ws/src/kuka-ros-trials/install/kuka_commander/lib/python3.10/site-packages:${PYTHONPATH} /usr/bin/python3 -W ignore:setup.py install is deprecated -W ignore:easy_install command is deprecated setup.py egg_info --egg-base ../build/kuka_commander build --build-base /home/cortex/kuka_ws/src/kuka-ros-trials/build/kuka_commander/build install --record /home/cortex/kuka_ws/src/kuka-ros-trials/build/kuka_commander/install.log --single-version-externally-managed install_data
