/home/cortex/kuka_ws/src/kuka-ros-trials/install/kuka_trials/lib/python3.10/site-packages/node/pointcloud_builder.py
/home/cortex/kuka_ws/src/kuka-ros-trials/install/kuka_trials/lib/python3.10/site-packages/node/__init__.py
/home/cortex/kuka_ws/src/kuka-ros-trials/install/kuka_trials/lib/python3.10/site-packages/kuka_trials/__init__.py
/home/cortex/kuka_ws/src/kuka-ros-trials/install/kuka_trials/lib/python3.10/site-packages/node/__pycache__/pointcloud_builder.cpython-310.pyc
/home/cortex/kuka_ws/src/kuka-ros-trials/install/kuka_trials/lib/python3.10/site-packages/node/__pycache__/__init__.cpython-310.pyc
/home/cortex/kuka_ws/src/kuka-ros-trials/install/kuka_trials/lib/python3.10/site-packages/kuka_trials/__pycache__/__init__.cpython-310.pyc
/home/cortex/kuka_ws/src/kuka-ros-trials/install/kuka_trials/share/ament_index/resource_index/packages/kuka_trials
/home/cortex/kuka_ws/src/kuka-ros-trials/install/kuka_trials/share/kuka_trials/package.xml
/home/cortex/kuka_ws/src/kuka-ros-trials/install/kuka_trials/share/kuka_trials/launch/gazebo.launch.py
/home/cortex/kuka_ws/src/kuka-ros-trials/install/kuka_trials/share/kuka_trials/launch/drillbit_robot_rviz.launch.py
/home/cortex/kuka_ws/src/kuka-ros-trials/install/kuka_trials/share/kuka_trials/launch/display.launch.py
/home/cortex/kuka_ws/src/kuka-ros-trials/install/kuka_trials/share/kuka_trials/urdf/common_colours.xacro
/home/cortex/kuka_ws/src/kuka-ros-trials/install/kuka_trials/share/kuka_trials/urdf/kr10r1420_macro.xacro
/home/cortex/kuka_ws/src/kuka-ros-trials/install/kuka_trials/share/kuka_trials/urdf/robot.xacro
/home/cortex/kuka_ws/src/kuka-ros-trials/install/kuka_trials/share/kuka_trials/urdf/drill_bit.urdf.xacro
/home/cortex/kuka_ws/src/kuka-ros-trials/install/kuka_trials/share/kuka_trials/urdf/lidar.xacro
/home/cortex/kuka_ws/src/kuka-ros-trials/install/kuka_trials/share/kuka_trials/urdf/scancontrol_26x0_29x0_25.xacro
/home/cortex/kuka_ws/src/kuka-ros-trials/install/kuka_trials/share/kuka_trials/urdf/common_materials.xacro
/home/cortex/kuka_ws/src/kuka-ros-trials/install/kuka_trials/share/kuka_trials/urdf/kr10r1420.xacro
/home/cortex/kuka_ws/src/kuka-ros-trials/install/kuka_trials/share/kuka_trials/urdf/common_constants.xacro
/home/cortex/kuka_ws/src/kuka-ros-trials/install/kuka_trials/share/kuka_trials/rviz/display_config.rviz
/home/cortex/kuka_ws/src/kuka-ros-trials/install/kuka_trials/share/kuka_trials/meshes/link_6_c.stl
/home/cortex/kuka_ws/src/kuka-ros-trials/install/kuka_trials/share/kuka_trials/meshes/base_link_c.stl
/home/cortex/kuka_ws/src/kuka-ros-trials/install/kuka_trials/share/kuka_trials/meshes/link_3_c.stl
/home/cortex/kuka_ws/src/kuka-ros-trials/install/kuka_trials/share/kuka_trials/meshes/link_4_v.stl
/home/cortex/kuka_ws/src/kuka-ros-trials/install/kuka_trials/share/kuka_trials/meshes/link_4_c.stl
/home/cortex/kuka_ws/src/kuka-ros-trials/install/kuka_trials/share/kuka_trials/meshes/link_3_v.stl
/home/cortex/kuka_ws/src/kuka-ros-trials/install/kuka_trials/share/kuka_trials/meshes/Bit.dae
/home/cortex/kuka_ws/src/kuka-ros-trials/install/kuka_trials/share/kuka_trials/meshes/link_6_v.stl
/home/cortex/kuka_ws/src/kuka-ros-trials/install/kuka_trials/share/kuka_trials/meshes/link_5_c.stl
/home/cortex/kuka_ws/src/kuka-ros-trials/install/kuka_trials/share/kuka_trials/meshes/visual.dae
/home/cortex/kuka_ws/src/kuka-ros-trials/install/kuka_trials/share/kuka_trials/meshes/link_2_c.stl
/home/cortex/kuka_ws/src/kuka-ros-trials/install/kuka_trials/share/kuka_trials/meshes/link_1_v.stl
/home/cortex/kuka_ws/src/kuka-ros-trials/install/kuka_trials/share/kuka_trials/meshes/link_5_v.stl
/home/cortex/kuka_ws/src/kuka-ros-trials/install/kuka_trials/share/kuka_trials/meshes/base_link_v.stl
/home/cortex/kuka_ws/src/kuka-ros-trials/install/kuka_trials/share/kuka_trials/meshes/link_2_v.stl
/home/cortex/kuka_ws/src/kuka-ros-trials/install/kuka_trials/share/kuka_trials/meshes/link_1_c.stl
/home/cortex/kuka_ws/src/kuka-ros-trials/install/kuka_trials/share/kuka_trials/meshes/collision.stl
/home/cortex/kuka_ws/src/kuka-ros-trials/install/kuka_trials/share/kuka_trials/config/ros_gz_bridge.yaml
/home/cortex/kuka_ws/src/kuka-ros-trials/install/kuka_trials/lib/python3.10/site-packages/kuka_trials-0.0.0-py3.10.egg-info/entry_points.txt
/home/cortex/kuka_ws/src/kuka-ros-trials/install/kuka_trials/lib/python3.10/site-packages/kuka_trials-0.0.0-py3.10.egg-info/zip-safe
/home/cortex/kuka_ws/src/kuka-ros-trials/install/kuka_trials/lib/python3.10/site-packages/kuka_trials-0.0.0-py3.10.egg-info/requires.txt
/home/cortex/kuka_ws/src/kuka-ros-trials/install/kuka_trials/lib/python3.10/site-packages/kuka_trials-0.0.0-py3.10.egg-info/SOURCES.txt
/home/cortex/kuka_ws/src/kuka-ros-trials/install/kuka_trials/lib/python3.10/site-packages/kuka_trials-0.0.0-py3.10.egg-info/PKG-INFO
/home/cortex/kuka_ws/src/kuka-ros-trials/install/kuka_trials/lib/python3.10/site-packages/kuka_trials-0.0.0-py3.10.egg-info/dependency_links.txt
/home/cortex/kuka_ws/src/kuka-ros-trials/install/kuka_trials/lib/python3.10/site-packages/kuka_trials-0.0.0-py3.10.egg-info/top_level.txt
/home/cortex/kuka_ws/src/kuka-ros-trials/install/kuka_trials/lib/kuka_trials/rotary_pointcloud_node
