[0.005s] Invoking command in '/home/cortex/kuka_ws/src/kuka-ros-trials/build/my_robot_movit_config': AMENT_PREFIX_PATH=/home/cortex/kuka_ws/src/kuka-ros-trials/install/my_robot_description:${AMENT_PREFIX_PATH} CMAKE_PREFIX_PATH=/home/cortex/kuka_ws/src/kuka-ros-trials/install/my_robot_description:/opt/ros/humble /usr/bin/cmake /home/cortex/kuka_ws/src/kuka-ros-trials/my_robot_movit_config -DCMAKE_INSTALL_PREFIX=/home/cortex/kuka_ws/src/kuka-ros-trials/install/my_robot_movit_config
[0.058s] -- The C compiler identification is GNU 11.4.0
[0.113s] -- The CXX compiler identification is GNU 11.4.0
[0.119s] -- Detecting C compiler ABI info
[0.184s] -- Detecting C compiler ABI info - done
[0.201s] -- Check for working C compiler: /usr/bin/cc - skipped
[0.201s] -- Detecting C compile features
[0.202s] -- Detecting C compile features - done
[0.215s] -- Detecting CXX compiler ABI info
[0.297s] -- Detecting CXX compiler ABI info - done
[0.317s] -- Check for working CXX compiler: /usr/bin/c++ - skipped
[0.317s] -- Detecting CXX compile features
[0.317s] -- Detecting CXX compile features - done
[0.327s] -- Found ament_cmake: 1.3.12 (/opt/ros/humble/share/ament_cmake/cmake)
[0.866s] -- Found Python3: /home/cortex/.pyenv/shims/python3 (found version "3.10.12") found components: Interpreter
[1.135s] -- Configuring done (1.1s)
[1.138s] -- Generating done (0.0s)
[1.139s] -- Build files have been written to: /home/cortex/kuka_ws/src/kuka-ros-trials/build/my_robot_movit_config
[1.142s] Invoked command in '/home/cortex/kuka_ws/src/kuka-ros-trials/build/my_robot_movit_config' returned '0': AMENT_PREFIX_PATH=/home/cortex/kuka_ws/src/kuka-ros-trials/install/my_robot_description:${AMENT_PREFIX_PATH} CMAKE_PREFIX_PATH=/home/cortex/kuka_ws/src/kuka-ros-trials/install/my_robot_description:/opt/ros/humble /usr/bin/cmake /home/cortex/kuka_ws/src/kuka-ros-trials/my_robot_movit_config -DCMAKE_INSTALL_PREFIX=/home/cortex/kuka_ws/src/kuka-ros-trials/install/my_robot_movit_config
[1.143s] Invoking command in '/home/cortex/kuka_ws/src/kuka-ros-trials/build/my_robot_movit_config': AMENT_PREFIX_PATH=/home/cortex/kuka_ws/src/kuka-ros-trials/install/my_robot_description:${AMENT_PREFIX_PATH} CMAKE_PREFIX_PATH=/home/cortex/kuka_ws/src/kuka-ros-trials/install/my_robot_description:/opt/ros/humble /usr/bin/cmake --build /home/cortex/kuka_ws/src/kuka-ros-trials/build/my_robot_movit_config -- -j20 -l20
[1.163s] Invoked command in '/home/cortex/kuka_ws/src/kuka-ros-trials/build/my_robot_movit_config' returned '0': AMENT_PREFIX_PATH=/home/cortex/kuka_ws/src/kuka-ros-trials/install/my_robot_description:${AMENT_PREFIX_PATH} CMAKE_PREFIX_PATH=/home/cortex/kuka_ws/src/kuka-ros-trials/install/my_robot_description:/opt/ros/humble /usr/bin/cmake --build /home/cortex/kuka_ws/src/kuka-ros-trials/build/my_robot_movit_config -- -j20 -l20
[1.165s] Invoking command in '/home/cortex/kuka_ws/src/kuka-ros-trials/build/my_robot_movit_config': AMENT_PREFIX_PATH=/home/cortex/kuka_ws/src/kuka-ros-trials/install/my_robot_description:${AMENT_PREFIX_PATH} CMAKE_PREFIX_PATH=/home/cortex/kuka_ws/src/kuka-ros-trials/install/my_robot_description:/opt/ros/humble /usr/bin/cmake --install /home/cortex/kuka_ws/src/kuka-ros-trials/build/my_robot_movit_config
[1.167s] -- Install configuration: ""
[1.167s] -- Installing: /home/cortex/kuka_ws/src/kuka-ros-trials/install/my_robot_movit_config/share/ament_index/resource_index/package_run_dependencies/my_robot_movit_config
[1.167s] -- Installing: /home/cortex/kuka_ws/src/kuka-ros-trials/install/my_robot_movit_config/share/ament_index/resource_index/parent_prefix_path/my_robot_movit_config
[1.167s] -- Installing: /home/cortex/kuka_ws/src/kuka-ros-trials/install/my_robot_movit_config/share/my_robot_movit_config/environment/ament_prefix_path.sh
[1.167s] -- Installing: /home/cortex/kuka_ws/src/kuka-ros-trials/install/my_robot_movit_config/share/my_robot_movit_config/environment/ament_prefix_path.dsv
[1.167s] -- Installing: /home/cortex/kuka_ws/src/kuka-ros-trials/install/my_robot_movit_config/share/my_robot_movit_config/environment/path.sh
[1.168s] -- Installing: /home/cortex/kuka_ws/src/kuka-ros-trials/install/my_robot_movit_config/share/my_robot_movit_config/environment/path.dsv
[1.168s] -- Installing: /home/cortex/kuka_ws/src/kuka-ros-trials/install/my_robot_movit_config/share/my_robot_movit_config/local_setup.bash
[1.168s] -- Installing: /home/cortex/kuka_ws/src/kuka-ros-trials/install/my_robot_movit_config/share/my_robot_movit_config/local_setup.sh
[1.168s] -- Installing: /home/cortex/kuka_ws/src/kuka-ros-trials/install/my_robot_movit_config/share/my_robot_movit_config/local_setup.zsh
[1.168s] -- Installing: /home/cortex/kuka_ws/src/kuka-ros-trials/install/my_robot_movit_config/share/my_robot_movit_config/local_setup.dsv
[1.168s] -- Installing: /home/cortex/kuka_ws/src/kuka-ros-trials/install/my_robot_movit_config/share/my_robot_movit_config/package.dsv
[1.168s] -- Installing: /home/cortex/kuka_ws/src/kuka-ros-trials/install/my_robot_movit_config/share/ament_index/resource_index/packages/my_robot_movit_config
[1.168s] -- Installing: /home/cortex/kuka_ws/src/kuka-ros-trials/install/my_robot_movit_config/share/my_robot_movit_config/cmake/my_robot_movit_configConfig.cmake
[1.168s] -- Installing: /home/cortex/kuka_ws/src/kuka-ros-trials/install/my_robot_movit_config/share/my_robot_movit_config/cmake/my_robot_movit_configConfig-version.cmake
[1.168s] -- Installing: /home/cortex/kuka_ws/src/kuka-ros-trials/install/my_robot_movit_config/share/my_robot_movit_config/package.xml
[1.168s] -- Installing: /home/cortex/kuka_ws/src/kuka-ros-trials/install/my_robot_movit_config/share/my_robot_movit_config/launch
[1.168s] -- Installing: /home/cortex/kuka_ws/src/kuka-ros-trials/install/my_robot_movit_config/share/my_robot_movit_config/launch/gazebo.launch.py
[1.168s] -- Installing: /home/cortex/kuka_ws/src/kuka-ros-trials/install/my_robot_movit_config/share/my_robot_movit_config/launch/moveit_rviz.launch.py
[1.168s] -- Installing: /home/cortex/kuka_ws/src/kuka-ros-trials/install/my_robot_movit_config/share/my_robot_movit_config/launch/rsp.launch.py
[1.168s] -- Installing: /home/cortex/kuka_ws/src/kuka-ros-trials/install/my_robot_movit_config/share/my_robot_movit_config/launch/demo.launch.py
[1.168s] -- Installing: /home/cortex/kuka_ws/src/kuka-ros-trials/install/my_robot_movit_config/share/my_robot_movit_config/launch/static_virtual_joint_tfs.launch.py
[1.168s] -- Installing: /home/cortex/kuka_ws/src/kuka-ros-trials/install/my_robot_movit_config/share/my_robot_movit_config/launch/setup_assistant.launch.py
[1.169s] -- Installing: /home/cortex/kuka_ws/src/kuka-ros-trials/install/my_robot_movit_config/share/my_robot_movit_config/launch/spawn_controllers.launch.py
[1.169s] -- Installing: /home/cortex/kuka_ws/src/kuka-ros-trials/install/my_robot_movit_config/share/my_robot_movit_config/launch/warehouse_db.launch.py
[1.169s] -- Installing: /home/cortex/kuka_ws/src/kuka-ros-trials/install/my_robot_movit_config/share/my_robot_movit_config/launch/move_group.launch.py
[1.169s] -- Installing: /home/cortex/kuka_ws/src/kuka-ros-trials/install/my_robot_movit_config/share/my_robot_movit_config/config
[1.169s] -- Installing: /home/cortex/kuka_ws/src/kuka-ros-trials/install/my_robot_movit_config/share/my_robot_movit_config/config/pilz_cartesian_limits.yaml
[1.169s] -- Installing: /home/cortex/kuka_ws/src/kuka-ros-trials/install/my_robot_movit_config/share/my_robot_movit_config/config/joint_limits.yaml
[1.169s] -- Installing: /home/cortex/kuka_ws/src/kuka-ros-trials/install/my_robot_movit_config/share/my_robot_movit_config/config/ros2_controllers.yaml
[1.169s] -- Installing: /home/cortex/kuka_ws/src/kuka-ros-trials/install/my_robot_movit_config/share/my_robot_movit_config/config/kinematics.yaml
[1.169s] -- Installing: /home/cortex/kuka_ws/src/kuka-ros-trials/install/my_robot_movit_config/share/my_robot_movit_config/config/my_robot.srdf
[1.169s] -- Installing: /home/cortex/kuka_ws/src/kuka-ros-trials/install/my_robot_movit_config/share/my_robot_movit_config/config/my_robot.urdf.xacro
[1.169s] -- Installing: /home/cortex/kuka_ws/src/kuka-ros-trials/install/my_robot_movit_config/share/my_robot_movit_config/config/moveit.rviz
[1.169s] -- Installing: /home/cortex/kuka_ws/src/kuka-ros-trials/install/my_robot_movit_config/share/my_robot_movit_config/config/initial_positions.yaml
[1.169s] -- Installing: /home/cortex/kuka_ws/src/kuka-ros-trials/install/my_robot_movit_config/share/my_robot_movit_config/config/my_robot.ros2_control.xacro
[1.169s] -- Installing: /home/cortex/kuka_ws/src/kuka-ros-trials/install/my_robot_movit_config/share/my_robot_movit_config/config/moveit_controllers.yaml
[1.169s] -- Installing: /home/cortex/kuka_ws/src/kuka-ros-trials/install/my_robot_movit_config/share/my_robot_movit_config/.setup_assistant
[1.171s] Invoked command in '/home/cortex/kuka_ws/src/kuka-ros-trials/build/my_robot_movit_config' returned '0': AMENT_PREFIX_PATH=/home/cortex/kuka_ws/src/kuka-ros-trials/install/my_robot_description:${AMENT_PREFIX_PATH} CMAKE_PREFIX_PATH=/home/cortex/kuka_ws/src/kuka-ros-trials/install/my_robot_description:/opt/ros/humble /usr/bin/cmake --install /home/cortex/kuka_ws/src/kuka-ros-trials/build/my_robot_movit_config
