[0.007s] Invoking command in '/home/cortex/kuka_ws/src/kuka-ros-trials/build/my_robot_movit_config': AMENT_PREFIX_PATH=/home/cortex/kuka_ws/src/kuka-ros-trials/install/my_robot_description:${AMENT_PREFIX_PATH} CMAKE_PREFIX_PATH=/home/cortex/kuka_ws/src/kuka-ros-trials/install/my_robot_description:/opt/ros/humble /usr/bin/cmake --build /home/cortex/kuka_ws/src/kuka-ros-trials/build/my_robot_movit_config -- -j20 -l20
[0.029s] Invoked command in '/home/cortex/kuka_ws/src/kuka-ros-trials/build/my_robot_movit_config' returned '0': AMENT_PREFIX_PATH=/home/cortex/kuka_ws/src/kuka-ros-trials/install/my_robot_description:${AMENT_PREFIX_PATH} CMAKE_PREFIX_PATH=/home/cortex/kuka_ws/src/kuka-ros-trials/install/my_robot_description:/opt/ros/humble /usr/bin/cmake --build /home/cortex/kuka_ws/src/kuka-ros-trials/build/my_robot_movit_config -- -j20 -l20
[0.030s] Invoking command in '/home/cortex/kuka_ws/src/kuka-ros-trials/build/my_robot_movit_config': AMENT_PREFIX_PATH=/home/cortex/kuka_ws/src/kuka-ros-trials/install/my_robot_description:${AMENT_PREFIX_PATH} CMAKE_PREFIX_PATH=/home/cortex/kuka_ws/src/kuka-ros-trials/install/my_robot_description:/opt/ros/humble /usr/bin/cmake --install /home/cortex/kuka_ws/src/kuka-ros-trials/build/my_robot_movit_config
[0.035s] -- Install configuration: ""
[0.035s] -- Up-to-date: /home/cortex/kuka_ws/src/kuka-ros-trials/install/my_robot_movit_config/share/ament_index/resource_index/package_run_dependencies/my_robot_movit_config
[0.035s] -- Up-to-date: /home/cortex/kuka_ws/src/kuka-ros-trials/install/my_robot_movit_config/share/ament_index/resource_index/parent_prefix_path/my_robot_movit_config
[0.035s] -- Up-to-date: /home/cortex/kuka_ws/src/kuka-ros-trials/install/my_robot_movit_config/share/my_robot_movit_config/environment/ament_prefix_path.sh
[0.035s] -- Up-to-date: /home/cortex/kuka_ws/src/kuka-ros-trials/install/my_robot_movit_config/share/my_robot_movit_config/environment/ament_prefix_path.dsv
[0.035s] -- Up-to-date: /home/cortex/kuka_ws/src/kuka-ros-trials/install/my_robot_movit_config/share/my_robot_movit_config/environment/path.sh
[0.035s] -- Up-to-date: /home/cortex/kuka_ws/src/kuka-ros-trials/install/my_robot_movit_config/share/my_robot_movit_config/environment/path.dsv
[0.035s] -- Up-to-date: /home/cortex/kuka_ws/src/kuka-ros-trials/install/my_robot_movit_config/share/my_robot_movit_config/local_setup.bash
[0.035s] -- Up-to-date: /home/cortex/kuka_ws/src/kuka-ros-trials/install/my_robot_movit_config/share/my_robot_movit_config/local_setup.sh
[0.035s] -- Up-to-date: /home/cortex/kuka_ws/src/kuka-ros-trials/install/my_robot_movit_config/share/my_robot_movit_config/local_setup.zsh
[0.035s] -- Up-to-date: /home/cortex/kuka_ws/src/kuka-ros-trials/install/my_robot_movit_config/share/my_robot_movit_config/local_setup.dsv
[0.035s] -- Installing: /home/cortex/kuka_ws/src/kuka-ros-trials/install/my_robot_movit_config/share/my_robot_movit_config/package.dsv
[0.035s] -- Up-to-date: /home/cortex/kuka_ws/src/kuka-ros-trials/install/my_robot_movit_config/share/ament_index/resource_index/packages/my_robot_movit_config
[0.035s] -- Up-to-date: /home/cortex/kuka_ws/src/kuka-ros-trials/install/my_robot_movit_config/share/my_robot_movit_config/cmake/my_robot_movit_configConfig.cmake
[0.036s] -- Up-to-date: /home/cortex/kuka_ws/src/kuka-ros-trials/install/my_robot_movit_config/share/my_robot_movit_config/cmake/my_robot_movit_configConfig-version.cmake
[0.036s] -- Up-to-date: /home/cortex/kuka_ws/src/kuka-ros-trials/install/my_robot_movit_config/share/my_robot_movit_config/package.xml
[0.036s] -- Up-to-date: /home/cortex/kuka_ws/src/kuka-ros-trials/install/my_robot_movit_config/share/my_robot_movit_config/launch
[0.036s] -- Up-to-date: /home/cortex/kuka_ws/src/kuka-ros-trials/install/my_robot_movit_config/share/my_robot_movit_config/launch/gazebo.launch.py
[0.036s] -- Up-to-date: /home/cortex/kuka_ws/src/kuka-ros-trials/install/my_robot_movit_config/share/my_robot_movit_config/launch/moveit_rviz.launch.py
[0.036s] -- Up-to-date: /home/cortex/kuka_ws/src/kuka-ros-trials/install/my_robot_movit_config/share/my_robot_movit_config/launch/rsp.launch.py
[0.036s] -- Up-to-date: /home/cortex/kuka_ws/src/kuka-ros-trials/install/my_robot_movit_config/share/my_robot_movit_config/launch/demo.launch.py
[0.036s] -- Up-to-date: /home/cortex/kuka_ws/src/kuka-ros-trials/install/my_robot_movit_config/share/my_robot_movit_config/launch/static_virtual_joint_tfs.launch.py
[0.036s] -- Up-to-date: /home/cortex/kuka_ws/src/kuka-ros-trials/install/my_robot_movit_config/share/my_robot_movit_config/launch/setup_assistant.launch.py
[0.036s] -- Up-to-date: /home/cortex/kuka_ws/src/kuka-ros-trials/install/my_robot_movit_config/share/my_robot_movit_config/launch/spawn_controllers.launch.py
[0.036s] -- Up-to-date: /home/cortex/kuka_ws/src/kuka-ros-trials/install/my_robot_movit_config/share/my_robot_movit_config/launch/warehouse_db.launch.py
[0.036s] -- Up-to-date: /home/cortex/kuka_ws/src/kuka-ros-trials/install/my_robot_movit_config/share/my_robot_movit_config/launch/move_group.launch.py
[0.036s] -- Up-to-date: /home/cortex/kuka_ws/src/kuka-ros-trials/install/my_robot_movit_config/share/my_robot_movit_config/config
[0.036s] -- Up-to-date: /home/cortex/kuka_ws/src/kuka-ros-trials/install/my_robot_movit_config/share/my_robot_movit_config/config/pilz_cartesian_limits.yaml
[0.036s] -- Up-to-date: /home/cortex/kuka_ws/src/kuka-ros-trials/install/my_robot_movit_config/share/my_robot_movit_config/config/joint_limits.yaml
[0.036s] -- Up-to-date: /home/cortex/kuka_ws/src/kuka-ros-trials/install/my_robot_movit_config/share/my_robot_movit_config/config/ros2_controllers.yaml
[0.036s] -- Up-to-date: /home/cortex/kuka_ws/src/kuka-ros-trials/install/my_robot_movit_config/share/my_robot_movit_config/config/kinematics.yaml
[0.036s] -- Up-to-date: /home/cortex/kuka_ws/src/kuka-ros-trials/install/my_robot_movit_config/share/my_robot_movit_config/config/my_robot.srdf
[0.036s] -- Up-to-date: /home/cortex/kuka_ws/src/kuka-ros-trials/install/my_robot_movit_config/share/my_robot_movit_config/config/my_robot.urdf.xacro
[0.036s] -- Up-to-date: /home/cortex/kuka_ws/src/kuka-ros-trials/install/my_robot_movit_config/share/my_robot_movit_config/config/moveit.rviz
[0.036s] -- Up-to-date: /home/cortex/kuka_ws/src/kuka-ros-trials/install/my_robot_movit_config/share/my_robot_movit_config/config/initial_positions.yaml
[0.036s] -- Up-to-date: /home/cortex/kuka_ws/src/kuka-ros-trials/install/my_robot_movit_config/share/my_robot_movit_config/config/my_robot.ros2_control.xacro
[0.036s] -- Up-to-date: /home/cortex/kuka_ws/src/kuka-ros-trials/install/my_robot_movit_config/share/my_robot_movit_config/config/moveit_controllers.yaml
[0.036s] -- Up-to-date: /home/cortex/kuka_ws/src/kuka-ros-trials/install/my_robot_movit_config/share/my_robot_movit_config/.setup_assistant
[0.038s] Invoked command in '/home/cortex/kuka_ws/src/kuka-ros-trials/build/my_robot_movit_config' returned '0': AMENT_PREFIX_PATH=/home/cortex/kuka_ws/src/kuka-ros-trials/install/my_robot_description:${AMENT_PREFIX_PATH} CMAKE_PREFIX_PATH=/home/cortex/kuka_ws/src/kuka-ros-trials/install/my_robot_description:/opt/ros/humble /usr/bin/cmake --install /home/cortex/kuka_ws/src/kuka-ros-trials/build/my_robot_movit_config
