[0.073s] DEBUG:colcon:Command line arguments: ['/usr/bin/colcon', 'build']
[0.073s] DEBUG:colcon:Parsed command line arguments: Namespace(log_base=None, log_level=None, verb_name='build', build_base='build', install_base='install', merge_install=False, symlink_install=False, test_result_base=None, continue_on_error=False, executor='parallel', parallel_workers=20, event_handlers=None, ignore_user_meta=False, metas=['./colcon.meta'], base_paths=['.'], packages_ignore=None, packages_ignore_regex=None, paths=None, packages_up_to=None, packages_up_to_regex=None, packages_above=None, packages_above_and_dependencies=None, packages_above_depth=None, packages_select_by_dep=None, packages_skip_by_dep=None, packages_skip_up_to=None, packages_select_build_failed=False, packages_skip_build_finished=False, packages_select_test_failures=False, packages_skip_test_passed=False, packages_select=None, packages_skip=None, packages_select_regex=None, packages_skip_regex=None, packages_start=None, packages_end=None, allow_overriding=[], cmake_args=None, cmake_target=None, cmake_target_skip_unavailable=False, cmake_clean_cache=False, cmake_clean_first=False, cmake_force_configure=False, ament_cmake_args=None, catkin_cmake_args=None, catkin_skip_building_tests=False, mixin_files=None, mixin=None, verb_parser=<colcon_mixin.mixin.mixin_argument.MixinArgumentDecorator object at 0x7d8f0ddc6ec0>, verb_extension=<colcon_core.verb.build.BuildVerb object at 0x7d8f0ddc6530>, main=<bound method BuildVerb.main of <colcon_core.verb.build.BuildVerb object at 0x7d8f0ddc6530>>, mixin_verb=('build',))
[0.176s] Level 1:colcon.colcon_core.package_discovery:discover_packages(colcon_meta) check parameters
[0.177s] Level 1:colcon.colcon_core.package_discovery:discover_packages(recursive) check parameters
[0.177s] Level 1:colcon.colcon_core.package_discovery:discover_packages(ignore) check parameters
[0.177s] Level 1:colcon.colcon_core.package_discovery:discover_packages(path) check parameters
[0.177s] Level 1:colcon.colcon_core.package_discovery:discover_packages(colcon_meta) discover
[0.177s] Level 1:colcon.colcon_core.package_discovery:discover_packages(recursive) discover
[0.177s] INFO:colcon.colcon_core.package_discovery:Crawling recursively for packages in '/home/cortex/kuka_ws/src/kuka-ros-trials'
[0.177s] Level 1:colcon.colcon_core.package_identification:_identify(.) by extensions ['ignore', 'ignore_ament_install']
[0.177s] Level 1:colcon.colcon_core.package_identification:_identify(.) by extension 'ignore'
[0.177s] Level 1:colcon.colcon_core.package_identification:_identify(.) by extension 'ignore_ament_install'
[0.177s] Level 1:colcon.colcon_core.package_identification:_identify(.) by extensions ['colcon_pkg']
[0.177s] Level 1:colcon.colcon_core.package_identification:_identify(.) by extension 'colcon_pkg'
[0.177s] Level 1:colcon.colcon_core.package_identification:_identify(.) by extensions ['colcon_meta']
[0.177s] Level 1:colcon.colcon_core.package_identification:_identify(.) by extension 'colcon_meta'
[0.177s] Level 1:colcon.colcon_core.package_identification:_identify(.) by extensions ['ros']
[0.177s] Level 1:colcon.colcon_core.package_identification:_identify(.) by extension 'ros'
[0.184s] Level 1:colcon.colcon_core.package_identification:_identify(.) by extensions ['cmake', 'python']
[0.184s] Level 1:colcon.colcon_core.package_identification:_identify(.) by extension 'cmake'
[0.184s] Level 1:colcon.colcon_core.package_identification:_identify(.) by extension 'python'
[0.184s] Level 1:colcon.colcon_core.package_identification:_identify(.) by extensions ['python_setup_py']
[0.184s] Level 1:colcon.colcon_core.package_identification:_identify(.) by extension 'python_setup_py'
[0.184s] Level 1:colcon.colcon_core.package_identification:_identify(build) by extensions ['ignore', 'ignore_ament_install']
[0.184s] Level 1:colcon.colcon_core.package_identification:_identify(build) by extension 'ignore'
[0.184s] Level 1:colcon.colcon_core.package_identification:_identify(build) ignored
[0.184s] Level 1:colcon.colcon_core.package_identification:_identify(install) by extensions ['ignore', 'ignore_ament_install']
[0.184s] Level 1:colcon.colcon_core.package_identification:_identify(install) by extension 'ignore'
[0.184s] Level 1:colcon.colcon_core.package_identification:_identify(install) ignored
[0.185s] Level 1:colcon.colcon_core.package_identification:_identify(kuka_commander) by extensions ['ignore', 'ignore_ament_install']
[0.185s] Level 1:colcon.colcon_core.package_identification:_identify(kuka_commander) by extension 'ignore'
[0.185s] Level 1:colcon.colcon_core.package_identification:_identify(kuka_commander) by extension 'ignore_ament_install'
[0.185s] Level 1:colcon.colcon_core.package_identification:_identify(kuka_commander) by extensions ['colcon_pkg']
[0.185s] Level 1:colcon.colcon_core.package_identification:_identify(kuka_commander) by extension 'colcon_pkg'
[0.185s] Level 1:colcon.colcon_core.package_identification:_identify(kuka_commander) by extensions ['colcon_meta']
[0.185s] Level 1:colcon.colcon_core.package_identification:_identify(kuka_commander) by extension 'colcon_meta'
[0.185s] Level 1:colcon.colcon_core.package_identification:_identify(kuka_commander) by extensions ['ros']
[0.185s] Level 1:colcon.colcon_core.package_identification:_identify(kuka_commander) by extension 'ros'
[0.187s] DEBUG:colcon.colcon_core.package_identification:Package 'kuka_commander' with type 'ros.ament_python' and name 'kuka_commander'
[0.187s] Level 1:colcon.colcon_core.package_identification:_identify(kuka_config) by extensions ['ignore', 'ignore_ament_install']
[0.187s] Level 1:colcon.colcon_core.package_identification:_identify(kuka_config) by extension 'ignore'
[0.187s] Level 1:colcon.colcon_core.package_identification:_identify(kuka_config) by extension 'ignore_ament_install'
[0.187s] Level 1:colcon.colcon_core.package_identification:_identify(kuka_config) by extensions ['colcon_pkg']
[0.187s] Level 1:colcon.colcon_core.package_identification:_identify(kuka_config) by extension 'colcon_pkg'
[0.187s] Level 1:colcon.colcon_core.package_identification:_identify(kuka_config) by extensions ['colcon_meta']
[0.187s] Level 1:colcon.colcon_core.package_identification:_identify(kuka_config) by extension 'colcon_meta'
[0.187s] Level 1:colcon.colcon_core.package_identification:_identify(kuka_config) by extensions ['ros']
[0.187s] Level 1:colcon.colcon_core.package_identification:_identify(kuka_config) by extension 'ros'
[0.188s] DEBUG:colcon.colcon_core.package_identification:Package 'kuka_config' with type 'ros.ament_cmake' and name 'kuka_config'
[0.188s] Level 1:colcon.colcon_core.package_identification:_identify(kuka_trials) by extensions ['ignore', 'ignore_ament_install']
[0.188s] Level 1:colcon.colcon_core.package_identification:_identify(kuka_trials) by extension 'ignore'
[0.188s] Level 1:colcon.colcon_core.package_identification:_identify(kuka_trials) by extension 'ignore_ament_install'
[0.188s] Level 1:colcon.colcon_core.package_identification:_identify(kuka_trials) by extensions ['colcon_pkg']
[0.188s] Level 1:colcon.colcon_core.package_identification:_identify(kuka_trials) by extension 'colcon_pkg'
[0.188s] Level 1:colcon.colcon_core.package_identification:_identify(kuka_trials) by extensions ['colcon_meta']
[0.188s] Level 1:colcon.colcon_core.package_identification:_identify(kuka_trials) by extension 'colcon_meta'
[0.188s] Level 1:colcon.colcon_core.package_identification:_identify(kuka_trials) by extensions ['ros']
[0.188s] Level 1:colcon.colcon_core.package_identification:_identify(kuka_trials) by extension 'ros'
[0.188s] DEBUG:colcon.colcon_core.package_identification:Package 'kuka_trials' with type 'ros.ament_python' and name 'kuka_trials'
[0.188s] Level 1:colcon.colcon_core.package_identification:_identify(log) by extensions ['ignore', 'ignore_ament_install']
[0.188s] Level 1:colcon.colcon_core.package_identification:_identify(log) by extension 'ignore'
[0.188s] Level 1:colcon.colcon_core.package_identification:_identify(log) ignored
[0.188s] Level 1:colcon.colcon_core.package_identification:_identify(my_robot_bringup) by extensions ['ignore', 'ignore_ament_install']
[0.188s] Level 1:colcon.colcon_core.package_identification:_identify(my_robot_bringup) by extension 'ignore'
[0.188s] Level 1:colcon.colcon_core.package_identification:_identify(my_robot_bringup) by extension 'ignore_ament_install'
[0.188s] Level 1:colcon.colcon_core.package_identification:_identify(my_robot_bringup) by extensions ['colcon_pkg']
[0.189s] Level 1:colcon.colcon_core.package_identification:_identify(my_robot_bringup) by extension 'colcon_pkg'
[0.189s] Level 1:colcon.colcon_core.package_identification:_identify(my_robot_bringup) by extensions ['colcon_meta']
[0.189s] Level 1:colcon.colcon_core.package_identification:_identify(my_robot_bringup) by extension 'colcon_meta'
[0.189s] Level 1:colcon.colcon_core.package_identification:_identify(my_robot_bringup) by extensions ['ros']
[0.189s] Level 1:colcon.colcon_core.package_identification:_identify(my_robot_bringup) by extension 'ros'
[0.194s] DEBUG:colcon.colcon_core.package_identification:Package 'my_robot_bringup' with type 'ros.ament_cmake' and name 'my_robot_bringup'
[0.194s] Level 1:colcon.colcon_core.package_identification:_identify(my_robot_commander_cpp) by extensions ['ignore', 'ignore_ament_install']
[0.194s] Level 1:colcon.colcon_core.package_identification:_identify(my_robot_commander_cpp) by extension 'ignore'
[0.194s] Level 1:colcon.colcon_core.package_identification:_identify(my_robot_commander_cpp) by extension 'ignore_ament_install'
[0.194s] Level 1:colcon.colcon_core.package_identification:_identify(my_robot_commander_cpp) by extensions ['colcon_pkg']
[0.194s] Level 1:colcon.colcon_core.package_identification:_identify(my_robot_commander_cpp) by extension 'colcon_pkg'
[0.194s] Level 1:colcon.colcon_core.package_identification:_identify(my_robot_commander_cpp) by extensions ['colcon_meta']
[0.194s] Level 1:colcon.colcon_core.package_identification:_identify(my_robot_commander_cpp) by extension 'colcon_meta'
[0.194s] Level 1:colcon.colcon_core.package_identification:_identify(my_robot_commander_cpp) by extensions ['ros']
[0.194s] Level 1:colcon.colcon_core.package_identification:_identify(my_robot_commander_cpp) by extension 'ros'
[0.195s] DEBUG:colcon.colcon_core.package_identification:Package 'my_robot_commander_cpp' with type 'ros.ament_cmake' and name 'my_robot_commander_cpp'
[0.195s] Level 1:colcon.colcon_core.package_identification:_identify(my_robot_description) by extensions ['ignore', 'ignore_ament_install']
[0.195s] Level 1:colcon.colcon_core.package_identification:_identify(my_robot_description) by extension 'ignore'
[0.195s] Level 1:colcon.colcon_core.package_identification:_identify(my_robot_description) by extension 'ignore_ament_install'
[0.195s] Level 1:colcon.colcon_core.package_identification:_identify(my_robot_description) by extensions ['colcon_pkg']
[0.195s] Level 1:colcon.colcon_core.package_identification:_identify(my_robot_description) by extension 'colcon_pkg'
[0.195s] Level 1:colcon.colcon_core.package_identification:_identify(my_robot_description) by extensions ['colcon_meta']
[0.195s] Level 1:colcon.colcon_core.package_identification:_identify(my_robot_description) by extension 'colcon_meta'
[0.195s] Level 1:colcon.colcon_core.package_identification:_identify(my_robot_description) by extensions ['ros']
[0.195s] Level 1:colcon.colcon_core.package_identification:_identify(my_robot_description) by extension 'ros'
[0.195s] DEBUG:colcon.colcon_core.package_identification:Package 'my_robot_description' with type 'ros.ament_cmake' and name 'my_robot_description'
[0.195s] Level 1:colcon.colcon_core.package_identification:_identify(my_robot_interfaces) by extensions ['ignore', 'ignore_ament_install']
[0.195s] Level 1:colcon.colcon_core.package_identification:_identify(my_robot_interfaces) by extension 'ignore'
[0.195s] Level 1:colcon.colcon_core.package_identification:_identify(my_robot_interfaces) by extension 'ignore_ament_install'
[0.196s] Level 1:colcon.colcon_core.package_identification:_identify(my_robot_interfaces) by extensions ['colcon_pkg']
[0.196s] Level 1:colcon.colcon_core.package_identification:_identify(my_robot_interfaces) by extension 'colcon_pkg'
[0.196s] Level 1:colcon.colcon_core.package_identification:_identify(my_robot_interfaces) by extensions ['colcon_meta']
[0.196s] Level 1:colcon.colcon_core.package_identification:_identify(my_robot_interfaces) by extension 'colcon_meta'
[0.196s] Level 1:colcon.colcon_core.package_identification:_identify(my_robot_interfaces) by extensions ['ros']
[0.196s] Level 1:colcon.colcon_core.package_identification:_identify(my_robot_interfaces) by extension 'ros'
[0.196s] DEBUG:colcon.colcon_core.package_identification:Package 'my_robot_interfaces' with type 'ros.ament_cmake' and name 'my_robot_interfaces'
[0.196s] Level 1:colcon.colcon_core.package_identification:_identify(my_robot_movit_config) by extensions ['ignore', 'ignore_ament_install']
[0.196s] Level 1:colcon.colcon_core.package_identification:_identify(my_robot_movit_config) by extension 'ignore'
[0.196s] Level 1:colcon.colcon_core.package_identification:_identify(my_robot_movit_config) by extension 'ignore_ament_install'
[0.196s] Level 1:colcon.colcon_core.package_identification:_identify(my_robot_movit_config) by extensions ['colcon_pkg']
[0.196s] Level 1:colcon.colcon_core.package_identification:_identify(my_robot_movit_config) by extension 'colcon_pkg'
[0.196s] Level 1:colcon.colcon_core.package_identification:_identify(my_robot_movit_config) by extensions ['colcon_meta']
[0.196s] Level 1:colcon.colcon_core.package_identification:_identify(my_robot_movit_config) by extension 'colcon_meta'
[0.196s] Level 1:colcon.colcon_core.package_identification:_identify(my_robot_movit_config) by extensions ['ros']
[0.196s] Level 1:colcon.colcon_core.package_identification:_identify(my_robot_movit_config) by extension 'ros'
[0.197s] DEBUG:colcon.colcon_core.package_identification:Package 'my_robot_movit_config' with type 'ros.ament_cmake' and name 'my_robot_movit_config'
[0.197s] Level 1:colcon.colcon_core.package_discovery:discover_packages(recursive) using defaults
[0.197s] Level 1:colcon.colcon_core.package_discovery:discover_packages(ignore) discover
[0.197s] Level 1:colcon.colcon_core.package_discovery:discover_packages(ignore) using defaults
[0.197s] Level 1:colcon.colcon_core.package_discovery:discover_packages(path) discover
[0.197s] Level 1:colcon.colcon_core.package_discovery:discover_packages(path) using defaults
[0.210s] Level 1:colcon.colcon_core.package_discovery:discover_packages(prefix_path) check parameters
[0.210s] Level 1:colcon.colcon_core.package_discovery:discover_packages(prefix_path) discover
[0.212s] DEBUG:colcon.colcon_installed_package_information.package_discovery:Found 375 installed packages in /opt/ros/humble
[0.213s] Level 1:colcon.colcon_core.package_discovery:discover_packages(prefix_path) using defaults
[0.239s] Level 5:colcon.colcon_core.verb:set package 'kuka_commander' build argument 'cmake_args' from command line to 'None'
[0.239s] Level 5:colcon.colcon_core.verb:set package 'kuka_commander' build argument 'cmake_target' from command line to 'None'
[0.239s] Level 5:colcon.colcon_core.verb:set package 'kuka_commander' build argument 'cmake_target_skip_unavailable' from command line to 'False'
[0.239s] Level 5:colcon.colcon_core.verb:set package 'kuka_commander' build argument 'cmake_clean_cache' from command line to 'False'
[0.239s] Level 5:colcon.colcon_core.verb:set package 'kuka_commander' build argument 'cmake_clean_first' from command line to 'False'
[0.239s] Level 5:colcon.colcon_core.verb:set package 'kuka_commander' build argument 'cmake_force_configure' from command line to 'False'
[0.239s] Level 5:colcon.colcon_core.verb:set package 'kuka_commander' build argument 'ament_cmake_args' from command line to 'None'
[0.239s] Level 5:colcon.colcon_core.verb:set package 'kuka_commander' build argument 'catkin_cmake_args' from command line to 'None'
[0.239s] Level 5:colcon.colcon_core.verb:set package 'kuka_commander' build argument 'catkin_skip_building_tests' from command line to 'False'
[0.239s] DEBUG:colcon.colcon_core.verb:Building package 'kuka_commander' with the following arguments: {'ament_cmake_args': None, 'build_base': '/home/cortex/kuka_ws/src/kuka-ros-trials/build/kuka_commander', 'catkin_cmake_args': None, 'catkin_skip_building_tests': False, 'cmake_args': None, 'cmake_clean_cache': False, 'cmake_clean_first': False, 'cmake_force_configure': False, 'cmake_target': None, 'cmake_target_skip_unavailable': False, 'install_base': '/home/cortex/kuka_ws/src/kuka-ros-trials/install/kuka_commander', 'merge_install': False, 'path': '/home/cortex/kuka_ws/src/kuka-ros-trials/kuka_commander', 'symlink_install': False, 'test_result_base': None}
[0.240s] Level 5:colcon.colcon_core.verb:set package 'kuka_trials' build argument 'cmake_args' from command line to 'None'
[0.240s] Level 5:colcon.colcon_core.verb:set package 'kuka_trials' build argument 'cmake_target' from command line to 'None'
[0.240s] Level 5:colcon.colcon_core.verb:set package 'kuka_trials' build argument 'cmake_target_skip_unavailable' from command line to 'False'
[0.240s] Level 5:colcon.colcon_core.verb:set package 'kuka_trials' build argument 'cmake_clean_cache' from command line to 'False'
[0.240s] Level 5:colcon.colcon_core.verb:set package 'kuka_trials' build argument 'cmake_clean_first' from command line to 'False'
[0.240s] Level 5:colcon.colcon_core.verb:set package 'kuka_trials' build argument 'cmake_force_configure' from command line to 'False'
[0.240s] Level 5:colcon.colcon_core.verb:set package 'kuka_trials' build argument 'ament_cmake_args' from command line to 'None'
[0.240s] Level 5:colcon.colcon_core.verb:set package 'kuka_trials' build argument 'catkin_cmake_args' from command line to 'None'
[0.240s] Level 5:colcon.colcon_core.verb:set package 'kuka_trials' build argument 'catkin_skip_building_tests' from command line to 'False'
[0.240s] DEBUG:colcon.colcon_core.verb:Building package 'kuka_trials' with the following arguments: {'ament_cmake_args': None, 'build_base': '/home/cortex/kuka_ws/src/kuka-ros-trials/build/kuka_trials', 'catkin_cmake_args': None, 'catkin_skip_building_tests': False, 'cmake_args': None, 'cmake_clean_cache': False, 'cmake_clean_first': False, 'cmake_force_configure': False, 'cmake_target': None, 'cmake_target_skip_unavailable': False, 'install_base': '/home/cortex/kuka_ws/src/kuka-ros-trials/install/kuka_trials', 'merge_install': False, 'path': '/home/cortex/kuka_ws/src/kuka-ros-trials/kuka_trials', 'symlink_install': False, 'test_result_base': None}
[0.240s] Level 5:colcon.colcon_core.verb:set package 'my_robot_description' build argument 'cmake_args' from command line to 'None'
[0.240s] Level 5:colcon.colcon_core.verb:set package 'my_robot_description' build argument 'cmake_target' from command line to 'None'
[0.240s] Level 5:colcon.colcon_core.verb:set package 'my_robot_description' build argument 'cmake_target_skip_unavailable' from command line to 'False'
[0.240s] Level 5:colcon.colcon_core.verb:set package 'my_robot_description' build argument 'cmake_clean_cache' from command line to 'False'
[0.240s] Level 5:colcon.colcon_core.verb:set package 'my_robot_description' build argument 'cmake_clean_first' from command line to 'False'
[0.240s] Level 5:colcon.colcon_core.verb:set package 'my_robot_description' build argument 'cmake_force_configure' from command line to 'False'
[0.240s] Level 5:colcon.colcon_core.verb:set package 'my_robot_description' build argument 'ament_cmake_args' from command line to 'None'
[0.240s] Level 5:colcon.colcon_core.verb:set package 'my_robot_description' build argument 'catkin_cmake_args' from command line to 'None'
[0.240s] Level 5:colcon.colcon_core.verb:set package 'my_robot_description' build argument 'catkin_skip_building_tests' from command line to 'False'
[0.240s] DEBUG:colcon.colcon_core.verb:Building package 'my_robot_description' with the following arguments: {'ament_cmake_args': None, 'build_base': '/home/cortex/kuka_ws/src/kuka-ros-trials/build/my_robot_description', 'catkin_cmake_args': None, 'catkin_skip_building_tests': False, 'cmake_args': None, 'cmake_clean_cache': False, 'cmake_clean_first': False, 'cmake_force_configure': False, 'cmake_target': None, 'cmake_target_skip_unavailable': False, 'install_base': '/home/cortex/kuka_ws/src/kuka-ros-trials/install/my_robot_description', 'merge_install': False, 'path': '/home/cortex/kuka_ws/src/kuka-ros-trials/my_robot_description', 'symlink_install': False, 'test_result_base': None}
[0.240s] Level 5:colcon.colcon_core.verb:set package 'my_robot_interfaces' build argument 'cmake_args' from command line to 'None'
[0.240s] Level 5:colcon.colcon_core.verb:set package 'my_robot_interfaces' build argument 'cmake_target' from command line to 'None'
[0.240s] Level 5:colcon.colcon_core.verb:set package 'my_robot_interfaces' build argument 'cmake_target_skip_unavailable' from command line to 'False'
[0.240s] Level 5:colcon.colcon_core.verb:set package 'my_robot_interfaces' build argument 'cmake_clean_cache' from command line to 'False'
[0.240s] Level 5:colcon.colcon_core.verb:set package 'my_robot_interfaces' build argument 'cmake_clean_first' from command line to 'False'
[0.240s] Level 5:colcon.colcon_core.verb:set package 'my_robot_interfaces' build argument 'cmake_force_configure' from command line to 'False'
[0.240s] Level 5:colcon.colcon_core.verb:set package 'my_robot_interfaces' build argument 'ament_cmake_args' from command line to 'None'
[0.240s] Level 5:colcon.colcon_core.verb:set package 'my_robot_interfaces' build argument 'catkin_cmake_args' from command line to 'None'
[0.240s] Level 5:colcon.colcon_core.verb:set package 'my_robot_interfaces' build argument 'catkin_skip_building_tests' from command line to 'False'
[0.240s] DEBUG:colcon.colcon_core.verb:Building package 'my_robot_interfaces' with the following arguments: {'ament_cmake_args': None, 'build_base': '/home/cortex/kuka_ws/src/kuka-ros-trials/build/my_robot_interfaces', 'catkin_cmake_args': None, 'catkin_skip_building_tests': False, 'cmake_args': None, 'cmake_clean_cache': False, 'cmake_clean_first': False, 'cmake_force_configure': False, 'cmake_target': None, 'cmake_target_skip_unavailable': False, 'install_base': '/home/cortex/kuka_ws/src/kuka-ros-trials/install/my_robot_interfaces', 'merge_install': False, 'path': '/home/cortex/kuka_ws/src/kuka-ros-trials/my_robot_interfaces', 'symlink_install': False, 'test_result_base': None}
[0.241s] Level 5:colcon.colcon_core.verb:set package 'kuka_config' build argument 'cmake_args' from command line to 'None'
[0.241s] Level 5:colcon.colcon_core.verb:set package 'kuka_config' build argument 'cmake_target' from command line to 'None'
[0.241s] Level 5:colcon.colcon_core.verb:set package 'kuka_config' build argument 'cmake_target_skip_unavailable' from command line to 'False'
[0.241s] Level 5:colcon.colcon_core.verb:set package 'kuka_config' build argument 'cmake_clean_cache' from command line to 'False'
[0.241s] Level 5:colcon.colcon_core.verb:set package 'kuka_config' build argument 'cmake_clean_first' from command line to 'False'
[0.241s] Level 5:colcon.colcon_core.verb:set package 'kuka_config' build argument 'cmake_force_configure' from command line to 'False'
[0.241s] Level 5:colcon.colcon_core.verb:set package 'kuka_config' build argument 'ament_cmake_args' from command line to 'None'
[0.241s] Level 5:colcon.colcon_core.verb:set package 'kuka_config' build argument 'catkin_cmake_args' from command line to 'None'
[0.241s] Level 5:colcon.colcon_core.verb:set package 'kuka_config' build argument 'catkin_skip_building_tests' from command line to 'False'
[0.241s] DEBUG:colcon.colcon_core.verb:Building package 'kuka_config' with the following arguments: {'ament_cmake_args': None, 'build_base': '/home/cortex/kuka_ws/src/kuka-ros-trials/build/kuka_config', 'catkin_cmake_args': None, 'catkin_skip_building_tests': False, 'cmake_args': None, 'cmake_clean_cache': False, 'cmake_clean_first': False, 'cmake_force_configure': False, 'cmake_target': None, 'cmake_target_skip_unavailable': False, 'install_base': '/home/cortex/kuka_ws/src/kuka-ros-trials/install/kuka_config', 'merge_install': False, 'path': '/home/cortex/kuka_ws/src/kuka-ros-trials/kuka_config', 'symlink_install': False, 'test_result_base': None}
[0.241s] Level 5:colcon.colcon_core.verb:set package 'my_robot_commander_cpp' build argument 'cmake_args' from command line to 'None'
[0.241s] Level 5:colcon.colcon_core.verb:set package 'my_robot_commander_cpp' build argument 'cmake_target' from command line to 'None'
[0.241s] Level 5:colcon.colcon_core.verb:set package 'my_robot_commander_cpp' build argument 'cmake_target_skip_unavailable' from command line to 'False'
[0.241s] Level 5:colcon.colcon_core.verb:set package 'my_robot_commander_cpp' build argument 'cmake_clean_cache' from command line to 'False'
[0.241s] Level 5:colcon.colcon_core.verb:set package 'my_robot_commander_cpp' build argument 'cmake_clean_first' from command line to 'False'
[0.241s] Level 5:colcon.colcon_core.verb:set package 'my_robot_commander_cpp' build argument 'cmake_force_configure' from command line to 'False'
[0.241s] Level 5:colcon.colcon_core.verb:set package 'my_robot_commander_cpp' build argument 'ament_cmake_args' from command line to 'None'
[0.241s] Level 5:colcon.colcon_core.verb:set package 'my_robot_commander_cpp' build argument 'catkin_cmake_args' from command line to 'None'
[0.241s] Level 5:colcon.colcon_core.verb:set package 'my_robot_commander_cpp' build argument 'catkin_skip_building_tests' from command line to 'False'
[0.241s] DEBUG:colcon.colcon_core.verb:Building package 'my_robot_commander_cpp' with the following arguments: {'ament_cmake_args': None, 'build_base': '/home/cortex/kuka_ws/src/kuka-ros-trials/build/my_robot_commander_cpp', 'catkin_cmake_args': None, 'catkin_skip_building_tests': False, 'cmake_args': None, 'cmake_clean_cache': False, 'cmake_clean_first': False, 'cmake_force_configure': False, 'cmake_target': None, 'cmake_target_skip_unavailable': False, 'install_base': '/home/cortex/kuka_ws/src/kuka-ros-trials/install/my_robot_commander_cpp', 'merge_install': False, 'path': '/home/cortex/kuka_ws/src/kuka-ros-trials/my_robot_commander_cpp', 'symlink_install': False, 'test_result_base': None}
[0.241s] Level 5:colcon.colcon_core.verb:set package 'my_robot_movit_config' build argument 'cmake_args' from command line to 'None'
[0.241s] Level 5:colcon.colcon_core.verb:set package 'my_robot_movit_config' build argument 'cmake_target' from command line to 'None'
[0.241s] Level 5:colcon.colcon_core.verb:set package 'my_robot_movit_config' build argument 'cmake_target_skip_unavailable' from command line to 'False'
[0.241s] Level 5:colcon.colcon_core.verb:set package 'my_robot_movit_config' build argument 'cmake_clean_cache' from command line to 'False'
[0.241s] Level 5:colcon.colcon_core.verb:set package 'my_robot_movit_config' build argument 'cmake_clean_first' from command line to 'False'
[0.241s] Level 5:colcon.colcon_core.verb:set package 'my_robot_movit_config' build argument 'cmake_force_configure' from command line to 'False'
[0.241s] Level 5:colcon.colcon_core.verb:set package 'my_robot_movit_config' build argument 'ament_cmake_args' from command line to 'None'
[0.241s] Level 5:colcon.colcon_core.verb:set package 'my_robot_movit_config' build argument 'catkin_cmake_args' from command line to 'None'
[0.241s] Level 5:colcon.colcon_core.verb:set package 'my_robot_movit_config' build argument 'catkin_skip_building_tests' from command line to 'False'
[0.241s] DEBUG:colcon.colcon_core.verb:Building package 'my_robot_movit_config' with the following arguments: {'ament_cmake_args': None, 'build_base': '/home/cortex/kuka_ws/src/kuka-ros-trials/build/my_robot_movit_config', 'catkin_cmake_args': None, 'catkin_skip_building_tests': False, 'cmake_args': None, 'cmake_clean_cache': False, 'cmake_clean_first': False, 'cmake_force_configure': False, 'cmake_target': None, 'cmake_target_skip_unavailable': False, 'install_base': '/home/cortex/kuka_ws/src/kuka-ros-trials/install/my_robot_movit_config', 'merge_install': False, 'path': '/home/cortex/kuka_ws/src/kuka-ros-trials/my_robot_movit_config', 'symlink_install': False, 'test_result_base': None}
[0.242s] Level 5:colcon.colcon_core.verb:set package 'my_robot_bringup' build argument 'cmake_args' from command line to 'None'
[0.242s] Level 5:colcon.colcon_core.verb:set package 'my_robot_bringup' build argument 'cmake_target' from command line to 'None'
[0.242s] Level 5:colcon.colcon_core.verb:set package 'my_robot_bringup' build argument 'cmake_target_skip_unavailable' from command line to 'False'
[0.242s] Level 5:colcon.colcon_core.verb:set package 'my_robot_bringup' build argument 'cmake_clean_cache' from command line to 'False'
[0.242s] Level 5:colcon.colcon_core.verb:set package 'my_robot_bringup' build argument 'cmake_clean_first' from command line to 'False'
[0.242s] Level 5:colcon.colcon_core.verb:set package 'my_robot_bringup' build argument 'cmake_force_configure' from command line to 'False'
[0.242s] Level 5:colcon.colcon_core.verb:set package 'my_robot_bringup' build argument 'ament_cmake_args' from command line to 'None'
[0.242s] Level 5:colcon.colcon_core.verb:set package 'my_robot_bringup' build argument 'catkin_cmake_args' from command line to 'None'
[0.242s] Level 5:colcon.colcon_core.verb:set package 'my_robot_bringup' build argument 'catkin_skip_building_tests' from command line to 'False'
[0.242s] DEBUG:colcon.colcon_core.verb:Building package 'my_robot_bringup' with the following arguments: {'ament_cmake_args': None, 'build_base': '/home/cortex/kuka_ws/src/kuka-ros-trials/build/my_robot_bringup', 'catkin_cmake_args': None, 'catkin_skip_building_tests': False, 'cmake_args': None, 'cmake_clean_cache': False, 'cmake_clean_first': False, 'cmake_force_configure': False, 'cmake_target': None, 'cmake_target_skip_unavailable': False, 'install_base': '/home/cortex/kuka_ws/src/kuka-ros-trials/install/my_robot_bringup', 'merge_install': False, 'path': '/home/cortex/kuka_ws/src/kuka-ros-trials/my_robot_bringup', 'symlink_install': False, 'test_result_base': None}
[0.242s] INFO:colcon.colcon_core.executor:Executing jobs using 'parallel' executor
[0.242s] DEBUG:colcon.colcon_parallel_executor.executor.parallel:run_until_complete
[0.243s] INFO:colcon.colcon_ros.task.ament_cmake.build:Building ROS package in '/home/cortex/kuka_ws/src/kuka-ros-trials/my_robot_description' with build type 'ament_cmake'
[0.243s] INFO:colcon.colcon_cmake.task.cmake.build:Building CMake package in '/home/cortex/kuka_ws/src/kuka-ros-trials/my_robot_description'
[0.244s] INFO:colcon.colcon_core.plugin_system:Skipping extension 'colcon_core.shell.bat': Not used on non-Windows systems
[0.244s] INFO:colcon.colcon_core.shell:Skip shell extension 'powershell' for command environment: Not usable outside of PowerShell
[0.244s] DEBUG:colcon.colcon_core.shell:Skip shell extension 'dsv' for command environment
[0.246s] INFO:colcon.colcon_ros.task.ament_python.build:Building ROS package in '/home/cortex/kuka_ws/src/kuka-ros-trials/kuka_trials' with build type 'ament_python'
[0.247s] Level 1:colcon.colcon_core.shell:create_environment_hook('kuka_trials', 'ament_prefix_path')
[0.247s] INFO:colcon.colcon_core.shell:Creating environment hook '/home/cortex/kuka_ws/src/kuka-ros-trials/install/kuka_trials/share/kuka_trials/hook/ament_prefix_path.ps1'
[0.247s] INFO:colcon.colcon_core.shell:Creating environment descriptor '/home/cortex/kuka_ws/src/kuka-ros-trials/install/kuka_trials/share/kuka_trials/hook/ament_prefix_path.dsv'
[0.247s] INFO:colcon.colcon_core.shell:Creating environment hook '/home/cortex/kuka_ws/src/kuka-ros-trials/install/kuka_trials/share/kuka_trials/hook/ament_prefix_path.sh'
[0.248s] INFO:colcon.colcon_core.shell:Skip shell extension 'powershell' for command environment: Not usable outside of PowerShell
[0.248s] DEBUG:colcon.colcon_core.shell:Skip shell extension 'dsv' for command environment
[0.250s] INFO:colcon.colcon_ros.task.ament_cmake.build:Building ROS package in '/home/cortex/kuka_ws/src/kuka-ros-trials/my_robot_interfaces' with build type 'ament_cmake'
[0.250s] INFO:colcon.colcon_cmake.task.cmake.build:Building CMake package in '/home/cortex/kuka_ws/src/kuka-ros-trials/my_robot_interfaces'
[0.250s] INFO:colcon.colcon_core.shell:Skip shell extension 'powershell' for command environment: Not usable outside of PowerShell
[0.250s] DEBUG:colcon.colcon_core.shell:Skip shell extension 'dsv' for command environment
[0.252s] INFO:colcon.colcon_ros.task.ament_python.build:Building ROS package in '/home/cortex/kuka_ws/src/kuka-ros-trials/kuka_commander' with build type 'ament_python'
[0.252s] Level 1:colcon.colcon_core.shell:create_environment_hook('kuka_commander', 'ament_prefix_path')
[0.252s] INFO:colcon.colcon_core.shell:Creating environment hook '/home/cortex/kuka_ws/src/kuka-ros-trials/install/kuka_commander/share/kuka_commander/hook/ament_prefix_path.ps1'
[0.252s] INFO:colcon.colcon_core.shell:Creating environment descriptor '/home/cortex/kuka_ws/src/kuka-ros-trials/install/kuka_commander/share/kuka_commander/hook/ament_prefix_path.dsv'
[0.252s] INFO:colcon.colcon_core.shell:Creating environment hook '/home/cortex/kuka_ws/src/kuka-ros-trials/install/kuka_commander/share/kuka_commander/hook/ament_prefix_path.sh'
[0.253s] INFO:colcon.colcon_core.shell:Skip shell extension 'powershell' for command environment: Not usable outside of PowerShell
[0.253s] DEBUG:colcon.colcon_core.shell:Skip shell extension 'dsv' for command environment
[0.259s] DEBUG:colcon.colcon_core.event_handler.log_command:Invoking command in '/home/cortex/kuka_ws/src/kuka-ros-trials/build/my_robot_description': CMAKE_PREFIX_PATH=/opt/ros/humble /usr/bin/cmake --build /home/cortex/kuka_ws/src/kuka-ros-trials/build/my_robot_description -- -j20 -l20
[0.419s] INFO:colcon.colcon_core.task.python.build:Building Python package in '/home/cortex/kuka_ws/src/kuka-ros-trials/kuka_trials'
[0.420s] INFO:colcon.colcon_core.shell:Skip shell extension 'powershell' for command environment: Not usable outside of PowerShell
[0.420s] DEBUG:colcon.colcon_core.shell:Skip shell extension 'dsv' for command environment
[0.425s] DEBUG:colcon.colcon_core.event_handler.log_command:Invoking command in '/home/cortex/kuka_ws/src/kuka-ros-trials/build/my_robot_interfaces': CMAKE_PREFIX_PATH=/opt/ros/humble /usr/bin/cmake --build /home/cortex/kuka_ws/src/kuka-ros-trials/build/my_robot_interfaces -- -j20 -l20
[0.599s] INFO:colcon.colcon_core.task.python.build:Building Python package in '/home/cortex/kuka_ws/src/kuka-ros-trials/kuka_commander'
[0.599s] INFO:colcon.colcon_core.shell:Skip shell extension 'powershell' for command environment: Not usable outside of PowerShell
[0.599s] DEBUG:colcon.colcon_core.shell:Skip shell extension 'dsv' for command environment
[0.603s] DEBUG:colcon.colcon_core.event_handler.log_command:Invoked command in '/home/cortex/kuka_ws/src/kuka-ros-trials/build/my_robot_description' returned '0': CMAKE_PREFIX_PATH=/opt/ros/humble /usr/bin/cmake --build /home/cortex/kuka_ws/src/kuka-ros-trials/build/my_robot_description -- -j20 -l20
[0.608s] DEBUG:colcon.colcon_core.event_handler.log_command:Invoking command in '/home/cortex/kuka_ws/src/kuka-ros-trials/build/my_robot_description': CMAKE_PREFIX_PATH=/opt/ros/humble /usr/bin/cmake --install /home/cortex/kuka_ws/src/kuka-ros-trials/build/my_robot_description
[0.615s] Level 1:colcon.colcon_core.environment:create_environment_scripts_only(my_robot_description)
[0.615s] DEBUG:colcon.colcon_core.event_handler.log_command:Invoked command in '/home/cortex/kuka_ws/src/kuka-ros-trials/build/my_robot_description' returned '0': CMAKE_PREFIX_PATH=/opt/ros/humble /usr/bin/cmake --install /home/cortex/kuka_ws/src/kuka-ros-trials/build/my_robot_description
[0.617s] Level 1:colcon.colcon_core.environment:checking '/home/cortex/kuka_ws/src/kuka-ros-trials/install/my_robot_description' for CMake module files
[0.618s] Level 1:colcon.colcon_core.environment:checking '/home/cortex/kuka_ws/src/kuka-ros-trials/install/my_robot_description' for CMake config files
[0.618s] Level 1:colcon.colcon_core.shell:create_environment_hook('my_robot_description', 'cmake_prefix_path')
[0.618s] INFO:colcon.colcon_core.shell:Creating environment hook '/home/cortex/kuka_ws/src/kuka-ros-trials/install/my_robot_description/share/my_robot_description/hook/cmake_prefix_path.ps1'
[0.618s] INFO:colcon.colcon_core.shell:Creating environment descriptor '/home/cortex/kuka_ws/src/kuka-ros-trials/install/my_robot_description/share/my_robot_description/hook/cmake_prefix_path.dsv'
[0.619s] INFO:colcon.colcon_core.shell:Creating environment hook '/home/cortex/kuka_ws/src/kuka-ros-trials/install/my_robot_description/share/my_robot_description/hook/cmake_prefix_path.sh'
[0.619s] Level 1:colcon.colcon_core.environment:checking '/home/cortex/kuka_ws/src/kuka-ros-trials/install/my_robot_description/bin'
[0.619s] Level 1:colcon.colcon_core.environment:checking '/home/cortex/kuka_ws/src/kuka-ros-trials/install/my_robot_description/lib/pkgconfig/my_robot_description.pc'
[0.619s] Level 1:colcon.colcon_core.environment:checking '/home/cortex/kuka_ws/src/kuka-ros-trials/install/my_robot_description/lib/python3.10/site-packages'
[0.620s] Level 1:colcon.colcon_core.environment:checking '/home/cortex/kuka_ws/src/kuka-ros-trials/install/my_robot_description/bin'
[0.620s] INFO:colcon.colcon_core.shell:Creating package script '/home/cortex/kuka_ws/src/kuka-ros-trials/install/my_robot_description/share/my_robot_description/package.ps1'
[0.620s] INFO:colcon.colcon_core.shell:Creating package descriptor '/home/cortex/kuka_ws/src/kuka-ros-trials/install/my_robot_description/share/my_robot_description/package.dsv'
[0.621s] INFO:colcon.colcon_core.shell:Creating package script '/home/cortex/kuka_ws/src/kuka-ros-trials/install/my_robot_description/share/my_robot_description/package.sh'
[0.621s] INFO:colcon.colcon_core.shell:Creating package script '/home/cortex/kuka_ws/src/kuka-ros-trials/install/my_robot_description/share/my_robot_description/package.bash'
[0.622s] INFO:colcon.colcon_core.shell:Creating package script '/home/cortex/kuka_ws/src/kuka-ros-trials/install/my_robot_description/share/my_robot_description/package.zsh'
[0.622s] Level 1:colcon.colcon_core.environment:create_file_with_runtime_dependencies(/home/cortex/kuka_ws/src/kuka-ros-trials/install/my_robot_description/share/colcon-core/packages/my_robot_description)
[0.622s] Level 1:colcon.colcon_core.environment:create_environment_scripts_only(my_robot_description)
[0.623s] Level 1:colcon.colcon_core.environment:checking '/home/cortex/kuka_ws/src/kuka-ros-trials/install/my_robot_description' for CMake module files
[0.623s] Level 1:colcon.colcon_core.environment:checking '/home/cortex/kuka_ws/src/kuka-ros-trials/install/my_robot_description' for CMake config files
[0.623s] Level 1:colcon.colcon_core.shell:create_environment_hook('my_robot_description', 'cmake_prefix_path')
[0.623s] INFO:colcon.colcon_core.shell:Creating environment hook '/home/cortex/kuka_ws/src/kuka-ros-trials/install/my_robot_description/share/my_robot_description/hook/cmake_prefix_path.ps1'
[0.623s] INFO:colcon.colcon_core.shell:Creating environment descriptor '/home/cortex/kuka_ws/src/kuka-ros-trials/install/my_robot_description/share/my_robot_description/hook/cmake_prefix_path.dsv'
[0.624s] INFO:colcon.colcon_core.shell:Creating environment hook '/home/cortex/kuka_ws/src/kuka-ros-trials/install/my_robot_description/share/my_robot_description/hook/cmake_prefix_path.sh'
[0.624s] Level 1:colcon.colcon_core.environment:checking '/home/cortex/kuka_ws/src/kuka-ros-trials/install/my_robot_description/bin'
[0.624s] Level 1:colcon.colcon_core.environment:checking '/home/cortex/kuka_ws/src/kuka-ros-trials/install/my_robot_description/lib/pkgconfig/my_robot_description.pc'
[0.624s] Level 1:colcon.colcon_core.environment:checking '/home/cortex/kuka_ws/src/kuka-ros-trials/install/my_robot_description/lib/python3.10/site-packages'
[0.624s] Level 1:colcon.colcon_core.environment:checking '/home/cortex/kuka_ws/src/kuka-ros-trials/install/my_robot_description/bin'
[0.625s] INFO:colcon.colcon_core.shell:Creating package script '/home/cortex/kuka_ws/src/kuka-ros-trials/install/my_robot_description/share/my_robot_description/package.ps1'
[0.625s] INFO:colcon.colcon_core.shell:Creating package descriptor '/home/cortex/kuka_ws/src/kuka-ros-trials/install/my_robot_description/share/my_robot_description/package.dsv'
[0.625s] INFO:colcon.colcon_core.shell:Creating package script '/home/cortex/kuka_ws/src/kuka-ros-trials/install/my_robot_description/share/my_robot_description/package.sh'
[0.625s] INFO:colcon.colcon_core.shell:Creating package script '/home/cortex/kuka_ws/src/kuka-ros-trials/install/my_robot_description/share/my_robot_description/package.bash'
[0.626s] INFO:colcon.colcon_core.shell:Creating package script '/home/cortex/kuka_ws/src/kuka-ros-trials/install/my_robot_description/share/my_robot_description/package.zsh'
[0.626s] Level 1:colcon.colcon_core.environment:create_file_with_runtime_dependencies(/home/cortex/kuka_ws/src/kuka-ros-trials/install/my_robot_description/share/colcon-core/packages/my_robot_description)
[0.626s] INFO:colcon.colcon_ros.task.ament_cmake.build:Building ROS package in '/home/cortex/kuka_ws/src/kuka-ros-trials/my_robot_movit_config' with build type 'ament_cmake'
[0.626s] INFO:colcon.colcon_cmake.task.cmake.build:Building CMake package in '/home/cortex/kuka_ws/src/kuka-ros-trials/my_robot_movit_config'
[0.626s] INFO:colcon.colcon_core.shell:Skip shell extension 'powershell' for command environment: Not usable outside of PowerShell
[0.626s] DEBUG:colcon.colcon_core.shell:Skip shell extension 'dsv' for command environment
[0.634s] DEBUG:colcon.colcon_core.event_handler.log_command:Invoking command in '/home/cortex/kuka_ws/src/kuka-ros-trials/build/my_robot_movit_config': AMENT_PREFIX_PATH=/home/cortex/kuka_ws/src/kuka-ros-trials/install/my_robot_description:${AMENT_PREFIX_PATH} CMAKE_PREFIX_PATH=/home/cortex/kuka_ws/src/kuka-ros-trials/install/my_robot_description:/opt/ros/humble /usr/bin/cmake --build /home/cortex/kuka_ws/src/kuka-ros-trials/build/my_robot_movit_config -- -j20 -l20
[0.656s] DEBUG:colcon.colcon_core.event_handler.log_command:Invoked command in '/home/cortex/kuka_ws/src/kuka-ros-trials/build/my_robot_movit_config' returned '0': AMENT_PREFIX_PATH=/home/cortex/kuka_ws/src/kuka-ros-trials/install/my_robot_description:${AMENT_PREFIX_PATH} CMAKE_PREFIX_PATH=/home/cortex/kuka_ws/src/kuka-ros-trials/install/my_robot_description:/opt/ros/humble /usr/bin/cmake --build /home/cortex/kuka_ws/src/kuka-ros-trials/build/my_robot_movit_config -- -j20 -l20
[0.657s] DEBUG:colcon.colcon_core.event_handler.log_command:Invoking command in '/home/cortex/kuka_ws/src/kuka-ros-trials/build/my_robot_movit_config': AMENT_PREFIX_PATH=/home/cortex/kuka_ws/src/kuka-ros-trials/install/my_robot_description:${AMENT_PREFIX_PATH} CMAKE_PREFIX_PATH=/home/cortex/kuka_ws/src/kuka-ros-trials/install/my_robot_description:/opt/ros/humble /usr/bin/cmake --install /home/cortex/kuka_ws/src/kuka-ros-trials/build/my_robot_movit_config
[0.664s] Level 1:colcon.colcon_core.environment:create_environment_scripts_only(my_robot_movit_config)
[0.665s] DEBUG:colcon.colcon_core.event_handler.log_command:Invoked command in '/home/cortex/kuka_ws/src/kuka-ros-trials/build/my_robot_movit_config' returned '0': AMENT_PREFIX_PATH=/home/cortex/kuka_ws/src/kuka-ros-trials/install/my_robot_description:${AMENT_PREFIX_PATH} CMAKE_PREFIX_PATH=/home/cortex/kuka_ws/src/kuka-ros-trials/install/my_robot_description:/opt/ros/humble /usr/bin/cmake --install /home/cortex/kuka_ws/src/kuka-ros-trials/build/my_robot_movit_config
[0.665s] Level 1:colcon.colcon_core.environment:checking '/home/cortex/kuka_ws/src/kuka-ros-trials/install/my_robot_movit_config' for CMake module files
[0.666s] Level 1:colcon.colcon_core.environment:checking '/home/cortex/kuka_ws/src/kuka-ros-trials/install/my_robot_movit_config' for CMake config files
[0.666s] Level 1:colcon.colcon_core.shell:create_environment_hook('my_robot_movit_config', 'cmake_prefix_path')
[0.666s] INFO:colcon.colcon_core.shell:Creating environment hook '/home/cortex/kuka_ws/src/kuka-ros-trials/install/my_robot_movit_config/share/my_robot_movit_config/hook/cmake_prefix_path.ps1'
[0.667s] INFO:colcon.colcon_core.shell:Creating environment descriptor '/home/cortex/kuka_ws/src/kuka-ros-trials/install/my_robot_movit_config/share/my_robot_movit_config/hook/cmake_prefix_path.dsv'
[0.667s] INFO:colcon.colcon_core.shell:Creating environment hook '/home/cortex/kuka_ws/src/kuka-ros-trials/install/my_robot_movit_config/share/my_robot_movit_config/hook/cmake_prefix_path.sh'
[0.667s] Level 1:colcon.colcon_core.environment:checking '/home/cortex/kuka_ws/src/kuka-ros-trials/install/my_robot_movit_config/bin'
[0.667s] Level 1:colcon.colcon_core.environment:checking '/home/cortex/kuka_ws/src/kuka-ros-trials/install/my_robot_movit_config/lib/pkgconfig/my_robot_movit_config.pc'
[0.668s] Level 1:colcon.colcon_core.environment:checking '/home/cortex/kuka_ws/src/kuka-ros-trials/install/my_robot_movit_config/lib/python3.10/site-packages'
[0.668s] Level 1:colcon.colcon_core.environment:checking '/home/cortex/kuka_ws/src/kuka-ros-trials/install/my_robot_movit_config/bin'
[0.668s] INFO:colcon.colcon_core.shell:Creating package script '/home/cortex/kuka_ws/src/kuka-ros-trials/install/my_robot_movit_config/share/my_robot_movit_config/package.ps1'
[0.668s] INFO:colcon.colcon_core.shell:Creating package descriptor '/home/cortex/kuka_ws/src/kuka-ros-trials/install/my_robot_movit_config/share/my_robot_movit_config/package.dsv'
[0.669s] INFO:colcon.colcon_core.shell:Creating package script '/home/cortex/kuka_ws/src/kuka-ros-trials/install/my_robot_movit_config/share/my_robot_movit_config/package.sh'
[0.669s] INFO:colcon.colcon_core.shell:Creating package script '/home/cortex/kuka_ws/src/kuka-ros-trials/install/my_robot_movit_config/share/my_robot_movit_config/package.bash'
[0.669s] INFO:colcon.colcon_core.shell:Creating package script '/home/cortex/kuka_ws/src/kuka-ros-trials/install/my_robot_movit_config/share/my_robot_movit_config/package.zsh'
[0.669s] Level 1:colcon.colcon_core.environment:create_file_with_runtime_dependencies(/home/cortex/kuka_ws/src/kuka-ros-trials/install/my_robot_movit_config/share/colcon-core/packages/my_robot_movit_config)
[0.670s] Level 1:colcon.colcon_core.environment:create_environment_scripts_only(my_robot_movit_config)
[0.670s] Level 1:colcon.colcon_core.environment:checking '/home/cortex/kuka_ws/src/kuka-ros-trials/install/my_robot_movit_config' for CMake module files
[0.670s] Level 1:colcon.colcon_core.environment:checking '/home/cortex/kuka_ws/src/kuka-ros-trials/install/my_robot_movit_config' for CMake config files
[0.670s] Level 1:colcon.colcon_core.shell:create_environment_hook('my_robot_movit_config', 'cmake_prefix_path')
[0.671s] INFO:colcon.colcon_core.shell:Creating environment hook '/home/cortex/kuka_ws/src/kuka-ros-trials/install/my_robot_movit_config/share/my_robot_movit_config/hook/cmake_prefix_path.ps1'
[0.671s] INFO:colcon.colcon_core.shell:Creating environment descriptor '/home/cortex/kuka_ws/src/kuka-ros-trials/install/my_robot_movit_config/share/my_robot_movit_config/hook/cmake_prefix_path.dsv'
[0.671s] INFO:colcon.colcon_core.shell:Creating environment hook '/home/cortex/kuka_ws/src/kuka-ros-trials/install/my_robot_movit_config/share/my_robot_movit_config/hook/cmake_prefix_path.sh'
[0.671s] Level 1:colcon.colcon_core.environment:checking '/home/cortex/kuka_ws/src/kuka-ros-trials/install/my_robot_movit_config/bin'
[0.671s] Level 1:colcon.colcon_core.environment:checking '/home/cortex/kuka_ws/src/kuka-ros-trials/install/my_robot_movit_config/lib/pkgconfig/my_robot_movit_config.pc'
[0.672s] Level 1:colcon.colcon_core.environment:checking '/home/cortex/kuka_ws/src/kuka-ros-trials/install/my_robot_movit_config/lib/python3.10/site-packages'
[0.672s] Level 1:colcon.colcon_core.environment:checking '/home/cortex/kuka_ws/src/kuka-ros-trials/install/my_robot_movit_config/bin'
[0.672s] INFO:colcon.colcon_core.shell:Creating package script '/home/cortex/kuka_ws/src/kuka-ros-trials/install/my_robot_movit_config/share/my_robot_movit_config/package.ps1'
[0.673s] INFO:colcon.colcon_core.shell:Creating package descriptor '/home/cortex/kuka_ws/src/kuka-ros-trials/install/my_robot_movit_config/share/my_robot_movit_config/package.dsv'
[0.673s] INFO:colcon.colcon_core.shell:Creating package script '/home/cortex/kuka_ws/src/kuka-ros-trials/install/my_robot_movit_config/share/my_robot_movit_config/package.sh'
[0.673s] INFO:colcon.colcon_core.shell:Creating package script '/home/cortex/kuka_ws/src/kuka-ros-trials/install/my_robot_movit_config/share/my_robot_movit_config/package.bash'
[0.673s] INFO:colcon.colcon_core.shell:Creating package script '/home/cortex/kuka_ws/src/kuka-ros-trials/install/my_robot_movit_config/share/my_robot_movit_config/package.zsh'
[0.674s] Level 1:colcon.colcon_core.environment:create_file_with_runtime_dependencies(/home/cortex/kuka_ws/src/kuka-ros-trials/install/my_robot_movit_config/share/colcon-core/packages/my_robot_movit_config)
[0.674s] INFO:colcon.colcon_ros.task.ament_cmake.build:Building ROS package in '/home/cortex/kuka_ws/src/kuka-ros-trials/my_robot_bringup' with build type 'ament_cmake'
[0.674s] INFO:colcon.colcon_cmake.task.cmake.build:Building CMake package in '/home/cortex/kuka_ws/src/kuka-ros-trials/my_robot_bringup'
[0.674s] INFO:colcon.colcon_core.shell:Skip shell extension 'powershell' for command environment: Not usable outside of PowerShell
[0.674s] DEBUG:colcon.colcon_core.shell:Skip shell extension 'dsv' for command environment
[0.679s] DEBUG:colcon.colcon_core.event_handler.log_command:Invoked command in '/home/cortex/kuka_ws/src/kuka-ros-trials/build/my_robot_interfaces' returned '0': CMAKE_PREFIX_PATH=/opt/ros/humble /usr/bin/cmake --build /home/cortex/kuka_ws/src/kuka-ros-trials/build/my_robot_interfaces -- -j20 -l20
[0.680s] DEBUG:colcon.colcon_core.event_handler.log_command:Invoking command in '/home/cortex/kuka_ws/src/kuka-ros-trials/build/my_robot_interfaces': CMAKE_PREFIX_PATH=/opt/ros/humble /usr/bin/cmake --install /home/cortex/kuka_ws/src/kuka-ros-trials/build/my_robot_interfaces
[0.684s] DEBUG:colcon.colcon_core.event_handler.log_command:Invoking command in '/home/cortex/kuka_ws/src/kuka-ros-trials/build/my_robot_bringup': AMENT_PREFIX_PATH=/home/cortex/kuka_ws/src/kuka-ros-trials/install/my_robot_movit_config:/home/cortex/kuka_ws/src/kuka-ros-trials/install/my_robot_description:${AMENT_PREFIX_PATH} CMAKE_PREFIX_PATH=/home/cortex/kuka_ws/src/kuka-ros-trials/install/my_robot_movit_config:/home/cortex/kuka_ws/src/kuka-ros-trials/install/my_robot_description:/opt/ros/humble /usr/bin/cmake --build /home/cortex/kuka_ws/src/kuka-ros-trials/build/my_robot_bringup -- -j20 -l20
[0.705s] DEBUG:colcon.colcon_core.event_handler.log_command:Invoked command in '/home/cortex/kuka_ws/src/kuka-ros-trials/build/my_robot_bringup' returned '0': AMENT_PREFIX_PATH=/home/cortex/kuka_ws/src/kuka-ros-trials/install/my_robot_movit_config:/home/cortex/kuka_ws/src/kuka-ros-trials/install/my_robot_description:${AMENT_PREFIX_PATH} CMAKE_PREFIX_PATH=/home/cortex/kuka_ws/src/kuka-ros-trials/install/my_robot_movit_config:/home/cortex/kuka_ws/src/kuka-ros-trials/install/my_robot_description:/opt/ros/humble /usr/bin/cmake --build /home/cortex/kuka_ws/src/kuka-ros-trials/build/my_robot_bringup -- -j20 -l20
[0.706s] DEBUG:colcon.colcon_core.event_handler.log_command:Invoking command in '/home/cortex/kuka_ws/src/kuka-ros-trials/build/my_robot_bringup': AMENT_PREFIX_PATH=/home/cortex/kuka_ws/src/kuka-ros-trials/install/my_robot_movit_config:/home/cortex/kuka_ws/src/kuka-ros-trials/install/my_robot_description:${AMENT_PREFIX_PATH} CMAKE_PREFIX_PATH=/home/cortex/kuka_ws/src/kuka-ros-trials/install/my_robot_movit_config:/home/cortex/kuka_ws/src/kuka-ros-trials/install/my_robot_description:/opt/ros/humble /usr/bin/cmake --install /home/cortex/kuka_ws/src/kuka-ros-trials/build/my_robot_bringup
[0.712s] DEBUG:colcon.colcon_core.event_handler.log_command:Invoked command in '/home/cortex/kuka_ws/src/kuka-ros-trials/build/my_robot_bringup' returned '1': AMENT_PREFIX_PATH=/home/cortex/kuka_ws/src/kuka-ros-trials/install/my_robot_movit_config:/home/cortex/kuka_ws/src/kuka-ros-trials/install/my_robot_description:${AMENT_PREFIX_PATH} CMAKE_PREFIX_PATH=/home/cortex/kuka_ws/src/kuka-ros-trials/install/my_robot_movit_config:/home/cortex/kuka_ws/src/kuka-ros-trials/install/my_robot_description:/opt/ros/humble /usr/bin/cmake --install /home/cortex/kuka_ws/src/kuka-ros-trials/build/my_robot_bringup
[0.712s] Level 1:colcon.colcon_core.environment:create_environment_scripts_only(my_robot_bringup)
[0.712s] Level 1:colcon.colcon_core.environment:checking '/home/cortex/kuka_ws/src/kuka-ros-trials/install/my_robot_bringup' for CMake module files
[0.713s] Level 1:colcon.colcon_core.environment:checking '/home/cortex/kuka_ws/src/kuka-ros-trials/install/my_robot_bringup' for CMake config files
[0.713s] Level 1:colcon.colcon_core.environment:checking '/home/cortex/kuka_ws/src/kuka-ros-trials/install/my_robot_bringup/bin'
[0.713s] Level 1:colcon.colcon_core.environment:checking '/home/cortex/kuka_ws/src/kuka-ros-trials/install/my_robot_bringup/lib/pkgconfig/my_robot_bringup.pc'
[0.714s] Level 1:colcon.colcon_core.environment:checking '/home/cortex/kuka_ws/src/kuka-ros-trials/install/my_robot_bringup/lib/python3.10/site-packages'
[0.714s] Level 1:colcon.colcon_core.environment:checking '/home/cortex/kuka_ws/src/kuka-ros-trials/install/my_robot_bringup/bin'
[0.714s] INFO:colcon.colcon_core.shell:Creating package script '/home/cortex/kuka_ws/src/kuka-ros-trials/install/my_robot_bringup/share/my_robot_bringup/package.ps1'
[0.715s] INFO:colcon.colcon_core.shell:Creating package descriptor '/home/cortex/kuka_ws/src/kuka-ros-trials/install/my_robot_bringup/share/my_robot_bringup/package.dsv'
[0.715s] INFO:colcon.colcon_core.shell:Creating package script '/home/cortex/kuka_ws/src/kuka-ros-trials/install/my_robot_bringup/share/my_robot_bringup/package.sh'
[0.716s] INFO:colcon.colcon_core.shell:Creating package script '/home/cortex/kuka_ws/src/kuka-ros-trials/install/my_robot_bringup/share/my_robot_bringup/package.bash'
[0.716s] INFO:colcon.colcon_core.shell:Creating package script '/home/cortex/kuka_ws/src/kuka-ros-trials/install/my_robot_bringup/share/my_robot_bringup/package.zsh'
[0.717s] Level 1:colcon.colcon_core.environment:create_file_with_runtime_dependencies(/home/cortex/kuka_ws/src/kuka-ros-trials/install/my_robot_bringup/share/colcon-core/packages/my_robot_bringup)
[0.864s] DEBUG:colcon.colcon_parallel_executor.executor.parallel:closing loop
[0.864s] DEBUG:colcon.colcon_parallel_executor.executor.parallel:loop closed
[0.864s] DEBUG:colcon.colcon_parallel_executor.executor.parallel:run_until_complete finished with '1'
[0.864s] DEBUG:colcon.colcon_core.event_reactor:joining thread
[0.868s] INFO:colcon.colcon_core.plugin_system:Skipping extension 'colcon_notification.desktop_notification.terminal_notifier': Not used on non-Darwin systems
[0.868s] INFO:colcon.colcon_core.plugin_system:Skipping extension 'colcon_notification.desktop_notification.win32': Not used on non-Windows systems
[0.868s] INFO:colcon.colcon_notification.desktop_notification:Sending desktop notification using 'notify2'
[0.879s] DEBUG:colcon.colcon_core.event_reactor:joined thread
[0.880s] INFO:colcon.colcon_core.shell:Creating prefix script '/home/cortex/kuka_ws/src/kuka-ros-trials/install/local_setup.ps1'
[0.880s] INFO:colcon.colcon_core.shell:Creating prefix util module '/home/cortex/kuka_ws/src/kuka-ros-trials/install/_local_setup_util_ps1.py'
[0.882s] INFO:colcon.colcon_core.shell:Creating prefix chain script '/home/cortex/kuka_ws/src/kuka-ros-trials/install/setup.ps1'
[0.882s] INFO:colcon.colcon_core.shell:Creating prefix script '/home/cortex/kuka_ws/src/kuka-ros-trials/install/local_setup.sh'
[0.883s] INFO:colcon.colcon_core.shell:Creating prefix util module '/home/cortex/kuka_ws/src/kuka-ros-trials/install/_local_setup_util_sh.py'
[0.884s] INFO:colcon.colcon_core.shell:Creating prefix chain script '/home/cortex/kuka_ws/src/kuka-ros-trials/install/setup.sh'
[0.885s] INFO:colcon.colcon_core.shell:Creating prefix script '/home/cortex/kuka_ws/src/kuka-ros-trials/install/local_setup.bash'
[0.885s] INFO:colcon.colcon_core.shell:Creating prefix chain script '/home/cortex/kuka_ws/src/kuka-ros-trials/install/setup.bash'
[0.886s] INFO:colcon.colcon_core.shell:Creating prefix script '/home/cortex/kuka_ws/src/kuka-ros-trials/install/local_setup.zsh'
[0.887s] INFO:colcon.colcon_core.shell:Creating prefix chain script '/home/cortex/kuka_ws/src/kuka-ros-trials/install/setup.zsh'
