[0.013s] Invoking command in '/home/cortex/kuka_ws/src/kuka-ros-trials/build/kuka_config': AMENT_PREFIX_PATH=/home/cortex/kuka_ws/src/kuka-ros-trials/install/kuka_trials:${AMENT_PREFIX_PATH} CMAKE_PREFIX_PATH=/opt/ros/humble PYTHONPATH=/home/cortex/kuka_ws/src/kuka-ros-trials/install/kuka_trials/lib/python3.10/site-packages:${PYTHONPATH} /usr/bin/cmake /home/cortex/kuka_ws/src/kuka-ros-trials/kuka_config -DCMAKE_INSTALL_PREFIX=/home/cortex/kuka_ws/src/kuka-ros-trials/install/kuka_config
[0.056s] -- The C compiler identification is GNU 11.4.0
[0.109s] -- The CXX compiler identification is GNU 11.4.0
[0.115s] -- Detecting C compiler ABI info
[0.180s] -- Detecting C compiler ABI info - done
[0.192s] -- Check for working C compiler: /usr/bin/cc - skipped
[0.192s] -- Detecting C compile features
[0.193s] -- Detecting C compile features - done
[0.205s] -- Detecting CXX compiler ABI info
[0.267s] -- Detecting CXX compiler ABI info - done
[0.278s] -- Check for working CXX compiler: /usr/bin/c++ - skipped
[0.278s] -- Detecting CXX compile features
[0.278s] -- Detecting CXX compile features - done
[0.288s] -- Found ament_cmake: 1.3.12 (/opt/ros/humble/share/ament_cmake/cmake)
[0.823s] -- Found Python3: /home/cortex/.pyenv/shims/python3 (found version "3.10.12") found components: Interpreter
[1.066s] -- Configuring done (1.1s)
[1.068s] -- Generating done (0.0s)
[1.068s] -- Build files have been written to: /home/cortex/kuka_ws/src/kuka-ros-trials/build/kuka_config
[1.072s] Invoked command in '/home/cortex/kuka_ws/src/kuka-ros-trials/build/kuka_config' returned '0': AMENT_PREFIX_PATH=/home/cortex/kuka_ws/src/kuka-ros-trials/install/kuka_trials:${AMENT_PREFIX_PATH} CMAKE_PREFIX_PATH=/opt/ros/humble PYTHONPATH=/home/cortex/kuka_ws/src/kuka-ros-trials/install/kuka_trials/lib/python3.10/site-packages:${PYTHONPATH} /usr/bin/cmake /home/cortex/kuka_ws/src/kuka-ros-trials/kuka_config -DCMAKE_INSTALL_PREFIX=/home/cortex/kuka_ws/src/kuka-ros-trials/install/kuka_config
[1.073s] Invoking command in '/home/cortex/kuka_ws/src/kuka-ros-trials/build/kuka_config': AMENT_PREFIX_PATH=/home/cortex/kuka_ws/src/kuka-ros-trials/install/kuka_trials:${AMENT_PREFIX_PATH} CMAKE_PREFIX_PATH=/opt/ros/humble PYTHONPATH=/home/cortex/kuka_ws/src/kuka-ros-trials/install/kuka_trials/lib/python3.10/site-packages:${PYTHONPATH} /usr/bin/cmake --build /home/cortex/kuka_ws/src/kuka-ros-trials/build/kuka_config -- -j20 -l20
[1.094s] Invoked command in '/home/cortex/kuka_ws/src/kuka-ros-trials/build/kuka_config' returned '0': AMENT_PREFIX_PATH=/home/cortex/kuka_ws/src/kuka-ros-trials/install/kuka_trials:${AMENT_PREFIX_PATH} CMAKE_PREFIX_PATH=/opt/ros/humble PYTHONPATH=/home/cortex/kuka_ws/src/kuka-ros-trials/install/kuka_trials/lib/python3.10/site-packages:${PYTHONPATH} /usr/bin/cmake --build /home/cortex/kuka_ws/src/kuka-ros-trials/build/kuka_config -- -j20 -l20
[1.096s] Invoking command in '/home/cortex/kuka_ws/src/kuka-ros-trials/build/kuka_config': AMENT_PREFIX_PATH=/home/cortex/kuka_ws/src/kuka-ros-trials/install/kuka_trials:${AMENT_PREFIX_PATH} CMAKE_PREFIX_PATH=/opt/ros/humble PYTHONPATH=/home/cortex/kuka_ws/src/kuka-ros-trials/install/kuka_trials/lib/python3.10/site-packages:${PYTHONPATH} /usr/bin/cmake --install /home/cortex/kuka_ws/src/kuka-ros-trials/build/kuka_config
[1.100s] -- Install configuration: ""
[1.100s] -- Installing: /home/cortex/kuka_ws/src/kuka-ros-trials/install/kuka_config/share/ament_index/resource_index/package_run_dependencies/kuka_config
[1.100s] -- Installing: /home/cortex/kuka_ws/src/kuka-ros-trials/install/kuka_config/share/ament_index/resource_index/parent_prefix_path/kuka_config
[1.100s] -- Installing: /home/cortex/kuka_ws/src/kuka-ros-trials/install/kuka_config/share/kuka_config/environment/ament_prefix_path.sh
[1.100s] -- Installing: /home/cortex/kuka_ws/src/kuka-ros-trials/install/kuka_config/share/kuka_config/environment/ament_prefix_path.dsv
[1.100s] -- Installing: /home/cortex/kuka_ws/src/kuka-ros-trials/install/kuka_config/share/kuka_config/environment/path.sh
[1.100s] -- Installing: /home/cortex/kuka_ws/src/kuka-ros-trials/install/kuka_config/share/kuka_config/environment/path.dsv
[1.100s] -- Installing: /home/cortex/kuka_ws/src/kuka-ros-trials/install/kuka_config/share/kuka_config/local_setup.bash
[1.100s] -- Installing: /home/cortex/kuka_ws/src/kuka-ros-trials/install/kuka_config/share/kuka_config/local_setup.sh
[1.100s] -- Installing: /home/cortex/kuka_ws/src/kuka-ros-trials/install/kuka_config/share/kuka_config/local_setup.zsh
[1.101s] -- Installing: /home/cortex/kuka_ws/src/kuka-ros-trials/install/kuka_config/share/kuka_config/local_setup.dsv
[1.101s] -- Installing: /home/cortex/kuka_ws/src/kuka-ros-trials/install/kuka_config/share/kuka_config/package.dsv
[1.101s] -- Installing: /home/cortex/kuka_ws/src/kuka-ros-trials/install/kuka_config/share/ament_index/resource_index/packages/kuka_config
[1.101s] -- Installing: /home/cortex/kuka_ws/src/kuka-ros-trials/install/kuka_config/share/kuka_config/cmake/kuka_configConfig.cmake
[1.101s] -- Installing: /home/cortex/kuka_ws/src/kuka-ros-trials/install/kuka_config/share/kuka_config/cmake/kuka_configConfig-version.cmake
[1.101s] -- Installing: /home/cortex/kuka_ws/src/kuka-ros-trials/install/kuka_config/share/kuka_config/package.xml
[1.101s] -- Installing: /home/cortex/kuka_ws/src/kuka-ros-trials/install/kuka_config/share/kuka_config/launch
[1.101s] -- Installing: /home/cortex/kuka_ws/src/kuka-ros-trials/install/kuka_config/share/kuka_config/launch/gazebo.launch.py
[1.101s] -- Installing: /home/cortex/kuka_ws/src/kuka-ros-trials/install/kuka_config/share/kuka_config/launch/moveit_rviz.launch.py
[1.101s] -- Installing: /home/cortex/kuka_ws/src/kuka-ros-trials/install/kuka_config/share/kuka_config/launch/rsp.launch.py
[1.101s] -- Installing: /home/cortex/kuka_ws/src/kuka-ros-trials/install/kuka_config/share/kuka_config/launch/demo.launch.py
[1.101s] -- Installing: /home/cortex/kuka_ws/src/kuka-ros-trials/install/kuka_config/share/kuka_config/launch/static_virtual_joint_tfs.launch.py
[1.101s] -- Installing: /home/cortex/kuka_ws/src/kuka-ros-trials/install/kuka_config/share/kuka_config/launch/setup_assistant.launch.py
[1.101s] -- Installing: /home/cortex/kuka_ws/src/kuka-ros-trials/install/kuka_config/share/kuka_config/launch/spawn_controllers.launch.py
[1.102s] -- Installing: /home/cortex/kuka_ws/src/kuka-ros-trials/install/kuka_config/share/kuka_config/launch/warehouse_db.launch.py
[1.102s] -- Installing: /home/cortex/kuka_ws/src/kuka-ros-trials/install/kuka_config/share/kuka_config/launch/move_group.launch.py
[1.102s] -- Installing: /home/cortex/kuka_ws/src/kuka-ros-trials/install/kuka_config/share/kuka_config/config
[1.102s] -- Installing: /home/cortex/kuka_ws/src/kuka-ros-trials/install/kuka_config/share/kuka_config/config/pilz_cartesian_limits.yaml
[1.102s] -- Installing: /home/cortex/kuka_ws/src/kuka-ros-trials/install/kuka_config/share/kuka_config/config/joint_limits.yaml
[1.102s] -- Installing: /home/cortex/kuka_ws/src/kuka-ros-trials/install/kuka_config/share/kuka_config/config/ros2_controllers.yaml
[1.102s] -- Installing: /home/cortex/kuka_ws/src/kuka-ros-trials/install/kuka_config/share/kuka_config/config/kinematics.yaml
[1.102s] -- Installing: /home/cortex/kuka_ws/src/kuka-ros-trials/install/kuka_config/share/kuka_config/config/kuka_kr10r1420.srdf
[1.102s] -- Installing: /home/cortex/kuka_ws/src/kuka-ros-trials/install/kuka_config/share/kuka_config/config/moveit.rviz
[1.102s] -- Installing: /home/cortex/kuka_ws/src/kuka-ros-trials/install/kuka_config/share/kuka_config/config/kuka_kr10r1420.ros2_control.xacro
[1.102s] -- Installing: /home/cortex/kuka_ws/src/kuka-ros-trials/install/kuka_config/share/kuka_config/config/initial_positions.yaml
[1.102s] -- Installing: /home/cortex/kuka_ws/src/kuka-ros-trials/install/kuka_config/share/kuka_config/config/kuka_kr10r1420.urdf.xacro
[1.102s] -- Installing: /home/cortex/kuka_ws/src/kuka-ros-trials/install/kuka_config/share/kuka_config/config/moveit_controllers.yaml
[1.102s] -- Installing: /home/cortex/kuka_ws/src/kuka-ros-trials/install/kuka_config/share/kuka_config/.setup_assistant
[1.105s] Invoked command in '/home/cortex/kuka_ws/src/kuka-ros-trials/build/kuka_config' returned '0': AMENT_PREFIX_PATH=/home/cortex/kuka_ws/src/kuka-ros-trials/install/kuka_trials:${AMENT_PREFIX_PATH} CMAKE_PREFIX_PATH=/opt/ros/humble PYTHONPATH=/home/cortex/kuka_ws/src/kuka-ros-trials/install/kuka_trials/lib/python3.10/site-packages:${PYTHONPATH} /usr/bin/cmake --install /home/cortex/kuka_ws/src/kuka-ros-trials/build/kuka_config
