[0.070s] DEBUG:colcon:Command line arguments: ['/usr/bin/colcon', 'build']
[0.070s] DEBUG:colcon:Parsed command line arguments: Namespace(log_base=None, log_level=None, verb_name='build', build_base='build', install_base='install', merge_install=False, symlink_install=False, test_result_base=None, continue_on_error=False, executor='parallel', parallel_workers=20, event_handlers=None, ignore_user_meta=False, metas=['./colcon.meta'], base_paths=['.'], packages_ignore=None, packages_ignore_regex=None, paths=None, packages_up_to=None, packages_up_to_regex=None, packages_above=None, packages_above_and_dependencies=None, packages_above_depth=None, packages_select_by_dep=None, packages_skip_by_dep=None, packages_skip_up_to=None, packages_select_build_failed=False, packages_skip_build_finished=False, packages_select_test_failures=False, packages_skip_test_passed=False, packages_select=None, packages_skip=None, packages_select_regex=None, packages_skip_regex=None, packages_start=None, packages_end=None, allow_overriding=[], cmake_args=None, cmake_target=None, cmake_target_skip_unavailable=False, cmake_clean_cache=False, cmake_clean_first=False, cmake_force_configure=False, ament_cmake_args=None, catkin_cmake_args=None, catkin_skip_building_tests=False, mixin_files=None, mixin=None, verb_parser=<colcon_mixin.mixin.mixin_argument.MixinArgumentDecorator object at 0x7d15a4752e60>, verb_extension=<colcon_core.verb.build.BuildVerb object at 0x7d15a47524d0>, main=<bound method BuildVerb.main of <colcon_core.verb.build.BuildVerb object at 0x7d15a47524d0>>, mixin_verb=('build',))
[0.173s] Level 1:colcon.colcon_core.package_discovery:discover_packages(colcon_meta) check parameters
[0.173s] Level 1:colcon.colcon_core.package_discovery:discover_packages(recursive) check parameters
[0.173s] Level 1:colcon.colcon_core.package_discovery:discover_packages(ignore) check parameters
[0.173s] Level 1:colcon.colcon_core.package_discovery:discover_packages(path) check parameters
[0.174s] Level 1:colcon.colcon_core.package_discovery:discover_packages(colcon_meta) discover
[0.174s] Level 1:colcon.colcon_core.package_discovery:discover_packages(recursive) discover
[0.174s] INFO:colcon.colcon_core.package_discovery:Crawling recursively for packages in '/home/cortex/kuka_ws/src/kuka-ros-trials'
[0.174s] Level 1:colcon.colcon_core.package_identification:_identify(.) by extensions ['ignore', 'ignore_ament_install']
[0.174s] Level 1:colcon.colcon_core.package_identification:_identify(.) by extension 'ignore'
[0.174s] Level 1:colcon.colcon_core.package_identification:_identify(.) by extension 'ignore_ament_install'
[0.174s] Level 1:colcon.colcon_core.package_identification:_identify(.) by extensions ['colcon_pkg']
[0.174s] Level 1:colcon.colcon_core.package_identification:_identify(.) by extension 'colcon_pkg'
[0.174s] Level 1:colcon.colcon_core.package_identification:_identify(.) by extensions ['colcon_meta']
[0.174s] Level 1:colcon.colcon_core.package_identification:_identify(.) by extension 'colcon_meta'
[0.174s] Level 1:colcon.colcon_core.package_identification:_identify(.) by extensions ['ros']
[0.174s] Level 1:colcon.colcon_core.package_identification:_identify(.) by extension 'ros'
[0.181s] Level 1:colcon.colcon_core.package_identification:_identify(.) by extensions ['cmake', 'python']
[0.181s] Level 1:colcon.colcon_core.package_identification:_identify(.) by extension 'cmake'
[0.181s] Level 1:colcon.colcon_core.package_identification:_identify(.) by extension 'python'
[0.181s] Level 1:colcon.colcon_core.package_identification:_identify(.) by extensions ['python_setup_py']
[0.181s] Level 1:colcon.colcon_core.package_identification:_identify(.) by extension 'python_setup_py'
[0.181s] Level 1:colcon.colcon_core.package_identification:_identify(build) by extensions ['ignore', 'ignore_ament_install']
[0.181s] Level 1:colcon.colcon_core.package_identification:_identify(build) by extension 'ignore'
[0.181s] Level 1:colcon.colcon_core.package_identification:_identify(build) ignored
[0.181s] Level 1:colcon.colcon_core.package_identification:_identify(install) by extensions ['ignore', 'ignore_ament_install']
[0.181s] Level 1:colcon.colcon_core.package_identification:_identify(install) by extension 'ignore'
[0.181s] Level 1:colcon.colcon_core.package_identification:_identify(install) ignored
[0.181s] Level 1:colcon.colcon_core.package_identification:_identify(kuka_commander) by extensions ['ignore', 'ignore_ament_install']
[0.181s] Level 1:colcon.colcon_core.package_identification:_identify(kuka_commander) by extension 'ignore'
[0.181s] Level 1:colcon.colcon_core.package_identification:_identify(kuka_commander) by extension 'ignore_ament_install'
[0.182s] Level 1:colcon.colcon_core.package_identification:_identify(kuka_commander) by extensions ['colcon_pkg']
[0.182s] Level 1:colcon.colcon_core.package_identification:_identify(kuka_commander) by extension 'colcon_pkg'
[0.182s] Level 1:colcon.colcon_core.package_identification:_identify(kuka_commander) by extensions ['colcon_meta']
[0.182s] Level 1:colcon.colcon_core.package_identification:_identify(kuka_commander) by extension 'colcon_meta'
[0.182s] Level 1:colcon.colcon_core.package_identification:_identify(kuka_commander) by extensions ['ros']
[0.182s] Level 1:colcon.colcon_core.package_identification:_identify(kuka_commander) by extension 'ros'
[0.184s] DEBUG:colcon.colcon_core.package_identification:Package 'kuka_commander' with type 'ros.ament_python' and name 'kuka_commander'
[0.184s] Level 1:colcon.colcon_core.package_identification:_identify(kuka_config) by extensions ['ignore', 'ignore_ament_install']
[0.184s] Level 1:colcon.colcon_core.package_identification:_identify(kuka_config) by extension 'ignore'
[0.184s] Level 1:colcon.colcon_core.package_identification:_identify(kuka_config) by extension 'ignore_ament_install'
[0.184s] Level 1:colcon.colcon_core.package_identification:_identify(kuka_config) by extensions ['colcon_pkg']
[0.184s] Level 1:colcon.colcon_core.package_identification:_identify(kuka_config) by extension 'colcon_pkg'
[0.184s] Level 1:colcon.colcon_core.package_identification:_identify(kuka_config) by extensions ['colcon_meta']
[0.184s] Level 1:colcon.colcon_core.package_identification:_identify(kuka_config) by extension 'colcon_meta'
[0.184s] Level 1:colcon.colcon_core.package_identification:_identify(kuka_config) by extensions ['ros']
[0.184s] Level 1:colcon.colcon_core.package_identification:_identify(kuka_config) by extension 'ros'
[0.185s] DEBUG:colcon.colcon_core.package_identification:Package 'kuka_config' with type 'ros.ament_cmake' and name 'kuka_config'
[0.185s] Level 1:colcon.colcon_core.package_identification:_identify(kuka_trials) by extensions ['ignore', 'ignore_ament_install']
[0.185s] Level 1:colcon.colcon_core.package_identification:_identify(kuka_trials) by extension 'ignore'
[0.185s] Level 1:colcon.colcon_core.package_identification:_identify(kuka_trials) by extension 'ignore_ament_install'
[0.185s] Level 1:colcon.colcon_core.package_identification:_identify(kuka_trials) by extensions ['colcon_pkg']
[0.185s] Level 1:colcon.colcon_core.package_identification:_identify(kuka_trials) by extension 'colcon_pkg'
[0.185s] Level 1:colcon.colcon_core.package_identification:_identify(kuka_trials) by extensions ['colcon_meta']
[0.185s] Level 1:colcon.colcon_core.package_identification:_identify(kuka_trials) by extension 'colcon_meta'
[0.185s] Level 1:colcon.colcon_core.package_identification:_identify(kuka_trials) by extensions ['ros']
[0.185s] Level 1:colcon.colcon_core.package_identification:_identify(kuka_trials) by extension 'ros'
[0.185s] DEBUG:colcon.colcon_core.package_identification:Package 'kuka_trials' with type 'ros.ament_python' and name 'kuka_trials'
[0.185s] Level 1:colcon.colcon_core.package_identification:_identify(log) by extensions ['ignore', 'ignore_ament_install']
[0.185s] Level 1:colcon.colcon_core.package_identification:_identify(log) by extension 'ignore'
[0.185s] Level 1:colcon.colcon_core.package_identification:_identify(log) ignored
[0.185s] Level 1:colcon.colcon_core.package_identification:_identify(my_robot_bringup) by extensions ['ignore', 'ignore_ament_install']
[0.186s] Level 1:colcon.colcon_core.package_identification:_identify(my_robot_bringup) by extension 'ignore'
[0.186s] Level 1:colcon.colcon_core.package_identification:_identify(my_robot_bringup) by extension 'ignore_ament_install'
[0.186s] Level 1:colcon.colcon_core.package_identification:_identify(my_robot_bringup) by extensions ['colcon_pkg']
[0.186s] Level 1:colcon.colcon_core.package_identification:_identify(my_robot_bringup) by extension 'colcon_pkg'
[0.186s] Level 1:colcon.colcon_core.package_identification:_identify(my_robot_bringup) by extensions ['colcon_meta']
[0.186s] Level 1:colcon.colcon_core.package_identification:_identify(my_robot_bringup) by extension 'colcon_meta'
[0.186s] Level 1:colcon.colcon_core.package_identification:_identify(my_robot_bringup) by extensions ['ros']
[0.186s] Level 1:colcon.colcon_core.package_identification:_identify(my_robot_bringup) by extension 'ros'
[0.193s] DEBUG:colcon.colcon_core.package_identification:Package 'my_robot_bringup' with type 'ros.ament_cmake' and name 'my_robot_bringup'
[0.193s] Level 1:colcon.colcon_core.package_identification:_identify(my_robot_commander_cpp) by extensions ['ignore', 'ignore_ament_install']
[0.193s] Level 1:colcon.colcon_core.package_identification:_identify(my_robot_commander_cpp) by extension 'ignore'
[0.193s] Level 1:colcon.colcon_core.package_identification:_identify(my_robot_commander_cpp) by extension 'ignore_ament_install'
[0.193s] Level 1:colcon.colcon_core.package_identification:_identify(my_robot_commander_cpp) by extensions ['colcon_pkg']
[0.193s] Level 1:colcon.colcon_core.package_identification:_identify(my_robot_commander_cpp) by extension 'colcon_pkg'
[0.193s] Level 1:colcon.colcon_core.package_identification:_identify(my_robot_commander_cpp) by extensions ['colcon_meta']
[0.193s] Level 1:colcon.colcon_core.package_identification:_identify(my_robot_commander_cpp) by extension 'colcon_meta'
[0.193s] Level 1:colcon.colcon_core.package_identification:_identify(my_robot_commander_cpp) by extensions ['ros']
[0.193s] Level 1:colcon.colcon_core.package_identification:_identify(my_robot_commander_cpp) by extension 'ros'
[0.194s] DEBUG:colcon.colcon_core.package_identification:Package 'my_robot_commander_cpp' with type 'ros.ament_cmake' and name 'my_robot_commander_cpp'
[0.194s] Level 1:colcon.colcon_core.package_identification:_identify(my_robot_description) by extensions ['ignore', 'ignore_ament_install']
[0.194s] Level 1:colcon.colcon_core.package_identification:_identify(my_robot_description) by extension 'ignore'
[0.194s] Level 1:colcon.colcon_core.package_identification:_identify(my_robot_description) by extension 'ignore_ament_install'
[0.194s] Level 1:colcon.colcon_core.package_identification:_identify(my_robot_description) by extensions ['colcon_pkg']
[0.194s] Level 1:colcon.colcon_core.package_identification:_identify(my_robot_description) by extension 'colcon_pkg'
[0.194s] Level 1:colcon.colcon_core.package_identification:_identify(my_robot_description) by extensions ['colcon_meta']
[0.194s] Level 1:colcon.colcon_core.package_identification:_identify(my_robot_description) by extension 'colcon_meta'
[0.194s] Level 1:colcon.colcon_core.package_identification:_identify(my_robot_description) by extensions ['ros']
[0.194s] Level 1:colcon.colcon_core.package_identification:_identify(my_robot_description) by extension 'ros'
[0.195s] DEBUG:colcon.colcon_core.package_identification:Package 'my_robot_description' with type 'ros.ament_cmake' and name 'my_robot_description'
[0.195s] Level 1:colcon.colcon_core.package_identification:_identify(my_robot_interfaces) by extensions ['ignore', 'ignore_ament_install']
[0.195s] Level 1:colcon.colcon_core.package_identification:_identify(my_robot_interfaces) by extension 'ignore'
[0.195s] Level 1:colcon.colcon_core.package_identification:_identify(my_robot_interfaces) by extension 'ignore_ament_install'
[0.195s] Level 1:colcon.colcon_core.package_identification:_identify(my_robot_interfaces) by extensions ['colcon_pkg']
[0.195s] Level 1:colcon.colcon_core.package_identification:_identify(my_robot_interfaces) by extension 'colcon_pkg'
[0.195s] Level 1:colcon.colcon_core.package_identification:_identify(my_robot_interfaces) by extensions ['colcon_meta']
[0.195s] Level 1:colcon.colcon_core.package_identification:_identify(my_robot_interfaces) by extension 'colcon_meta'
[0.195s] Level 1:colcon.colcon_core.package_identification:_identify(my_robot_interfaces) by extensions ['ros']
[0.195s] Level 1:colcon.colcon_core.package_identification:_identify(my_robot_interfaces) by extension 'ros'
[0.195s] DEBUG:colcon.colcon_core.package_identification:Package 'my_robot_interfaces' with type 'ros.ament_cmake' and name 'my_robot_interfaces'
[0.195s] Level 1:colcon.colcon_core.package_identification:_identify(my_robot_movit_config) by extensions ['ignore', 'ignore_ament_install']
[0.195s] Level 1:colcon.colcon_core.package_identification:_identify(my_robot_movit_config) by extension 'ignore'
[0.195s] Level 1:colcon.colcon_core.package_identification:_identify(my_robot_movit_config) by extension 'ignore_ament_install'
[0.195s] Level 1:colcon.colcon_core.package_identification:_identify(my_robot_movit_config) by extensions ['colcon_pkg']
[0.195s] Level 1:colcon.colcon_core.package_identification:_identify(my_robot_movit_config) by extension 'colcon_pkg'
[0.195s] Level 1:colcon.colcon_core.package_identification:_identify(my_robot_movit_config) by extensions ['colcon_meta']
[0.195s] Level 1:colcon.colcon_core.package_identification:_identify(my_robot_movit_config) by extension 'colcon_meta'
[0.195s] Level 1:colcon.colcon_core.package_identification:_identify(my_robot_movit_config) by extensions ['ros']
[0.195s] Level 1:colcon.colcon_core.package_identification:_identify(my_robot_movit_config) by extension 'ros'
[0.196s] DEBUG:colcon.colcon_core.package_identification:Package 'my_robot_movit_config' with type 'ros.ament_cmake' and name 'my_robot_movit_config'
[0.196s] Level 1:colcon.colcon_core.package_discovery:discover_packages(recursive) using defaults
[0.196s] Level 1:colcon.colcon_core.package_discovery:discover_packages(ignore) discover
[0.196s] Level 1:colcon.colcon_core.package_discovery:discover_packages(ignore) using defaults
[0.196s] Level 1:colcon.colcon_core.package_discovery:discover_packages(path) discover
[0.196s] Level 1:colcon.colcon_core.package_discovery:discover_packages(path) using defaults
[0.210s] Level 1:colcon.colcon_core.package_discovery:discover_packages(prefix_path) check parameters
[0.210s] Level 1:colcon.colcon_core.package_discovery:discover_packages(prefix_path) discover
[0.212s] DEBUG:colcon.colcon_installed_package_information.package_discovery:Found 375 installed packages in /opt/ros/humble
[0.213s] Level 1:colcon.colcon_core.package_discovery:discover_packages(prefix_path) using defaults
[0.240s] Level 5:colcon.colcon_core.verb:set package 'kuka_commander' build argument 'cmake_args' from command line to 'None'
[0.240s] Level 5:colcon.colcon_core.verb:set package 'kuka_commander' build argument 'cmake_target' from command line to 'None'
[0.240s] Level 5:colcon.colcon_core.verb:set package 'kuka_commander' build argument 'cmake_target_skip_unavailable' from command line to 'False'
[0.240s] Level 5:colcon.colcon_core.verb:set package 'kuka_commander' build argument 'cmake_clean_cache' from command line to 'False'
[0.241s] Level 5:colcon.colcon_core.verb:set package 'kuka_commander' build argument 'cmake_clean_first' from command line to 'False'
[0.241s] Level 5:colcon.colcon_core.verb:set package 'kuka_commander' build argument 'cmake_force_configure' from command line to 'False'
[0.241s] Level 5:colcon.colcon_core.verb:set package 'kuka_commander' build argument 'ament_cmake_args' from command line to 'None'
[0.241s] Level 5:colcon.colcon_core.verb:set package 'kuka_commander' build argument 'catkin_cmake_args' from command line to 'None'
[0.241s] Level 5:colcon.colcon_core.verb:set package 'kuka_commander' build argument 'catkin_skip_building_tests' from command line to 'False'
[0.241s] DEBUG:colcon.colcon_core.verb:Building package 'kuka_commander' with the following arguments: {'ament_cmake_args': None, 'build_base': '/home/cortex/kuka_ws/src/kuka-ros-trials/build/kuka_commander', 'catkin_cmake_args': None, 'catkin_skip_building_tests': False, 'cmake_args': None, 'cmake_clean_cache': False, 'cmake_clean_first': False, 'cmake_force_configure': False, 'cmake_target': None, 'cmake_target_skip_unavailable': False, 'install_base': '/home/cortex/kuka_ws/src/kuka-ros-trials/install/kuka_commander', 'merge_install': False, 'path': '/home/cortex/kuka_ws/src/kuka-ros-trials/kuka_commander', 'symlink_install': False, 'test_result_base': None}
[0.241s] Level 5:colcon.colcon_core.verb:set package 'kuka_trials' build argument 'cmake_args' from command line to 'None'
[0.241s] Level 5:colcon.colcon_core.verb:set package 'kuka_trials' build argument 'cmake_target' from command line to 'None'
[0.241s] Level 5:colcon.colcon_core.verb:set package 'kuka_trials' build argument 'cmake_target_skip_unavailable' from command line to 'False'
[0.241s] Level 5:colcon.colcon_core.verb:set package 'kuka_trials' build argument 'cmake_clean_cache' from command line to 'False'
[0.241s] Level 5:colcon.colcon_core.verb:set package 'kuka_trials' build argument 'cmake_clean_first' from command line to 'False'
[0.241s] Level 5:colcon.colcon_core.verb:set package 'kuka_trials' build argument 'cmake_force_configure' from command line to 'False'
[0.241s] Level 5:colcon.colcon_core.verb:set package 'kuka_trials' build argument 'ament_cmake_args' from command line to 'None'
[0.241s] Level 5:colcon.colcon_core.verb:set package 'kuka_trials' build argument 'catkin_cmake_args' from command line to 'None'
[0.241s] Level 5:colcon.colcon_core.verb:set package 'kuka_trials' build argument 'catkin_skip_building_tests' from command line to 'False'
[0.241s] DEBUG:colcon.colcon_core.verb:Building package 'kuka_trials' with the following arguments: {'ament_cmake_args': None, 'build_base': '/home/cortex/kuka_ws/src/kuka-ros-trials/build/kuka_trials', 'catkin_cmake_args': None, 'catkin_skip_building_tests': False, 'cmake_args': None, 'cmake_clean_cache': False, 'cmake_clean_first': False, 'cmake_force_configure': False, 'cmake_target': None, 'cmake_target_skip_unavailable': False, 'install_base': '/home/cortex/kuka_ws/src/kuka-ros-trials/install/kuka_trials', 'merge_install': False, 'path': '/home/cortex/kuka_ws/src/kuka-ros-trials/kuka_trials', 'symlink_install': False, 'test_result_base': None}
[0.241s] Level 5:colcon.colcon_core.verb:set package 'my_robot_description' build argument 'cmake_args' from command line to 'None'
[0.241s] Level 5:colcon.colcon_core.verb:set package 'my_robot_description' build argument 'cmake_target' from command line to 'None'
[0.241s] Level 5:colcon.colcon_core.verb:set package 'my_robot_description' build argument 'cmake_target_skip_unavailable' from command line to 'False'
[0.241s] Level 5:colcon.colcon_core.verb:set package 'my_robot_description' build argument 'cmake_clean_cache' from command line to 'False'
[0.241s] Level 5:colcon.colcon_core.verb:set package 'my_robot_description' build argument 'cmake_clean_first' from command line to 'False'
[0.241s] Level 5:colcon.colcon_core.verb:set package 'my_robot_description' build argument 'cmake_force_configure' from command line to 'False'
[0.241s] Level 5:colcon.colcon_core.verb:set package 'my_robot_description' build argument 'ament_cmake_args' from command line to 'None'
[0.241s] Level 5:colcon.colcon_core.verb:set package 'my_robot_description' build argument 'catkin_cmake_args' from command line to 'None'
[0.241s] Level 5:colcon.colcon_core.verb:set package 'my_robot_description' build argument 'catkin_skip_building_tests' from command line to 'False'
[0.241s] DEBUG:colcon.colcon_core.verb:Building package 'my_robot_description' with the following arguments: {'ament_cmake_args': None, 'build_base': '/home/cortex/kuka_ws/src/kuka-ros-trials/build/my_robot_description', 'catkin_cmake_args': None, 'catkin_skip_building_tests': False, 'cmake_args': None, 'cmake_clean_cache': False, 'cmake_clean_first': False, 'cmake_force_configure': False, 'cmake_target': None, 'cmake_target_skip_unavailable': False, 'install_base': '/home/cortex/kuka_ws/src/kuka-ros-trials/install/my_robot_description', 'merge_install': False, 'path': '/home/cortex/kuka_ws/src/kuka-ros-trials/my_robot_description', 'symlink_install': False, 'test_result_base': None}
[0.241s] Level 5:colcon.colcon_core.verb:set package 'my_robot_interfaces' build argument 'cmake_args' from command line to 'None'
[0.241s] Level 5:colcon.colcon_core.verb:set package 'my_robot_interfaces' build argument 'cmake_target' from command line to 'None'
[0.241s] Level 5:colcon.colcon_core.verb:set package 'my_robot_interfaces' build argument 'cmake_target_skip_unavailable' from command line to 'False'
[0.241s] Level 5:colcon.colcon_core.verb:set package 'my_robot_interfaces' build argument 'cmake_clean_cache' from command line to 'False'
[0.241s] Level 5:colcon.colcon_core.verb:set package 'my_robot_interfaces' build argument 'cmake_clean_first' from command line to 'False'
[0.242s] Level 5:colcon.colcon_core.verb:set package 'my_robot_interfaces' build argument 'cmake_force_configure' from command line to 'False'
[0.242s] Level 5:colcon.colcon_core.verb:set package 'my_robot_interfaces' build argument 'ament_cmake_args' from command line to 'None'
[0.242s] Level 5:colcon.colcon_core.verb:set package 'my_robot_interfaces' build argument 'catkin_cmake_args' from command line to 'None'
[0.242s] Level 5:colcon.colcon_core.verb:set package 'my_robot_interfaces' build argument 'catkin_skip_building_tests' from command line to 'False'
[0.242s] DEBUG:colcon.colcon_core.verb:Building package 'my_robot_interfaces' with the following arguments: {'ament_cmake_args': None, 'build_base': '/home/cortex/kuka_ws/src/kuka-ros-trials/build/my_robot_interfaces', 'catkin_cmake_args': None, 'catkin_skip_building_tests': False, 'cmake_args': None, 'cmake_clean_cache': False, 'cmake_clean_first': False, 'cmake_force_configure': False, 'cmake_target': None, 'cmake_target_skip_unavailable': False, 'install_base': '/home/cortex/kuka_ws/src/kuka-ros-trials/install/my_robot_interfaces', 'merge_install': False, 'path': '/home/cortex/kuka_ws/src/kuka-ros-trials/my_robot_interfaces', 'symlink_install': False, 'test_result_base': None}
[0.242s] Level 5:colcon.colcon_core.verb:set package 'kuka_config' build argument 'cmake_args' from command line to 'None'
[0.242s] Level 5:colcon.colcon_core.verb:set package 'kuka_config' build argument 'cmake_target' from command line to 'None'
[0.242s] Level 5:colcon.colcon_core.verb:set package 'kuka_config' build argument 'cmake_target_skip_unavailable' from command line to 'False'
[0.242s] Level 5:colcon.colcon_core.verb:set package 'kuka_config' build argument 'cmake_clean_cache' from command line to 'False'
[0.242s] Level 5:colcon.colcon_core.verb:set package 'kuka_config' build argument 'cmake_clean_first' from command line to 'False'
[0.242s] Level 5:colcon.colcon_core.verb:set package 'kuka_config' build argument 'cmake_force_configure' from command line to 'False'
[0.242s] Level 5:colcon.colcon_core.verb:set package 'kuka_config' build argument 'ament_cmake_args' from command line to 'None'
[0.242s] Level 5:colcon.colcon_core.verb:set package 'kuka_config' build argument 'catkin_cmake_args' from command line to 'None'
[0.242s] Level 5:colcon.colcon_core.verb:set package 'kuka_config' build argument 'catkin_skip_building_tests' from command line to 'False'
[0.242s] DEBUG:colcon.colcon_core.verb:Building package 'kuka_config' with the following arguments: {'ament_cmake_args': None, 'build_base': '/home/cortex/kuka_ws/src/kuka-ros-trials/build/kuka_config', 'catkin_cmake_args': None, 'catkin_skip_building_tests': False, 'cmake_args': None, 'cmake_clean_cache': False, 'cmake_clean_first': False, 'cmake_force_configure': False, 'cmake_target': None, 'cmake_target_skip_unavailable': False, 'install_base': '/home/cortex/kuka_ws/src/kuka-ros-trials/install/kuka_config', 'merge_install': False, 'path': '/home/cortex/kuka_ws/src/kuka-ros-trials/kuka_config', 'symlink_install': False, 'test_result_base': None}
[0.242s] Level 5:colcon.colcon_core.verb:set package 'my_robot_commander_cpp' build argument 'cmake_args' from command line to 'None'
[0.242s] Level 5:colcon.colcon_core.verb:set package 'my_robot_commander_cpp' build argument 'cmake_target' from command line to 'None'
[0.242s] Level 5:colcon.colcon_core.verb:set package 'my_robot_commander_cpp' build argument 'cmake_target_skip_unavailable' from command line to 'False'
[0.242s] Level 5:colcon.colcon_core.verb:set package 'my_robot_commander_cpp' build argument 'cmake_clean_cache' from command line to 'False'
[0.242s] Level 5:colcon.colcon_core.verb:set package 'my_robot_commander_cpp' build argument 'cmake_clean_first' from command line to 'False'
[0.242s] Level 5:colcon.colcon_core.verb:set package 'my_robot_commander_cpp' build argument 'cmake_force_configure' from command line to 'False'
[0.242s] Level 5:colcon.colcon_core.verb:set package 'my_robot_commander_cpp' build argument 'ament_cmake_args' from command line to 'None'
[0.242s] Level 5:colcon.colcon_core.verb:set package 'my_robot_commander_cpp' build argument 'catkin_cmake_args' from command line to 'None'
[0.242s] Level 5:colcon.colcon_core.verb:set package 'my_robot_commander_cpp' build argument 'catkin_skip_building_tests' from command line to 'False'
[0.242s] DEBUG:colcon.colcon_core.verb:Building package 'my_robot_commander_cpp' with the following arguments: {'ament_cmake_args': None, 'build_base': '/home/cortex/kuka_ws/src/kuka-ros-trials/build/my_robot_commander_cpp', 'catkin_cmake_args': None, 'catkin_skip_building_tests': False, 'cmake_args': None, 'cmake_clean_cache': False, 'cmake_clean_first': False, 'cmake_force_configure': False, 'cmake_target': None, 'cmake_target_skip_unavailable': False, 'install_base': '/home/cortex/kuka_ws/src/kuka-ros-trials/install/my_robot_commander_cpp', 'merge_install': False, 'path': '/home/cortex/kuka_ws/src/kuka-ros-trials/my_robot_commander_cpp', 'symlink_install': False, 'test_result_base': None}
[0.242s] Level 5:colcon.colcon_core.verb:set package 'my_robot_movit_config' build argument 'cmake_args' from command line to 'None'
[0.242s] Level 5:colcon.colcon_core.verb:set package 'my_robot_movit_config' build argument 'cmake_target' from command line to 'None'
[0.242s] Level 5:colcon.colcon_core.verb:set package 'my_robot_movit_config' build argument 'cmake_target_skip_unavailable' from command line to 'False'
[0.242s] Level 5:colcon.colcon_core.verb:set package 'my_robot_movit_config' build argument 'cmake_clean_cache' from command line to 'False'
[0.242s] Level 5:colcon.colcon_core.verb:set package 'my_robot_movit_config' build argument 'cmake_clean_first' from command line to 'False'
[0.242s] Level 5:colcon.colcon_core.verb:set package 'my_robot_movit_config' build argument 'cmake_force_configure' from command line to 'False'
[0.242s] Level 5:colcon.colcon_core.verb:set package 'my_robot_movit_config' build argument 'ament_cmake_args' from command line to 'None'
[0.242s] Level 5:colcon.colcon_core.verb:set package 'my_robot_movit_config' build argument 'catkin_cmake_args' from command line to 'None'
[0.242s] Level 5:colcon.colcon_core.verb:set package 'my_robot_movit_config' build argument 'catkin_skip_building_tests' from command line to 'False'
[0.242s] DEBUG:colcon.colcon_core.verb:Building package 'my_robot_movit_config' with the following arguments: {'ament_cmake_args': None, 'build_base': '/home/cortex/kuka_ws/src/kuka-ros-trials/build/my_robot_movit_config', 'catkin_cmake_args': None, 'catkin_skip_building_tests': False, 'cmake_args': None, 'cmake_clean_cache': False, 'cmake_clean_first': False, 'cmake_force_configure': False, 'cmake_target': None, 'cmake_target_skip_unavailable': False, 'install_base': '/home/cortex/kuka_ws/src/kuka-ros-trials/install/my_robot_movit_config', 'merge_install': False, 'path': '/home/cortex/kuka_ws/src/kuka-ros-trials/my_robot_movit_config', 'symlink_install': False, 'test_result_base': None}
[0.243s] Level 5:colcon.colcon_core.verb:set package 'my_robot_bringup' build argument 'cmake_args' from command line to 'None'
[0.243s] Level 5:colcon.colcon_core.verb:set package 'my_robot_bringup' build argument 'cmake_target' from command line to 'None'
[0.243s] Level 5:colcon.colcon_core.verb:set package 'my_robot_bringup' build argument 'cmake_target_skip_unavailable' from command line to 'False'
[0.243s] Level 5:colcon.colcon_core.verb:set package 'my_robot_bringup' build argument 'cmake_clean_cache' from command line to 'False'
[0.243s] Level 5:colcon.colcon_core.verb:set package 'my_robot_bringup' build argument 'cmake_clean_first' from command line to 'False'
[0.243s] Level 5:colcon.colcon_core.verb:set package 'my_robot_bringup' build argument 'cmake_force_configure' from command line to 'False'
[0.243s] Level 5:colcon.colcon_core.verb:set package 'my_robot_bringup' build argument 'ament_cmake_args' from command line to 'None'
[0.243s] Level 5:colcon.colcon_core.verb:set package 'my_robot_bringup' build argument 'catkin_cmake_args' from command line to 'None'
[0.243s] Level 5:colcon.colcon_core.verb:set package 'my_robot_bringup' build argument 'catkin_skip_building_tests' from command line to 'False'
[0.243s] DEBUG:colcon.colcon_core.verb:Building package 'my_robot_bringup' with the following arguments: {'ament_cmake_args': None, 'build_base': '/home/cortex/kuka_ws/src/kuka-ros-trials/build/my_robot_bringup', 'catkin_cmake_args': None, 'catkin_skip_building_tests': False, 'cmake_args': None, 'cmake_clean_cache': False, 'cmake_clean_first': False, 'cmake_force_configure': False, 'cmake_target': None, 'cmake_target_skip_unavailable': False, 'install_base': '/home/cortex/kuka_ws/src/kuka-ros-trials/install/my_robot_bringup', 'merge_install': False, 'path': '/home/cortex/kuka_ws/src/kuka-ros-trials/my_robot_bringup', 'symlink_install': False, 'test_result_base': None}
[0.243s] INFO:colcon.colcon_core.executor:Executing jobs using 'parallel' executor
[0.244s] DEBUG:colcon.colcon_parallel_executor.executor.parallel:run_until_complete
[0.244s] INFO:colcon.colcon_ros.task.ament_cmake.build:Building ROS package in '/home/cortex/kuka_ws/src/kuka-ros-trials/my_robot_description' with build type 'ament_cmake'
[0.244s] INFO:colcon.colcon_cmake.task.cmake.build:Building CMake package in '/home/cortex/kuka_ws/src/kuka-ros-trials/my_robot_description'
[0.245s] INFO:colcon.colcon_core.plugin_system:Skipping extension 'colcon_core.shell.bat': Not used on non-Windows systems
[0.246s] INFO:colcon.colcon_core.shell:Skip shell extension 'powershell' for command environment: Not usable outside of PowerShell
[0.246s] DEBUG:colcon.colcon_core.shell:Skip shell extension 'dsv' for command environment
[0.248s] INFO:colcon.colcon_ros.task.ament_python.build:Building ROS package in '/home/cortex/kuka_ws/src/kuka-ros-trials/kuka_trials' with build type 'ament_python'
[0.248s] Level 1:colcon.colcon_core.shell:create_environment_hook('kuka_trials', 'ament_prefix_path')
[0.248s] INFO:colcon.colcon_core.shell:Creating environment hook '/home/cortex/kuka_ws/src/kuka-ros-trials/install/kuka_trials/share/kuka_trials/hook/ament_prefix_path.ps1'
[0.248s] INFO:colcon.colcon_core.shell:Creating environment descriptor '/home/cortex/kuka_ws/src/kuka-ros-trials/install/kuka_trials/share/kuka_trials/hook/ament_prefix_path.dsv'
[0.248s] INFO:colcon.colcon_core.shell:Creating environment hook '/home/cortex/kuka_ws/src/kuka-ros-trials/install/kuka_trials/share/kuka_trials/hook/ament_prefix_path.sh'
[0.249s] INFO:colcon.colcon_core.shell:Skip shell extension 'powershell' for command environment: Not usable outside of PowerShell
[0.249s] DEBUG:colcon.colcon_core.shell:Skip shell extension 'dsv' for command environment
[0.251s] INFO:colcon.colcon_ros.task.ament_cmake.build:Building ROS package in '/home/cortex/kuka_ws/src/kuka-ros-trials/my_robot_interfaces' with build type 'ament_cmake'
[0.251s] INFO:colcon.colcon_cmake.task.cmake.build:Building CMake package in '/home/cortex/kuka_ws/src/kuka-ros-trials/my_robot_interfaces'
[0.251s] INFO:colcon.colcon_core.shell:Skip shell extension 'powershell' for command environment: Not usable outside of PowerShell
[0.251s] DEBUG:colcon.colcon_core.shell:Skip shell extension 'dsv' for command environment
[0.253s] INFO:colcon.colcon_ros.task.ament_python.build:Building ROS package in '/home/cortex/kuka_ws/src/kuka-ros-trials/kuka_commander' with build type 'ament_python'
[0.254s] Level 1:colcon.colcon_core.shell:create_environment_hook('kuka_commander', 'ament_prefix_path')
[0.254s] INFO:colcon.colcon_core.shell:Creating environment hook '/home/cortex/kuka_ws/src/kuka-ros-trials/install/kuka_commander/share/kuka_commander/hook/ament_prefix_path.ps1'
[0.254s] INFO:colcon.colcon_core.shell:Creating environment descriptor '/home/cortex/kuka_ws/src/kuka-ros-trials/install/kuka_commander/share/kuka_commander/hook/ament_prefix_path.dsv'
[0.254s] INFO:colcon.colcon_core.shell:Creating environment hook '/home/cortex/kuka_ws/src/kuka-ros-trials/install/kuka_commander/share/kuka_commander/hook/ament_prefix_path.sh'
[0.255s] INFO:colcon.colcon_core.shell:Skip shell extension 'powershell' for command environment: Not usable outside of PowerShell
[0.255s] DEBUG:colcon.colcon_core.shell:Skip shell extension 'dsv' for command environment
[0.260s] DEBUG:colcon.colcon_core.event_handler.log_command:Invoking command in '/home/cortex/kuka_ws/src/kuka-ros-trials/build/my_robot_description': CMAKE_PREFIX_PATH=/opt/ros/humble /usr/bin/cmake /home/cortex/kuka_ws/src/kuka-ros-trials/my_robot_description -DCMAKE_INSTALL_PREFIX=/home/cortex/kuka_ws/src/kuka-ros-trials/install/my_robot_description
[0.423s] INFO:colcon.colcon_core.task.python.build:Building Python package in '/home/cortex/kuka_ws/src/kuka-ros-trials/kuka_trials'
[0.423s] INFO:colcon.colcon_core.shell:Skip shell extension 'powershell' for command environment: Not usable outside of PowerShell
[0.423s] DEBUG:colcon.colcon_core.shell:Skip shell extension 'dsv' for command environment
[0.427s] DEBUG:colcon.colcon_core.event_handler.log_command:Invoking command in '/home/cortex/kuka_ws/src/kuka-ros-trials/build/my_robot_interfaces': CMAKE_PREFIX_PATH=/opt/ros/humble /usr/bin/cmake /home/cortex/kuka_ws/src/kuka-ros-trials/my_robot_interfaces -DCMAKE_INSTALL_PREFIX=/home/cortex/kuka_ws/src/kuka-ros-trials/install/my_robot_interfaces
[0.596s] INFO:colcon.colcon_core.task.python.build:Building Python package in '/home/cortex/kuka_ws/src/kuka-ros-trials/kuka_commander'
[0.596s] INFO:colcon.colcon_core.shell:Skip shell extension 'powershell' for command environment: Not usable outside of PowerShell
[0.596s] DEBUG:colcon.colcon_core.shell:Skip shell extension 'dsv' for command environment
[0.848s] DEBUG:colcon.colcon_core.event_handler.log_command:Invoking command in '/home/cortex/kuka_ws/src/kuka-ros-trials/kuka_trials': PYTHONPATH=/home/cortex/kuka_ws/src/kuka-ros-trials/build/kuka_trials/prefix_override:/usr/lib/python3/dist-packages/colcon_core/task/python/colcon_distutils_commands:/home/cortex/kuka_ws/src/kuka-ros-trials/install/kuka_trials/lib/python3.10/site-packages:${PYTHONPATH} /usr/bin/python3 -W ignore:setup.py install is deprecated -W ignore:easy_install command is deprecated setup.py egg_info --egg-base ../build/kuka_trials build --build-base /home/cortex/kuka_ws/src/kuka-ros-trials/build/kuka_trials/build install --record /home/cortex/kuka_ws/src/kuka-ros-trials/build/kuka_trials/install.log --single-version-externally-managed install_data
[0.867s] DEBUG:colcon.colcon_core.event_handler.log_command:Invoking command in '/home/cortex/kuka_ws/src/kuka-ros-trials/kuka_commander': PYTHONPATH=/home/cortex/kuka_ws/src/kuka-ros-trials/build/kuka_commander/prefix_override:/usr/lib/python3/dist-packages/colcon_core/task/python/colcon_distutils_commands:/home/cortex/kuka_ws/src/kuka-ros-trials/install/kuka_commander/lib/python3.10/site-packages:${PYTHONPATH} /usr/bin/python3 -W ignore:setup.py install is deprecated -W ignore:easy_install command is deprecated setup.py egg_info --egg-base ../build/kuka_commander build --build-base /home/cortex/kuka_ws/src/kuka-ros-trials/build/kuka_commander/build install --record /home/cortex/kuka_ws/src/kuka-ros-trials/build/kuka_commander/install.log --single-version-externally-managed install_data
[1.056s] DEBUG:colcon.colcon_core.event_handler.log_command:Invoked command in '/home/cortex/kuka_ws/src/kuka-ros-trials/kuka_trials' returned '0': PYTHONPATH=/home/cortex/kuka_ws/src/kuka-ros-trials/build/kuka_trials/prefix_override:/usr/lib/python3/dist-packages/colcon_core/task/python/colcon_distutils_commands:/home/cortex/kuka_ws/src/kuka-ros-trials/install/kuka_trials/lib/python3.10/site-packages:${PYTHONPATH} /usr/bin/python3 -W ignore:setup.py install is deprecated -W ignore:easy_install command is deprecated setup.py egg_info --egg-base ../build/kuka_trials build --build-base /home/cortex/kuka_ws/src/kuka-ros-trials/build/kuka_trials/build install --record /home/cortex/kuka_ws/src/kuka-ros-trials/build/kuka_trials/install.log --single-version-externally-managed install_data
[1.058s] Level 1:colcon.colcon_core.environment:checking '/home/cortex/kuka_ws/src/kuka-ros-trials/install/kuka_trials' for CMake module files
[1.059s] Level 1:colcon.colcon_core.environment:checking '/home/cortex/kuka_ws/src/kuka-ros-trials/install/kuka_trials' for CMake config files
[1.060s] Level 1:colcon.colcon_core.environment:checking '/home/cortex/kuka_ws/src/kuka-ros-trials/install/kuka_trials/lib'
[1.060s] Level 1:colcon.colcon_core.environment:checking '/home/cortex/kuka_ws/src/kuka-ros-trials/install/kuka_trials/bin'
[1.060s] Level 1:colcon.colcon_core.environment:checking '/home/cortex/kuka_ws/src/kuka-ros-trials/install/kuka_trials/lib/pkgconfig/kuka_trials.pc'
[1.061s] Level 1:colcon.colcon_core.environment:checking '/home/cortex/kuka_ws/src/kuka-ros-trials/install/kuka_trials/lib/python3.10/site-packages'
[1.061s] Level 1:colcon.colcon_core.shell:create_environment_hook('kuka_trials', 'pythonpath')
[1.061s] INFO:colcon.colcon_core.shell:Creating environment hook '/home/cortex/kuka_ws/src/kuka-ros-trials/install/kuka_trials/share/kuka_trials/hook/pythonpath.ps1'
[1.061s] INFO:colcon.colcon_core.shell:Creating environment descriptor '/home/cortex/kuka_ws/src/kuka-ros-trials/install/kuka_trials/share/kuka_trials/hook/pythonpath.dsv'
[1.062s] INFO:colcon.colcon_core.shell:Creating environment hook '/home/cortex/kuka_ws/src/kuka-ros-trials/install/kuka_trials/share/kuka_trials/hook/pythonpath.sh'
[1.063s] Level 1:colcon.colcon_core.environment:checking '/home/cortex/kuka_ws/src/kuka-ros-trials/install/kuka_trials/bin'
[1.063s] Level 1:colcon.colcon_core.environment:create_environment_scripts_only(kuka_trials)
[1.063s] INFO:colcon.colcon_core.shell:Creating package script '/home/cortex/kuka_ws/src/kuka-ros-trials/install/kuka_trials/share/kuka_trials/package.ps1'
[1.064s] INFO:colcon.colcon_core.shell:Creating package descriptor '/home/cortex/kuka_ws/src/kuka-ros-trials/install/kuka_trials/share/kuka_trials/package.dsv'
[1.065s] INFO:colcon.colcon_core.shell:Creating package script '/home/cortex/kuka_ws/src/kuka-ros-trials/install/kuka_trials/share/kuka_trials/package.sh'
[1.066s] INFO:colcon.colcon_core.shell:Creating package script '/home/cortex/kuka_ws/src/kuka-ros-trials/install/kuka_trials/share/kuka_trials/package.bash'
[1.067s] INFO:colcon.colcon_core.shell:Creating package script '/home/cortex/kuka_ws/src/kuka-ros-trials/install/kuka_trials/share/kuka_trials/package.zsh'
[1.067s] Level 1:colcon.colcon_core.environment:create_file_with_runtime_dependencies(/home/cortex/kuka_ws/src/kuka-ros-trials/install/kuka_trials/share/colcon-core/packages/kuka_trials)
[1.068s] INFO:colcon.colcon_ros.task.ament_cmake.build:Building ROS package in '/home/cortex/kuka_ws/src/kuka-ros-trials/kuka_config' with build type 'ament_cmake'
[1.068s] INFO:colcon.colcon_cmake.task.cmake.build:Building CMake package in '/home/cortex/kuka_ws/src/kuka-ros-trials/kuka_config'
[1.069s] INFO:colcon.colcon_core.shell:Skip shell extension 'powershell' for command environment: Not usable outside of PowerShell
[1.069s] DEBUG:colcon.colcon_core.shell:Skip shell extension 'dsv' for command environment
[1.074s] Level 1:colcon.colcon_core.environment:checking '/home/cortex/kuka_ws/src/kuka-ros-trials/install/kuka_commander' for CMake module files
[1.075s] DEBUG:colcon.colcon_core.event_handler.log_command:Invoked command in '/home/cortex/kuka_ws/src/kuka-ros-trials/kuka_commander' returned '0': PYTHONPATH=/home/cortex/kuka_ws/src/kuka-ros-trials/build/kuka_commander/prefix_override:/usr/lib/python3/dist-packages/colcon_core/task/python/colcon_distutils_commands:/home/cortex/kuka_ws/src/kuka-ros-trials/install/kuka_commander/lib/python3.10/site-packages:${PYTHONPATH} /usr/bin/python3 -W ignore:setup.py install is deprecated -W ignore:easy_install command is deprecated setup.py egg_info --egg-base ../build/kuka_commander build --build-base /home/cortex/kuka_ws/src/kuka-ros-trials/build/kuka_commander/build install --record /home/cortex/kuka_ws/src/kuka-ros-trials/build/kuka_commander/install.log --single-version-externally-managed install_data
[1.075s] Level 1:colcon.colcon_core.environment:checking '/home/cortex/kuka_ws/src/kuka-ros-trials/install/kuka_commander' for CMake config files
[1.076s] Level 1:colcon.colcon_core.environment:checking '/home/cortex/kuka_ws/src/kuka-ros-trials/install/kuka_commander/lib'
[1.076s] Level 1:colcon.colcon_core.environment:checking '/home/cortex/kuka_ws/src/kuka-ros-trials/install/kuka_commander/bin'
[1.076s] Level 1:colcon.colcon_core.environment:checking '/home/cortex/kuka_ws/src/kuka-ros-trials/install/kuka_commander/lib/pkgconfig/kuka_commander.pc'
[1.076s] Level 1:colcon.colcon_core.environment:checking '/home/cortex/kuka_ws/src/kuka-ros-trials/install/kuka_commander/lib/python3.10/site-packages'
[1.076s] Level 1:colcon.colcon_core.shell:create_environment_hook('kuka_commander', 'pythonpath')
[1.076s] INFO:colcon.colcon_core.shell:Creating environment hook '/home/cortex/kuka_ws/src/kuka-ros-trials/install/kuka_commander/share/kuka_commander/hook/pythonpath.ps1'
[1.077s] INFO:colcon.colcon_core.shell:Creating environment descriptor '/home/cortex/kuka_ws/src/kuka-ros-trials/install/kuka_commander/share/kuka_commander/hook/pythonpath.dsv'
[1.077s] INFO:colcon.colcon_core.shell:Creating environment hook '/home/cortex/kuka_ws/src/kuka-ros-trials/install/kuka_commander/share/kuka_commander/hook/pythonpath.sh'
[1.078s] Level 1:colcon.colcon_core.environment:checking '/home/cortex/kuka_ws/src/kuka-ros-trials/install/kuka_commander/bin'
[1.078s] Level 1:colcon.colcon_core.environment:create_environment_scripts_only(kuka_commander)
[1.079s] INFO:colcon.colcon_core.shell:Creating package script '/home/cortex/kuka_ws/src/kuka-ros-trials/install/kuka_commander/share/kuka_commander/package.ps1'
[1.079s] INFO:colcon.colcon_core.shell:Creating package descriptor '/home/cortex/kuka_ws/src/kuka-ros-trials/install/kuka_commander/share/kuka_commander/package.dsv'
[1.079s] INFO:colcon.colcon_core.shell:Creating package script '/home/cortex/kuka_ws/src/kuka-ros-trials/install/kuka_commander/share/kuka_commander/package.sh'
[1.079s] INFO:colcon.colcon_core.shell:Creating package script '/home/cortex/kuka_ws/src/kuka-ros-trials/install/kuka_commander/share/kuka_commander/package.bash'
[1.080s] INFO:colcon.colcon_core.shell:Creating package script '/home/cortex/kuka_ws/src/kuka-ros-trials/install/kuka_commander/share/kuka_commander/package.zsh'
[1.080s] Level 1:colcon.colcon_core.environment:create_file_with_runtime_dependencies(/home/cortex/kuka_ws/src/kuka-ros-trials/install/kuka_commander/share/colcon-core/packages/kuka_commander)
[1.082s] DEBUG:colcon.colcon_core.event_handler.log_command:Invoking command in '/home/cortex/kuka_ws/src/kuka-ros-trials/build/kuka_config': AMENT_PREFIX_PATH=/home/cortex/kuka_ws/src/kuka-ros-trials/install/kuka_trials:${AMENT_PREFIX_PATH} CMAKE_PREFIX_PATH=/opt/ros/humble PYTHONPATH=/home/cortex/kuka_ws/src/kuka-ros-trials/install/kuka_trials/lib/python3.10/site-packages:${PYTHONPATH} /usr/bin/cmake /home/cortex/kuka_ws/src/kuka-ros-trials/kuka_config -DCMAKE_INSTALL_PREFIX=/home/cortex/kuka_ws/src/kuka-ros-trials/install/kuka_config
[1.438s] DEBUG:colcon.colcon_core.event_handler.log_command:Invoked command in '/home/cortex/kuka_ws/src/kuka-ros-trials/build/my_robot_description' returned '0': CMAKE_PREFIX_PATH=/opt/ros/humble /usr/bin/cmake /home/cortex/kuka_ws/src/kuka-ros-trials/my_robot_description -DCMAKE_INSTALL_PREFIX=/home/cortex/kuka_ws/src/kuka-ros-trials/install/my_robot_description
[1.440s] DEBUG:colcon.colcon_core.event_handler.log_command:Invoking command in '/home/cortex/kuka_ws/src/kuka-ros-trials/build/my_robot_description': CMAKE_PREFIX_PATH=/opt/ros/humble /usr/bin/cmake --build /home/cortex/kuka_ws/src/kuka-ros-trials/build/my_robot_description -- -j20 -l20
[1.461s] DEBUG:colcon.colcon_core.event_handler.log_command:Invoked command in '/home/cortex/kuka_ws/src/kuka-ros-trials/build/my_robot_description' returned '0': CMAKE_PREFIX_PATH=/opt/ros/humble /usr/bin/cmake --build /home/cortex/kuka_ws/src/kuka-ros-trials/build/my_robot_description -- -j20 -l20
[1.467s] DEBUG:colcon.colcon_core.event_handler.log_command:Invoking command in '/home/cortex/kuka_ws/src/kuka-ros-trials/build/my_robot_description': CMAKE_PREFIX_PATH=/opt/ros/humble /usr/bin/cmake --install /home/cortex/kuka_ws/src/kuka-ros-trials/build/my_robot_description
[1.496s] Level 1:colcon.colcon_core.environment:create_environment_scripts_only(my_robot_description)
[1.496s] DEBUG:colcon.colcon_core.event_handler.log_command:Invoked command in '/home/cortex/kuka_ws/src/kuka-ros-trials/build/my_robot_description' returned '0': CMAKE_PREFIX_PATH=/opt/ros/humble /usr/bin/cmake --install /home/cortex/kuka_ws/src/kuka-ros-trials/build/my_robot_description
[1.497s] Level 1:colcon.colcon_core.environment:checking '/home/cortex/kuka_ws/src/kuka-ros-trials/install/my_robot_description' for CMake module files
[1.498s] Level 1:colcon.colcon_core.environment:checking '/home/cortex/kuka_ws/src/kuka-ros-trials/install/my_robot_description' for CMake config files
[1.498s] Level 1:colcon.colcon_core.shell:create_environment_hook('my_robot_description', 'cmake_prefix_path')
[1.499s] INFO:colcon.colcon_core.shell:Creating environment hook '/home/cortex/kuka_ws/src/kuka-ros-trials/install/my_robot_description/share/my_robot_description/hook/cmake_prefix_path.ps1'
[1.499s] INFO:colcon.colcon_core.shell:Creating environment descriptor '/home/cortex/kuka_ws/src/kuka-ros-trials/install/my_robot_description/share/my_robot_description/hook/cmake_prefix_path.dsv'
[1.500s] INFO:colcon.colcon_core.shell:Creating environment hook '/home/cortex/kuka_ws/src/kuka-ros-trials/install/my_robot_description/share/my_robot_description/hook/cmake_prefix_path.sh'
[1.500s] Level 1:colcon.colcon_core.environment:checking '/home/cortex/kuka_ws/src/kuka-ros-trials/install/my_robot_description/bin'
[1.500s] Level 1:colcon.colcon_core.environment:checking '/home/cortex/kuka_ws/src/kuka-ros-trials/install/my_robot_description/lib/pkgconfig/my_robot_description.pc'
[1.501s] Level 1:colcon.colcon_core.environment:checking '/home/cortex/kuka_ws/src/kuka-ros-trials/install/my_robot_description/lib/python3.10/site-packages'
[1.501s] Level 1:colcon.colcon_core.environment:checking '/home/cortex/kuka_ws/src/kuka-ros-trials/install/my_robot_description/bin'
[1.501s] INFO:colcon.colcon_core.shell:Creating package script '/home/cortex/kuka_ws/src/kuka-ros-trials/install/my_robot_description/share/my_robot_description/package.ps1'
[1.501s] INFO:colcon.colcon_core.shell:Creating package descriptor '/home/cortex/kuka_ws/src/kuka-ros-trials/install/my_robot_description/share/my_robot_description/package.dsv'
[1.502s] INFO:colcon.colcon_core.shell:Creating package script '/home/cortex/kuka_ws/src/kuka-ros-trials/install/my_robot_description/share/my_robot_description/package.sh'
[1.502s] INFO:colcon.colcon_core.shell:Creating package script '/home/cortex/kuka_ws/src/kuka-ros-trials/install/my_robot_description/share/my_robot_description/package.bash'
[1.502s] INFO:colcon.colcon_core.shell:Creating package script '/home/cortex/kuka_ws/src/kuka-ros-trials/install/my_robot_description/share/my_robot_description/package.zsh'
[1.502s] Level 1:colcon.colcon_core.environment:create_file_with_runtime_dependencies(/home/cortex/kuka_ws/src/kuka-ros-trials/install/my_robot_description/share/colcon-core/packages/my_robot_description)
[1.503s] Level 1:colcon.colcon_core.environment:create_environment_scripts_only(my_robot_description)
[1.503s] Level 1:colcon.colcon_core.environment:checking '/home/cortex/kuka_ws/src/kuka-ros-trials/install/my_robot_description' for CMake module files
[1.503s] Level 1:colcon.colcon_core.environment:checking '/home/cortex/kuka_ws/src/kuka-ros-trials/install/my_robot_description' for CMake config files
[1.504s] Level 1:colcon.colcon_core.shell:create_environment_hook('my_robot_description', 'cmake_prefix_path')
[1.504s] INFO:colcon.colcon_core.shell:Creating environment hook '/home/cortex/kuka_ws/src/kuka-ros-trials/install/my_robot_description/share/my_robot_description/hook/cmake_prefix_path.ps1'
[1.504s] INFO:colcon.colcon_core.shell:Creating environment descriptor '/home/cortex/kuka_ws/src/kuka-ros-trials/install/my_robot_description/share/my_robot_description/hook/cmake_prefix_path.dsv'
[1.504s] INFO:colcon.colcon_core.shell:Creating environment hook '/home/cortex/kuka_ws/src/kuka-ros-trials/install/my_robot_description/share/my_robot_description/hook/cmake_prefix_path.sh'
[1.505s] Level 1:colcon.colcon_core.environment:checking '/home/cortex/kuka_ws/src/kuka-ros-trials/install/my_robot_description/bin'
[1.505s] Level 1:colcon.colcon_core.environment:checking '/home/cortex/kuka_ws/src/kuka-ros-trials/install/my_robot_description/lib/pkgconfig/my_robot_description.pc'
[1.505s] Level 1:colcon.colcon_core.environment:checking '/home/cortex/kuka_ws/src/kuka-ros-trials/install/my_robot_description/lib/python3.10/site-packages'
[1.505s] Level 1:colcon.colcon_core.environment:checking '/home/cortex/kuka_ws/src/kuka-ros-trials/install/my_robot_description/bin'
[1.505s] INFO:colcon.colcon_core.shell:Creating package script '/home/cortex/kuka_ws/src/kuka-ros-trials/install/my_robot_description/share/my_robot_description/package.ps1'
[1.506s] INFO:colcon.colcon_core.shell:Creating package descriptor '/home/cortex/kuka_ws/src/kuka-ros-trials/install/my_robot_description/share/my_robot_description/package.dsv'
[1.506s] INFO:colcon.colcon_core.shell:Creating package script '/home/cortex/kuka_ws/src/kuka-ros-trials/install/my_robot_description/share/my_robot_description/package.sh'
[1.506s] INFO:colcon.colcon_core.shell:Creating package script '/home/cortex/kuka_ws/src/kuka-ros-trials/install/my_robot_description/share/my_robot_description/package.bash'
[1.506s] INFO:colcon.colcon_core.shell:Creating package script '/home/cortex/kuka_ws/src/kuka-ros-trials/install/my_robot_description/share/my_robot_description/package.zsh'
[1.507s] Level 1:colcon.colcon_core.environment:create_file_with_runtime_dependencies(/home/cortex/kuka_ws/src/kuka-ros-trials/install/my_robot_description/share/colcon-core/packages/my_robot_description)
[1.507s] INFO:colcon.colcon_ros.task.ament_cmake.build:Building ROS package in '/home/cortex/kuka_ws/src/kuka-ros-trials/my_robot_movit_config' with build type 'ament_cmake'
[1.507s] INFO:colcon.colcon_cmake.task.cmake.build:Building CMake package in '/home/cortex/kuka_ws/src/kuka-ros-trials/my_robot_movit_config'
[1.507s] INFO:colcon.colcon_core.shell:Skip shell extension 'powershell' for command environment: Not usable outside of PowerShell
[1.507s] DEBUG:colcon.colcon_core.shell:Skip shell extension 'dsv' for command environment
[1.513s] DEBUG:colcon.colcon_core.event_handler.log_command:Invoking command in '/home/cortex/kuka_ws/src/kuka-ros-trials/build/my_robot_movit_config': AMENT_PREFIX_PATH=/home/cortex/kuka_ws/src/kuka-ros-trials/install/my_robot_description:${AMENT_PREFIX_PATH} CMAKE_PREFIX_PATH=/home/cortex/kuka_ws/src/kuka-ros-trials/install/my_robot_description:/opt/ros/humble /usr/bin/cmake /home/cortex/kuka_ws/src/kuka-ros-trials/my_robot_movit_config -DCMAKE_INSTALL_PREFIX=/home/cortex/kuka_ws/src/kuka-ros-trials/install/my_robot_movit_config
[2.142s] DEBUG:colcon.colcon_core.event_handler.log_command:Invoked command in '/home/cortex/kuka_ws/src/kuka-ros-trials/build/kuka_config' returned '0': AMENT_PREFIX_PATH=/home/cortex/kuka_ws/src/kuka-ros-trials/install/kuka_trials:${AMENT_PREFIX_PATH} CMAKE_PREFIX_PATH=/opt/ros/humble PYTHONPATH=/home/cortex/kuka_ws/src/kuka-ros-trials/install/kuka_trials/lib/python3.10/site-packages:${PYTHONPATH} /usr/bin/cmake /home/cortex/kuka_ws/src/kuka-ros-trials/kuka_config -DCMAKE_INSTALL_PREFIX=/home/cortex/kuka_ws/src/kuka-ros-trials/install/kuka_config
[2.143s] DEBUG:colcon.colcon_core.event_handler.log_command:Invoking command in '/home/cortex/kuka_ws/src/kuka-ros-trials/build/kuka_config': AMENT_PREFIX_PATH=/home/cortex/kuka_ws/src/kuka-ros-trials/install/kuka_trials:${AMENT_PREFIX_PATH} CMAKE_PREFIX_PATH=/opt/ros/humble PYTHONPATH=/home/cortex/kuka_ws/src/kuka-ros-trials/install/kuka_trials/lib/python3.10/site-packages:${PYTHONPATH} /usr/bin/cmake --build /home/cortex/kuka_ws/src/kuka-ros-trials/build/kuka_config -- -j20 -l20
[2.163s] DEBUG:colcon.colcon_core.event_handler.log_command:Invoked command in '/home/cortex/kuka_ws/src/kuka-ros-trials/build/kuka_config' returned '0': AMENT_PREFIX_PATH=/home/cortex/kuka_ws/src/kuka-ros-trials/install/kuka_trials:${AMENT_PREFIX_PATH} CMAKE_PREFIX_PATH=/opt/ros/humble PYTHONPATH=/home/cortex/kuka_ws/src/kuka-ros-trials/install/kuka_trials/lib/python3.10/site-packages:${PYTHONPATH} /usr/bin/cmake --build /home/cortex/kuka_ws/src/kuka-ros-trials/build/kuka_config -- -j20 -l20
[2.166s] DEBUG:colcon.colcon_core.event_handler.log_command:Invoking command in '/home/cortex/kuka_ws/src/kuka-ros-trials/build/kuka_config': AMENT_PREFIX_PATH=/home/cortex/kuka_ws/src/kuka-ros-trials/install/kuka_trials:${AMENT_PREFIX_PATH} CMAKE_PREFIX_PATH=/opt/ros/humble PYTHONPATH=/home/cortex/kuka_ws/src/kuka-ros-trials/install/kuka_trials/lib/python3.10/site-packages:${PYTHONPATH} /usr/bin/cmake --install /home/cortex/kuka_ws/src/kuka-ros-trials/build/kuka_config
[2.173s] Level 1:colcon.colcon_core.environment:create_environment_scripts_only(kuka_config)
[2.174s] Level 1:colcon.colcon_core.environment:checking '/home/cortex/kuka_ws/src/kuka-ros-trials/install/kuka_config' for CMake module files
[2.175s] DEBUG:colcon.colcon_core.event_handler.log_command:Invoked command in '/home/cortex/kuka_ws/src/kuka-ros-trials/build/kuka_config' returned '0': AMENT_PREFIX_PATH=/home/cortex/kuka_ws/src/kuka-ros-trials/install/kuka_trials:${AMENT_PREFIX_PATH} CMAKE_PREFIX_PATH=/opt/ros/humble PYTHONPATH=/home/cortex/kuka_ws/src/kuka-ros-trials/install/kuka_trials/lib/python3.10/site-packages:${PYTHONPATH} /usr/bin/cmake --install /home/cortex/kuka_ws/src/kuka-ros-trials/build/kuka_config
[2.175s] Level 1:colcon.colcon_core.environment:checking '/home/cortex/kuka_ws/src/kuka-ros-trials/install/kuka_config' for CMake config files
[2.175s] Level 1:colcon.colcon_core.shell:create_environment_hook('kuka_config', 'cmake_prefix_path')
[2.176s] INFO:colcon.colcon_core.shell:Creating environment hook '/home/cortex/kuka_ws/src/kuka-ros-trials/install/kuka_config/share/kuka_config/hook/cmake_prefix_path.ps1'
[2.176s] INFO:colcon.colcon_core.shell:Creating environment descriptor '/home/cortex/kuka_ws/src/kuka-ros-trials/install/kuka_config/share/kuka_config/hook/cmake_prefix_path.dsv'
[2.177s] INFO:colcon.colcon_core.shell:Creating environment hook '/home/cortex/kuka_ws/src/kuka-ros-trials/install/kuka_config/share/kuka_config/hook/cmake_prefix_path.sh'
[2.177s] Level 1:colcon.colcon_core.environment:checking '/home/cortex/kuka_ws/src/kuka-ros-trials/install/kuka_config/bin'
[2.177s] Level 1:colcon.colcon_core.environment:checking '/home/cortex/kuka_ws/src/kuka-ros-trials/install/kuka_config/lib/pkgconfig/kuka_config.pc'
[2.178s] Level 1:colcon.colcon_core.environment:checking '/home/cortex/kuka_ws/src/kuka-ros-trials/install/kuka_config/lib/python3.10/site-packages'
[2.178s] Level 1:colcon.colcon_core.environment:checking '/home/cortex/kuka_ws/src/kuka-ros-trials/install/kuka_config/bin'
[2.178s] INFO:colcon.colcon_core.shell:Creating package script '/home/cortex/kuka_ws/src/kuka-ros-trials/install/kuka_config/share/kuka_config/package.ps1'
[2.179s] INFO:colcon.colcon_core.shell:Creating package descriptor '/home/cortex/kuka_ws/src/kuka-ros-trials/install/kuka_config/share/kuka_config/package.dsv'
[2.179s] INFO:colcon.colcon_core.shell:Creating package script '/home/cortex/kuka_ws/src/kuka-ros-trials/install/kuka_config/share/kuka_config/package.sh'
[2.180s] INFO:colcon.colcon_core.shell:Creating package script '/home/cortex/kuka_ws/src/kuka-ros-trials/install/kuka_config/share/kuka_config/package.bash'
[2.180s] INFO:colcon.colcon_core.shell:Creating package script '/home/cortex/kuka_ws/src/kuka-ros-trials/install/kuka_config/share/kuka_config/package.zsh'
[2.181s] Level 1:colcon.colcon_core.environment:create_file_with_runtime_dependencies(/home/cortex/kuka_ws/src/kuka-ros-trials/install/kuka_config/share/colcon-core/packages/kuka_config)
[2.181s] Level 1:colcon.colcon_core.environment:create_environment_scripts_only(kuka_config)
[2.181s] Level 1:colcon.colcon_core.environment:checking '/home/cortex/kuka_ws/src/kuka-ros-trials/install/kuka_config' for CMake module files
[2.182s] Level 1:colcon.colcon_core.environment:checking '/home/cortex/kuka_ws/src/kuka-ros-trials/install/kuka_config' for CMake config files
[2.182s] Level 1:colcon.colcon_core.shell:create_environment_hook('kuka_config', 'cmake_prefix_path')
[2.182s] INFO:colcon.colcon_core.shell:Creating environment hook '/home/cortex/kuka_ws/src/kuka-ros-trials/install/kuka_config/share/kuka_config/hook/cmake_prefix_path.ps1'
[2.182s] INFO:colcon.colcon_core.shell:Creating environment descriptor '/home/cortex/kuka_ws/src/kuka-ros-trials/install/kuka_config/share/kuka_config/hook/cmake_prefix_path.dsv'
[2.183s] INFO:colcon.colcon_core.shell:Creating environment hook '/home/cortex/kuka_ws/src/kuka-ros-trials/install/kuka_config/share/kuka_config/hook/cmake_prefix_path.sh'
[2.183s] Level 1:colcon.colcon_core.environment:checking '/home/cortex/kuka_ws/src/kuka-ros-trials/install/kuka_config/bin'
[2.183s] Level 1:colcon.colcon_core.environment:checking '/home/cortex/kuka_ws/src/kuka-ros-trials/install/kuka_config/lib/pkgconfig/kuka_config.pc'
[2.184s] Level 1:colcon.colcon_core.environment:checking '/home/cortex/kuka_ws/src/kuka-ros-trials/install/kuka_config/lib/python3.10/site-packages'
[2.184s] Level 1:colcon.colcon_core.environment:checking '/home/cortex/kuka_ws/src/kuka-ros-trials/install/kuka_config/bin'
[2.184s] INFO:colcon.colcon_core.shell:Creating package script '/home/cortex/kuka_ws/src/kuka-ros-trials/install/kuka_config/share/kuka_config/package.ps1'
[2.185s] INFO:colcon.colcon_core.shell:Creating package descriptor '/home/cortex/kuka_ws/src/kuka-ros-trials/install/kuka_config/share/kuka_config/package.dsv'
[2.185s] INFO:colcon.colcon_core.shell:Creating package script '/home/cortex/kuka_ws/src/kuka-ros-trials/install/kuka_config/share/kuka_config/package.sh'
[2.186s] INFO:colcon.colcon_core.shell:Creating package script '/home/cortex/kuka_ws/src/kuka-ros-trials/install/kuka_config/share/kuka_config/package.bash'
[2.186s] INFO:colcon.colcon_core.shell:Creating package script '/home/cortex/kuka_ws/src/kuka-ros-trials/install/kuka_config/share/kuka_config/package.zsh'
[2.186s] Level 1:colcon.colcon_core.environment:create_file_with_runtime_dependencies(/home/cortex/kuka_ws/src/kuka-ros-trials/install/kuka_config/share/colcon-core/packages/kuka_config)
[2.650s] DEBUG:colcon.colcon_core.event_handler.log_command:Invoked command in '/home/cortex/kuka_ws/src/kuka-ros-trials/build/my_robot_movit_config' returned '0': AMENT_PREFIX_PATH=/home/cortex/kuka_ws/src/kuka-ros-trials/install/my_robot_description:${AMENT_PREFIX_PATH} CMAKE_PREFIX_PATH=/home/cortex/kuka_ws/src/kuka-ros-trials/install/my_robot_description:/opt/ros/humble /usr/bin/cmake /home/cortex/kuka_ws/src/kuka-ros-trials/my_robot_movit_config -DCMAKE_INSTALL_PREFIX=/home/cortex/kuka_ws/src/kuka-ros-trials/install/my_robot_movit_config
[2.651s] DEBUG:colcon.colcon_core.event_handler.log_command:Invoking command in '/home/cortex/kuka_ws/src/kuka-ros-trials/build/my_robot_movit_config': AMENT_PREFIX_PATH=/home/cortex/kuka_ws/src/kuka-ros-trials/install/my_robot_description:${AMENT_PREFIX_PATH} CMAKE_PREFIX_PATH=/home/cortex/kuka_ws/src/kuka-ros-trials/install/my_robot_description:/opt/ros/humble /usr/bin/cmake --build /home/cortex/kuka_ws/src/kuka-ros-trials/build/my_robot_movit_config -- -j20 -l20
[2.671s] DEBUG:colcon.colcon_core.event_handler.log_command:Invoked command in '/home/cortex/kuka_ws/src/kuka-ros-trials/build/my_robot_movit_config' returned '0': AMENT_PREFIX_PATH=/home/cortex/kuka_ws/src/kuka-ros-trials/install/my_robot_description:${AMENT_PREFIX_PATH} CMAKE_PREFIX_PATH=/home/cortex/kuka_ws/src/kuka-ros-trials/install/my_robot_description:/opt/ros/humble /usr/bin/cmake --build /home/cortex/kuka_ws/src/kuka-ros-trials/build/my_robot_movit_config -- -j20 -l20
[2.673s] DEBUG:colcon.colcon_core.event_handler.log_command:Invoking command in '/home/cortex/kuka_ws/src/kuka-ros-trials/build/my_robot_movit_config': AMENT_PREFIX_PATH=/home/cortex/kuka_ws/src/kuka-ros-trials/install/my_robot_description:${AMENT_PREFIX_PATH} CMAKE_PREFIX_PATH=/home/cortex/kuka_ws/src/kuka-ros-trials/install/my_robot_description:/opt/ros/humble /usr/bin/cmake --install /home/cortex/kuka_ws/src/kuka-ros-trials/build/my_robot_movit_config
[2.679s] Level 1:colcon.colcon_core.environment:create_environment_scripts_only(my_robot_movit_config)
[2.679s] Level 1:colcon.colcon_core.environment:checking '/home/cortex/kuka_ws/src/kuka-ros-trials/install/my_robot_movit_config' for CMake module files
[2.679s] DEBUG:colcon.colcon_core.event_handler.log_command:Invoked command in '/home/cortex/kuka_ws/src/kuka-ros-trials/build/my_robot_movit_config' returned '0': AMENT_PREFIX_PATH=/home/cortex/kuka_ws/src/kuka-ros-trials/install/my_robot_description:${AMENT_PREFIX_PATH} CMAKE_PREFIX_PATH=/home/cortex/kuka_ws/src/kuka-ros-trials/install/my_robot_description:/opt/ros/humble /usr/bin/cmake --install /home/cortex/kuka_ws/src/kuka-ros-trials/build/my_robot_movit_config
[2.680s] Level 1:colcon.colcon_core.environment:checking '/home/cortex/kuka_ws/src/kuka-ros-trials/install/my_robot_movit_config' for CMake config files
[2.680s] Level 1:colcon.colcon_core.shell:create_environment_hook('my_robot_movit_config', 'cmake_prefix_path')
[2.680s] INFO:colcon.colcon_core.shell:Creating environment hook '/home/cortex/kuka_ws/src/kuka-ros-trials/install/my_robot_movit_config/share/my_robot_movit_config/hook/cmake_prefix_path.ps1'
[2.681s] INFO:colcon.colcon_core.shell:Creating environment descriptor '/home/cortex/kuka_ws/src/kuka-ros-trials/install/my_robot_movit_config/share/my_robot_movit_config/hook/cmake_prefix_path.dsv'
[2.681s] INFO:colcon.colcon_core.shell:Creating environment hook '/home/cortex/kuka_ws/src/kuka-ros-trials/install/my_robot_movit_config/share/my_robot_movit_config/hook/cmake_prefix_path.sh'
[2.681s] Level 1:colcon.colcon_core.environment:checking '/home/cortex/kuka_ws/src/kuka-ros-trials/install/my_robot_movit_config/bin'
[2.682s] Level 1:colcon.colcon_core.environment:checking '/home/cortex/kuka_ws/src/kuka-ros-trials/install/my_robot_movit_config/lib/pkgconfig/my_robot_movit_config.pc'
[2.682s] Level 1:colcon.colcon_core.environment:checking '/home/cortex/kuka_ws/src/kuka-ros-trials/install/my_robot_movit_config/lib/python3.10/site-packages'
[2.682s] Level 1:colcon.colcon_core.environment:checking '/home/cortex/kuka_ws/src/kuka-ros-trials/install/my_robot_movit_config/bin'
[2.683s] INFO:colcon.colcon_core.shell:Creating package script '/home/cortex/kuka_ws/src/kuka-ros-trials/install/my_robot_movit_config/share/my_robot_movit_config/package.ps1'
[2.683s] INFO:colcon.colcon_core.shell:Creating package descriptor '/home/cortex/kuka_ws/src/kuka-ros-trials/install/my_robot_movit_config/share/my_robot_movit_config/package.dsv'
[2.684s] INFO:colcon.colcon_core.shell:Creating package script '/home/cortex/kuka_ws/src/kuka-ros-trials/install/my_robot_movit_config/share/my_robot_movit_config/package.sh'
[2.684s] INFO:colcon.colcon_core.shell:Creating package script '/home/cortex/kuka_ws/src/kuka-ros-trials/install/my_robot_movit_config/share/my_robot_movit_config/package.bash'
[2.685s] INFO:colcon.colcon_core.shell:Creating package script '/home/cortex/kuka_ws/src/kuka-ros-trials/install/my_robot_movit_config/share/my_robot_movit_config/package.zsh'
[2.685s] Level 1:colcon.colcon_core.environment:create_file_with_runtime_dependencies(/home/cortex/kuka_ws/src/kuka-ros-trials/install/my_robot_movit_config/share/colcon-core/packages/my_robot_movit_config)
[2.686s] Level 1:colcon.colcon_core.environment:create_environment_scripts_only(my_robot_movit_config)
[2.686s] Level 1:colcon.colcon_core.environment:checking '/home/cortex/kuka_ws/src/kuka-ros-trials/install/my_robot_movit_config' for CMake module files
[2.687s] Level 1:colcon.colcon_core.environment:checking '/home/cortex/kuka_ws/src/kuka-ros-trials/install/my_robot_movit_config' for CMake config files
[2.687s] Level 1:colcon.colcon_core.shell:create_environment_hook('my_robot_movit_config', 'cmake_prefix_path')
[2.687s] INFO:colcon.colcon_core.shell:Creating environment hook '/home/cortex/kuka_ws/src/kuka-ros-trials/install/my_robot_movit_config/share/my_robot_movit_config/hook/cmake_prefix_path.ps1'
[2.688s] INFO:colcon.colcon_core.shell:Creating environment descriptor '/home/cortex/kuka_ws/src/kuka-ros-trials/install/my_robot_movit_config/share/my_robot_movit_config/hook/cmake_prefix_path.dsv'
[2.688s] INFO:colcon.colcon_core.shell:Creating environment hook '/home/cortex/kuka_ws/src/kuka-ros-trials/install/my_robot_movit_config/share/my_robot_movit_config/hook/cmake_prefix_path.sh'
[2.688s] Level 1:colcon.colcon_core.environment:checking '/home/cortex/kuka_ws/src/kuka-ros-trials/install/my_robot_movit_config/bin'
[2.689s] Level 1:colcon.colcon_core.environment:checking '/home/cortex/kuka_ws/src/kuka-ros-trials/install/my_robot_movit_config/lib/pkgconfig/my_robot_movit_config.pc'
[2.689s] Level 1:colcon.colcon_core.environment:checking '/home/cortex/kuka_ws/src/kuka-ros-trials/install/my_robot_movit_config/lib/python3.10/site-packages'
[2.689s] Level 1:colcon.colcon_core.environment:checking '/home/cortex/kuka_ws/src/kuka-ros-trials/install/my_robot_movit_config/bin'
[2.689s] INFO:colcon.colcon_core.shell:Creating package script '/home/cortex/kuka_ws/src/kuka-ros-trials/install/my_robot_movit_config/share/my_robot_movit_config/package.ps1'
[2.690s] INFO:colcon.colcon_core.shell:Creating package descriptor '/home/cortex/kuka_ws/src/kuka-ros-trials/install/my_robot_movit_config/share/my_robot_movit_config/package.dsv'
[2.690s] INFO:colcon.colcon_core.shell:Creating package script '/home/cortex/kuka_ws/src/kuka-ros-trials/install/my_robot_movit_config/share/my_robot_movit_config/package.sh'
[2.691s] INFO:colcon.colcon_core.shell:Creating package script '/home/cortex/kuka_ws/src/kuka-ros-trials/install/my_robot_movit_config/share/my_robot_movit_config/package.bash'
[2.691s] INFO:colcon.colcon_core.shell:Creating package script '/home/cortex/kuka_ws/src/kuka-ros-trials/install/my_robot_movit_config/share/my_robot_movit_config/package.zsh'
[2.691s] Level 1:colcon.colcon_core.environment:create_file_with_runtime_dependencies(/home/cortex/kuka_ws/src/kuka-ros-trials/install/my_robot_movit_config/share/colcon-core/packages/my_robot_movit_config)
[2.692s] INFO:colcon.colcon_ros.task.ament_cmake.build:Building ROS package in '/home/cortex/kuka_ws/src/kuka-ros-trials/my_robot_bringup' with build type 'ament_cmake'
[2.692s] INFO:colcon.colcon_cmake.task.cmake.build:Building CMake package in '/home/cortex/kuka_ws/src/kuka-ros-trials/my_robot_bringup'
[2.692s] INFO:colcon.colcon_core.shell:Skip shell extension 'powershell' for command environment: Not usable outside of PowerShell
[2.692s] DEBUG:colcon.colcon_core.shell:Skip shell extension 'dsv' for command environment
[2.699s] DEBUG:colcon.colcon_core.event_handler.log_command:Invoking command in '/home/cortex/kuka_ws/src/kuka-ros-trials/build/my_robot_bringup': AMENT_PREFIX_PATH=/home/cortex/kuka_ws/src/kuka-ros-trials/install/my_robot_movit_config:/home/cortex/kuka_ws/src/kuka-ros-trials/install/my_robot_description:${AMENT_PREFIX_PATH} CMAKE_PREFIX_PATH=/home/cortex/kuka_ws/src/kuka-ros-trials/install/my_robot_movit_config:/home/cortex/kuka_ws/src/kuka-ros-trials/install/my_robot_description:/opt/ros/humble /usr/bin/cmake /home/cortex/kuka_ws/src/kuka-ros-trials/my_robot_bringup -DCMAKE_INSTALL_PREFIX=/home/cortex/kuka_ws/src/kuka-ros-trials/install/my_robot_bringup
[4.060s] DEBUG:colcon.colcon_core.event_handler.log_command:Invoked command in '/home/cortex/kuka_ws/src/kuka-ros-trials/build/my_robot_bringup' returned '0': AMENT_PREFIX_PATH=/home/cortex/kuka_ws/src/kuka-ros-trials/install/my_robot_movit_config:/home/cortex/kuka_ws/src/kuka-ros-trials/install/my_robot_description:${AMENT_PREFIX_PATH} CMAKE_PREFIX_PATH=/home/cortex/kuka_ws/src/kuka-ros-trials/install/my_robot_movit_config:/home/cortex/kuka_ws/src/kuka-ros-trials/install/my_robot_description:/opt/ros/humble /usr/bin/cmake /home/cortex/kuka_ws/src/kuka-ros-trials/my_robot_bringup -DCMAKE_INSTALL_PREFIX=/home/cortex/kuka_ws/src/kuka-ros-trials/install/my_robot_bringup
[4.063s] DEBUG:colcon.colcon_core.event_handler.log_command:Invoking command in '/home/cortex/kuka_ws/src/kuka-ros-trials/build/my_robot_bringup': AMENT_PREFIX_PATH=/home/cortex/kuka_ws/src/kuka-ros-trials/install/my_robot_movit_config:/home/cortex/kuka_ws/src/kuka-ros-trials/install/my_robot_description:${AMENT_PREFIX_PATH} CMAKE_PREFIX_PATH=/home/cortex/kuka_ws/src/kuka-ros-trials/install/my_robot_movit_config:/home/cortex/kuka_ws/src/kuka-ros-trials/install/my_robot_description:/opt/ros/humble /usr/bin/cmake --build /home/cortex/kuka_ws/src/kuka-ros-trials/build/my_robot_bringup -- -j20 -l20
[4.088s] DEBUG:colcon.colcon_core.event_handler.log_command:Invoked command in '/home/cortex/kuka_ws/src/kuka-ros-trials/build/my_robot_bringup' returned '0': AMENT_PREFIX_PATH=/home/cortex/kuka_ws/src/kuka-ros-trials/install/my_robot_movit_config:/home/cortex/kuka_ws/src/kuka-ros-trials/install/my_robot_description:${AMENT_PREFIX_PATH} CMAKE_PREFIX_PATH=/home/cortex/kuka_ws/src/kuka-ros-trials/install/my_robot_movit_config:/home/cortex/kuka_ws/src/kuka-ros-trials/install/my_robot_description:/opt/ros/humble /usr/bin/cmake --build /home/cortex/kuka_ws/src/kuka-ros-trials/build/my_robot_bringup -- -j20 -l20
[4.090s] DEBUG:colcon.colcon_core.event_handler.log_command:Invoking command in '/home/cortex/kuka_ws/src/kuka-ros-trials/build/my_robot_bringup': AMENT_PREFIX_PATH=/home/cortex/kuka_ws/src/kuka-ros-trials/install/my_robot_movit_config:/home/cortex/kuka_ws/src/kuka-ros-trials/install/my_robot_description:${AMENT_PREFIX_PATH} CMAKE_PREFIX_PATH=/home/cortex/kuka_ws/src/kuka-ros-trials/install/my_robot_movit_config:/home/cortex/kuka_ws/src/kuka-ros-trials/install/my_robot_description:/opt/ros/humble /usr/bin/cmake --install /home/cortex/kuka_ws/src/kuka-ros-trials/build/my_robot_bringup
[4.099s] DEBUG:colcon.colcon_core.event_handler.log_command:Invoked command in '/home/cortex/kuka_ws/src/kuka-ros-trials/build/my_robot_bringup' returned '1': AMENT_PREFIX_PATH=/home/cortex/kuka_ws/src/kuka-ros-trials/install/my_robot_movit_config:/home/cortex/kuka_ws/src/kuka-ros-trials/install/my_robot_description:${AMENT_PREFIX_PATH} CMAKE_PREFIX_PATH=/home/cortex/kuka_ws/src/kuka-ros-trials/install/my_robot_movit_config:/home/cortex/kuka_ws/src/kuka-ros-trials/install/my_robot_description:/opt/ros/humble /usr/bin/cmake --install /home/cortex/kuka_ws/src/kuka-ros-trials/build/my_robot_bringup
[4.100s] Level 1:colcon.colcon_core.environment:create_environment_scripts_only(my_robot_bringup)
[4.100s] Level 1:colcon.colcon_core.environment:checking '/home/cortex/kuka_ws/src/kuka-ros-trials/install/my_robot_bringup' for CMake module files
[4.100s] Level 1:colcon.colcon_core.environment:checking '/home/cortex/kuka_ws/src/kuka-ros-trials/install/my_robot_bringup' for CMake config files
[4.101s] Level 1:colcon.colcon_core.environment:checking '/home/cortex/kuka_ws/src/kuka-ros-trials/install/my_robot_bringup/bin'
[4.101s] Level 1:colcon.colcon_core.environment:checking '/home/cortex/kuka_ws/src/kuka-ros-trials/install/my_robot_bringup/lib/pkgconfig/my_robot_bringup.pc'
[4.101s] Level 1:colcon.colcon_core.environment:checking '/home/cortex/kuka_ws/src/kuka-ros-trials/install/my_robot_bringup/lib/python3.10/site-packages'
[4.102s] Level 1:colcon.colcon_core.environment:checking '/home/cortex/kuka_ws/src/kuka-ros-trials/install/my_robot_bringup/bin'
[4.102s] INFO:colcon.colcon_core.shell:Creating package script '/home/cortex/kuka_ws/src/kuka-ros-trials/install/my_robot_bringup/share/my_robot_bringup/package.ps1'
[4.103s] INFO:colcon.colcon_core.shell:Creating package descriptor '/home/cortex/kuka_ws/src/kuka-ros-trials/install/my_robot_bringup/share/my_robot_bringup/package.dsv'
[4.104s] INFO:colcon.colcon_core.shell:Creating package script '/home/cortex/kuka_ws/src/kuka-ros-trials/install/my_robot_bringup/share/my_robot_bringup/package.sh'
[4.104s] INFO:colcon.colcon_core.shell:Creating package script '/home/cortex/kuka_ws/src/kuka-ros-trials/install/my_robot_bringup/share/my_robot_bringup/package.bash'
[4.105s] INFO:colcon.colcon_core.shell:Creating package script '/home/cortex/kuka_ws/src/kuka-ros-trials/install/my_robot_bringup/share/my_robot_bringup/package.zsh'
[4.105s] Level 1:colcon.colcon_core.environment:create_file_with_runtime_dependencies(/home/cortex/kuka_ws/src/kuka-ros-trials/install/my_robot_bringup/share/colcon-core/packages/my_robot_bringup)
[8.880s] DEBUG:colcon.colcon_parallel_executor.executor.parallel:closing loop
[8.881s] DEBUG:colcon.colcon_parallel_executor.executor.parallel:loop closed
[8.881s] DEBUG:colcon.colcon_parallel_executor.executor.parallel:run_until_complete finished with '1'
[8.881s] DEBUG:colcon.colcon_core.event_reactor:joining thread
[8.884s] INFO:colcon.colcon_core.plugin_system:Skipping extension 'colcon_notification.desktop_notification.terminal_notifier': Not used on non-Darwin systems
[8.884s] INFO:colcon.colcon_core.plugin_system:Skipping extension 'colcon_notification.desktop_notification.win32': Not used on non-Windows systems
[8.884s] INFO:colcon.colcon_notification.desktop_notification:Sending desktop notification using 'notify2'
[8.895s] DEBUG:colcon.colcon_core.event_reactor:joined thread
[8.896s] INFO:colcon.colcon_core.shell:Creating prefix script '/home/cortex/kuka_ws/src/kuka-ros-trials/install/local_setup.ps1'
[8.897s] INFO:colcon.colcon_core.shell:Creating prefix util module '/home/cortex/kuka_ws/src/kuka-ros-trials/install/_local_setup_util_ps1.py'
[8.898s] INFO:colcon.colcon_core.shell:Creating prefix chain script '/home/cortex/kuka_ws/src/kuka-ros-trials/install/setup.ps1'
[8.899s] INFO:colcon.colcon_core.shell:Creating prefix script '/home/cortex/kuka_ws/src/kuka-ros-trials/install/local_setup.sh'
[8.899s] INFO:colcon.colcon_core.shell:Creating prefix util module '/home/cortex/kuka_ws/src/kuka-ros-trials/install/_local_setup_util_sh.py'
[8.900s] INFO:colcon.colcon_core.shell:Creating prefix chain script '/home/cortex/kuka_ws/src/kuka-ros-trials/install/setup.sh'
[8.900s] INFO:colcon.colcon_core.shell:Creating prefix script '/home/cortex/kuka_ws/src/kuka-ros-trials/install/local_setup.bash'
[8.901s] INFO:colcon.colcon_core.shell:Creating prefix chain script '/home/cortex/kuka_ws/src/kuka-ros-trials/install/setup.bash'
[8.901s] INFO:colcon.colcon_core.shell:Creating prefix script '/home/cortex/kuka_ws/src/kuka-ros-trials/install/local_setup.zsh'
[8.902s] INFO:colcon.colcon_core.shell:Creating prefix chain script '/home/cortex/kuka_ws/src/kuka-ros-trials/install/setup.zsh'
