running egg_info
creating ../build/kuka_trials/kuka_trials.egg-info
writing ../build/kuka_trials/kuka_trials.egg-info/PKG-INFO
writing dependency_links to ../build/kuka_trials/kuka_trials.egg-info/dependency_links.txt
writing entry points to ../build/kuka_trials/kuka_trials.egg-info/entry_points.txt
writing requirements to ../build/kuka_trials/kuka_trials.egg-info/requires.txt
writing top-level names to ../build/kuka_trials/kuka_trials.egg-info/top_level.txt
writing manifest file '../build/kuka_trials/kuka_trials.egg-info/SOURCES.txt'
reading manifest file '../build/kuka_trials/kuka_trials.egg-info/SOURCES.txt'
writing manifest file '../build/kuka_trials/kuka_trials.egg-info/SOURCES.txt'
running build
running build_py
creating /home/cortex/kuka_ws/src/kuka-ros-trials/build/kuka_trials/build
creating /home/cortex/kuka_ws/src/kuka-ros-trials/build/kuka_trials/build/lib
creating /home/cortex/kuka_ws/src/kuka-ros-trials/build/kuka_trials/build/lib/node
copying node/pointcloud_builder.py -> /home/cortex/kuka_ws/src/kuka-ros-trials/build/kuka_trials/build/lib/node
copying node/__init__.py -> /home/cortex/kuka_ws/src/kuka-ros-trials/build/kuka_trials/build/lib/node
creating /home/cortex/kuka_ws/src/kuka-ros-trials/build/kuka_trials/build/lib/kuka_trials
copying kuka_trials/__init__.py -> /home/cortex/kuka_ws/src/kuka-ros-trials/build/kuka_trials/build/lib/kuka_trials
running install
running install_lib
creating /home/cortex/kuka_ws/src/kuka-ros-trials/install/kuka_trials/lib/python3.10/site-packages/node
copying /home/cortex/kuka_ws/src/kuka-ros-trials/build/kuka_trials/build/lib/node/pointcloud_builder.py -> /home/cortex/kuka_ws/src/kuka-ros-trials/install/kuka_trials/lib/python3.10/site-packages/node
copying /home/cortex/kuka_ws/src/kuka-ros-trials/build/kuka_trials/build/lib/node/__init__.py -> /home/cortex/kuka_ws/src/kuka-ros-trials/install/kuka_trials/lib/python3.10/site-packages/node
creating /home/cortex/kuka_ws/src/kuka-ros-trials/install/kuka_trials/lib/python3.10/site-packages/kuka_trials
copying /home/cortex/kuka_ws/src/kuka-ros-trials/build/kuka_trials/build/lib/kuka_trials/__init__.py -> /home/cortex/kuka_ws/src/kuka-ros-trials/install/kuka_trials/lib/python3.10/site-packages/kuka_trials
byte-compiling /home/cortex/kuka_ws/src/kuka-ros-trials/install/kuka_trials/lib/python3.10/site-packages/node/pointcloud_builder.py to pointcloud_builder.cpython-310.pyc
byte-compiling /home/cortex/kuka_ws/src/kuka-ros-trials/install/kuka_trials/lib/python3.10/site-packages/node/__init__.py to __init__.cpython-310.pyc
byte-compiling /home/cortex/kuka_ws/src/kuka-ros-trials/install/kuka_trials/lib/python3.10/site-packages/kuka_trials/__init__.py to __init__.cpython-310.pyc
running install_data
creating /home/cortex/kuka_ws/src/kuka-ros-trials/install/kuka_trials/share/ament_index
creating /home/cortex/kuka_ws/src/kuka-ros-trials/install/kuka_trials/share/ament_index/resource_index
creating /home/cortex/kuka_ws/src/kuka-ros-trials/install/kuka_trials/share/ament_index/resource_index/packages
copying resource/kuka_trials -> /home/cortex/kuka_ws/src/kuka-ros-trials/install/kuka_trials/share/ament_index/resource_index/packages
copying package.xml -> /home/cortex/kuka_ws/src/kuka-ros-trials/install/kuka_trials/share/kuka_trials
creating /home/cortex/kuka_ws/src/kuka-ros-trials/install/kuka_trials/share/kuka_trials/launch
copying launch/gazebo.launch.py -> /home/cortex/kuka_ws/src/kuka-ros-trials/install/kuka_trials/share/kuka_trials/launch
copying launch/drillbit_robot_rviz.launch.py -> /home/cortex/kuka_ws/src/kuka-ros-trials/install/kuka_trials/share/kuka_trials/launch
copying launch/display.launch.py -> /home/cortex/kuka_ws/src/kuka-ros-trials/install/kuka_trials/share/kuka_trials/launch
creating /home/cortex/kuka_ws/src/kuka-ros-trials/install/kuka_trials/share/kuka_trials/urdf
copying urdf/common_colours.xacro -> /home/cortex/kuka_ws/src/kuka-ros-trials/install/kuka_trials/share/kuka_trials/urdf
copying urdf/kr10r1420_macro.xacro -> /home/cortex/kuka_ws/src/kuka-ros-trials/install/kuka_trials/share/kuka_trials/urdf
copying urdf/robot.xacro -> /home/cortex/kuka_ws/src/kuka-ros-trials/install/kuka_trials/share/kuka_trials/urdf
copying urdf/drill_bit.urdf.xacro -> /home/cortex/kuka_ws/src/kuka-ros-trials/install/kuka_trials/share/kuka_trials/urdf
copying urdf/lidar.xacro -> /home/cortex/kuka_ws/src/kuka-ros-trials/install/kuka_trials/share/kuka_trials/urdf
copying urdf/scancontrol_26x0_29x0_25.xacro -> /home/cortex/kuka_ws/src/kuka-ros-trials/install/kuka_trials/share/kuka_trials/urdf
copying urdf/common_materials.xacro -> /home/cortex/kuka_ws/src/kuka-ros-trials/install/kuka_trials/share/kuka_trials/urdf
copying urdf/kr10r1420.xacro -> /home/cortex/kuka_ws/src/kuka-ros-trials/install/kuka_trials/share/kuka_trials/urdf
copying urdf/common_constants.xacro -> /home/cortex/kuka_ws/src/kuka-ros-trials/install/kuka_trials/share/kuka_trials/urdf
creating /home/cortex/kuka_ws/src/kuka-ros-trials/install/kuka_trials/share/kuka_trials/rviz
copying rviz/display_config.rviz -> /home/cortex/kuka_ws/src/kuka-ros-trials/install/kuka_trials/share/kuka_trials/rviz
creating /home/cortex/kuka_ws/src/kuka-ros-trials/install/kuka_trials/share/kuka_trials/meshes
copying meshes/link_6_c.stl -> /home/cortex/kuka_ws/src/kuka-ros-trials/install/kuka_trials/share/kuka_trials/meshes
copying meshes/base_link_c.stl -> /home/cortex/kuka_ws/src/kuka-ros-trials/install/kuka_trials/share/kuka_trials/meshes
copying meshes/link_3_c.stl -> /home/cortex/kuka_ws/src/kuka-ros-trials/install/kuka_trials/share/kuka_trials/meshes
copying meshes/link_4_v.stl -> /home/cortex/kuka_ws/src/kuka-ros-trials/install/kuka_trials/share/kuka_trials/meshes
copying meshes/link_4_c.stl -> /home/cortex/kuka_ws/src/kuka-ros-trials/install/kuka_trials/share/kuka_trials/meshes
copying meshes/link_3_v.stl -> /home/cortex/kuka_ws/src/kuka-ros-trials/install/kuka_trials/share/kuka_trials/meshes
copying meshes/Bit.dae -> /home/cortex/kuka_ws/src/kuka-ros-trials/install/kuka_trials/share/kuka_trials/meshes
copying meshes/link_6_v.stl -> /home/cortex/kuka_ws/src/kuka-ros-trials/install/kuka_trials/share/kuka_trials/meshes
copying meshes/link_5_c.stl -> /home/cortex/kuka_ws/src/kuka-ros-trials/install/kuka_trials/share/kuka_trials/meshes
copying meshes/visual.dae -> /home/cortex/kuka_ws/src/kuka-ros-trials/install/kuka_trials/share/kuka_trials/meshes
copying meshes/link_2_c.stl -> /home/cortex/kuka_ws/src/kuka-ros-trials/install/kuka_trials/share/kuka_trials/meshes
copying meshes/link_1_v.stl -> /home/cortex/kuka_ws/src/kuka-ros-trials/install/kuka_trials/share/kuka_trials/meshes
copying meshes/link_5_v.stl -> /home/cortex/kuka_ws/src/kuka-ros-trials/install/kuka_trials/share/kuka_trials/meshes
copying meshes/base_link_v.stl -> /home/cortex/kuka_ws/src/kuka-ros-trials/install/kuka_trials/share/kuka_trials/meshes
copying meshes/link_2_v.stl -> /home/cortex/kuka_ws/src/kuka-ros-trials/install/kuka_trials/share/kuka_trials/meshes
copying meshes/link_1_c.stl -> /home/cortex/kuka_ws/src/kuka-ros-trials/install/kuka_trials/share/kuka_trials/meshes
copying meshes/collision.stl -> /home/cortex/kuka_ws/src/kuka-ros-trials/install/kuka_trials/share/kuka_trials/meshes
creating /home/cortex/kuka_ws/src/kuka-ros-trials/install/kuka_trials/share/kuka_trials/config
copying config/ros_gz_bridge.yaml -> /home/cortex/kuka_ws/src/kuka-ros-trials/install/kuka_trials/share/kuka_trials/config
running install_egg_info
Copying ../build/kuka_trials/kuka_trials.egg-info to /home/cortex/kuka_ws/src/kuka-ros-trials/install/kuka_trials/lib/python3.10/site-packages/kuka_trials-0.0.0-py3.10.egg-info
running install_scripts
Installing rotary_pointcloud_node script to /home/cortex/kuka_ws/src/kuka-ros-trials/install/kuka_trials/lib/kuka_trials
writing list of installed files to '/home/cortex/kuka_ws/src/kuka-ros-trials/build/kuka_trials/install.log'
