-- Install configuration: ""
-- Up-to-date: /home/cortex/kuka_ws/src/kuka-ros-trials/install/my_robot_description/share/my_robot_description/config
-- Up-to-date: /home/cortex/kuka_ws/src/kuka-ros-trials/install/my_robot_description/share/my_robot_description/config/joint_names_kuka_kr10_r1440.yaml
-- Up-to-date: /home/cortex/kuka_ws/src/kuka-ros-trials/install/my_robot_description/share/my_robot_description/config/ros_gz_bridge.yaml
-- Up-to-date: /home/cortex/kuka_ws/src/kuka-ros-trials/install/my_robot_description/share/my_robot_description/launch
-- Up-to-date: /home/cortex/kuka_ws/src/kuka-ros-trials/install/my_robot_description/share/my_robot_description/launch/gazebo.launch.py
-- Up-to-date: /home/cortex/kuka_ws/src/kuka-ros-trials/install/my_robot_description/share/my_robot_description/launch/display.launch.py
-- Up-to-date: /home/cortex/kuka_ws/src/kuka-ros-trials/install/my_robot_description/share/my_robot_description/meshes
-- Up-to-date: /home/cortex/kuka_ws/src/kuka-ros-trials/install/my_robot_description/share/my_robot_description/meshes/base_link.STL
-- Up-to-date: /home/cortex/kuka_ws/src/kuka-ros-trials/install/my_robot_description/share/my_robot_description/meshes/shoulder.STL
-- Up-to-date: /home/cortex/kuka_ws/src/kuka-ros-trials/install/my_robot_description/share/my_robot_description/meshes/drill_bit
-- Up-to-date: /home/cortex/kuka_ws/src/kuka-ros-trials/install/my_robot_description/share/my_robot_description/meshes/drill_bit/Bit.dae
-- Up-to-date: /home/cortex/kuka_ws/src/kuka-ros-trials/install/my_robot_description/share/my_robot_description/meshes/elbow.STL
-- Up-to-date: /home/cortex/kuka_ws/src/kuka-ros-trials/install/my_robot_description/share/my_robot_description/meshes/end_effector.STL
-- Up-to-date: /home/cortex/kuka_ws/src/kuka-ros-trials/install/my_robot_description/share/my_robot_description/meshes/tip.STL
-- Up-to-date: /home/cortex/kuka_ws/src/kuka-ros-trials/install/my_robot_description/share/my_robot_description/meshes/forearm.STL
-- Up-to-date: /home/cortex/kuka_ws/src/kuka-ros-trials/install/my_robot_description/share/my_robot_description/meshes/main.STL
-- Up-to-date: /home/cortex/kuka_ws/src/kuka-ros-trials/install/my_robot_description/share/my_robot_description/meshes/scanControl_laser_profiler
-- Up-to-date: /home/cortex/kuka_ws/src/kuka-ros-trials/install/my_robot_description/share/my_robot_description/meshes/scanControl_laser_profiler/laser_profiler_visual.dae
-- Up-to-date: /home/cortex/kuka_ws/src/kuka-ros-trials/install/my_robot_description/share/my_robot_description/meshes/scanControl_laser_profiler/laser_profiler_collision.stl
-- Up-to-date: /home/cortex/kuka_ws/src/kuka-ros-trials/install/my_robot_description/share/my_robot_description/urdf
-- Up-to-date: /home/cortex/kuka_ws/src/kuka-ros-trials/install/my_robot_description/share/my_robot_description/urdf/kuka_kr10_r1440.xacro
-- Up-to-date: /home/cortex/kuka_ws/src/kuka-ros-trials/install/my_robot_description/share/my_robot_description/urdf/kuka_kr10_r1440.csv
-- Up-to-date: /home/cortex/kuka_ws/src/kuka-ros-trials/install/my_robot_description/share/my_robot_description/urdf/drill_bit.xacro
-- Up-to-date: /home/cortex/kuka_ws/src/kuka-ros-trials/install/my_robot_description/share/my_robot_description/urdf/my_robot.urdf.xacro
-- Up-to-date: /home/cortex/kuka_ws/src/kuka-ros-trials/install/my_robot_description/share/my_robot_description/urdf/laser_profiler.xacro
-- Up-to-date: /home/cortex/kuka_ws/src/kuka-ros-trials/install/my_robot_description/share/my_robot_description/rviz
-- Up-to-date: /home/cortex/kuka_ws/src/kuka-ros-trials/install/my_robot_description/share/my_robot_description/rviz/display_config.rviz
-- Up-to-date: /home/cortex/kuka_ws/src/kuka-ros-trials/install/my_robot_description/share/ament_index/resource_index/package_run_dependencies/my_robot_description
-- Up-to-date: /home/cortex/kuka_ws/src/kuka-ros-trials/install/my_robot_description/share/ament_index/resource_index/parent_prefix_path/my_robot_description
-- Up-to-date: /home/cortex/kuka_ws/src/kuka-ros-trials/install/my_robot_description/share/my_robot_description/environment/ament_prefix_path.sh
-- Up-to-date: /home/cortex/kuka_ws/src/kuka-ros-trials/install/my_robot_description/share/my_robot_description/environment/ament_prefix_path.dsv
-- Up-to-date: /home/cortex/kuka_ws/src/kuka-ros-trials/install/my_robot_description/share/my_robot_description/environment/path.sh
-- Up-to-date: /home/cortex/kuka_ws/src/kuka-ros-trials/install/my_robot_description/share/my_robot_description/environment/path.dsv
-- Up-to-date: /home/cortex/kuka_ws/src/kuka-ros-trials/install/my_robot_description/share/my_robot_description/local_setup.bash
-- Up-to-date: /home/cortex/kuka_ws/src/kuka-ros-trials/install/my_robot_description/share/my_robot_description/local_setup.sh
-- Up-to-date: /home/cortex/kuka_ws/src/kuka-ros-trials/install/my_robot_description/share/my_robot_description/local_setup.zsh
-- Up-to-date: /home/cortex/kuka_ws/src/kuka-ros-trials/install/my_robot_description/share/my_robot_description/local_setup.dsv
-- Installing: /home/cortex/kuka_ws/src/kuka-ros-trials/install/my_robot_description/share/my_robot_description/package.dsv
-- Up-to-date: /home/cortex/kuka_ws/src/kuka-ros-trials/install/my_robot_description/share/ament_index/resource_index/packages/my_robot_description
-- Up-to-date: /home/cortex/kuka_ws/src/kuka-ros-trials/install/my_robot_description/share/my_robot_description/cmake/my_robot_descriptionConfig.cmake
-- Up-to-date: /home/cortex/kuka_ws/src/kuka-ros-trials/install/my_robot_description/share/my_robot_description/cmake/my_robot_descriptionConfig-version.cmake
-- Up-to-date: /home/cortex/kuka_ws/src/kuka-ros-trials/install/my_robot_description/share/my_robot_description/package.xml
