[0.015s] Invoking command in '/home/cortex/kuka_ws/src/kuka-ros-trials/build/my_robot_description': CMAKE_PREFIX_PATH=/opt/ros/humble /usr/bin/cmake --build /home/cortex/kuka_ws/src/kuka-ros-trials/build/my_robot_description -- -j20 -l20
[0.360s] Invoked command in '/home/cortex/kuka_ws/src/kuka-ros-trials/build/my_robot_description' returned '0': CMAKE_PREFIX_PATH=/opt/ros/humble /usr/bin/cmake --build /home/cortex/kuka_ws/src/kuka-ros-trials/build/my_robot_description -- -j20 -l20
[0.365s] Invoking command in '/home/cortex/kuka_ws/src/kuka-ros-trials/build/my_robot_description': CMAKE_PREFIX_PATH=/opt/ros/humble /usr/bin/cmake --install /home/cortex/kuka_ws/src/kuka-ros-trials/build/my_robot_description
[0.369s] -- Install configuration: ""
[0.369s] -- Up-to-date: /home/cortex/kuka_ws/src/kuka-ros-trials/install/my_robot_description/share/my_robot_description/config
[0.369s] -- Up-to-date: /home/cortex/kuka_ws/src/kuka-ros-trials/install/my_robot_description/share/my_robot_description/config/joint_names_kuka_kr10_r1440.yaml
[0.369s] -- Up-to-date: /home/cortex/kuka_ws/src/kuka-ros-trials/install/my_robot_description/share/my_robot_description/config/ros_gz_bridge.yaml
[0.369s] -- Up-to-date: /home/cortex/kuka_ws/src/kuka-ros-trials/install/my_robot_description/share/my_robot_description/launch
[0.369s] -- Up-to-date: /home/cortex/kuka_ws/src/kuka-ros-trials/install/my_robot_description/share/my_robot_description/launch/gazebo.launch.py
[0.369s] -- Up-to-date: /home/cortex/kuka_ws/src/kuka-ros-trials/install/my_robot_description/share/my_robot_description/launch/display.launch.py
[0.369s] -- Up-to-date: /home/cortex/kuka_ws/src/kuka-ros-trials/install/my_robot_description/share/my_robot_description/meshes
[0.369s] -- Up-to-date: /home/cortex/kuka_ws/src/kuka-ros-trials/install/my_robot_description/share/my_robot_description/meshes/base_link.STL
[0.369s] -- Up-to-date: /home/cortex/kuka_ws/src/kuka-ros-trials/install/my_robot_description/share/my_robot_description/meshes/shoulder.STL
[0.369s] -- Up-to-date: /home/cortex/kuka_ws/src/kuka-ros-trials/install/my_robot_description/share/my_robot_description/meshes/drill_bit
[0.370s] -- Up-to-date: /home/cortex/kuka_ws/src/kuka-ros-trials/install/my_robot_description/share/my_robot_description/meshes/drill_bit/Bit.dae
[0.370s] -- Up-to-date: /home/cortex/kuka_ws/src/kuka-ros-trials/install/my_robot_description/share/my_robot_description/meshes/elbow.STL
[0.370s] -- Up-to-date: /home/cortex/kuka_ws/src/kuka-ros-trials/install/my_robot_description/share/my_robot_description/meshes/end_effector.STL
[0.370s] -- Up-to-date: /home/cortex/kuka_ws/src/kuka-ros-trials/install/my_robot_description/share/my_robot_description/meshes/tip.STL
[0.370s] -- Up-to-date: /home/cortex/kuka_ws/src/kuka-ros-trials/install/my_robot_description/share/my_robot_description/meshes/forearm.STL
[0.370s] -- Up-to-date: /home/cortex/kuka_ws/src/kuka-ros-trials/install/my_robot_description/share/my_robot_description/meshes/main.STL
[0.370s] -- Up-to-date: /home/cortex/kuka_ws/src/kuka-ros-trials/install/my_robot_description/share/my_robot_description/meshes/scanControl_laser_profiler
[0.370s] -- Up-to-date: /home/cortex/kuka_ws/src/kuka-ros-trials/install/my_robot_description/share/my_robot_description/meshes/scanControl_laser_profiler/laser_profiler_visual.dae
[0.370s] -- Up-to-date: /home/cortex/kuka_ws/src/kuka-ros-trials/install/my_robot_description/share/my_robot_description/meshes/scanControl_laser_profiler/laser_profiler_collision.stl
[0.370s] -- Up-to-date: /home/cortex/kuka_ws/src/kuka-ros-trials/install/my_robot_description/share/my_robot_description/urdf
[0.370s] -- Up-to-date: /home/cortex/kuka_ws/src/kuka-ros-trials/install/my_robot_description/share/my_robot_description/urdf/kuka_kr10_r1440.xacro
[0.370s] -- Up-to-date: /home/cortex/kuka_ws/src/kuka-ros-trials/install/my_robot_description/share/my_robot_description/urdf/kuka_kr10_r1440.csv
[0.370s] -- Up-to-date: /home/cortex/kuka_ws/src/kuka-ros-trials/install/my_robot_description/share/my_robot_description/urdf/drill_bit.xacro
[0.370s] -- Up-to-date: /home/cortex/kuka_ws/src/kuka-ros-trials/install/my_robot_description/share/my_robot_description/urdf/my_robot.urdf.xacro
[0.370s] -- Up-to-date: /home/cortex/kuka_ws/src/kuka-ros-trials/install/my_robot_description/share/my_robot_description/urdf/laser_profiler.xacro
[0.370s] -- Up-to-date: /home/cortex/kuka_ws/src/kuka-ros-trials/install/my_robot_description/share/my_robot_description/rviz
[0.370s] -- Up-to-date: /home/cortex/kuka_ws/src/kuka-ros-trials/install/my_robot_description/share/my_robot_description/rviz/display_config.rviz
[0.370s] -- Up-to-date: /home/cortex/kuka_ws/src/kuka-ros-trials/install/my_robot_description/share/ament_index/resource_index/package_run_dependencies/my_robot_description
[0.370s] -- Up-to-date: /home/cortex/kuka_ws/src/kuka-ros-trials/install/my_robot_description/share/ament_index/resource_index/parent_prefix_path/my_robot_description
[0.370s] -- Up-to-date: /home/cortex/kuka_ws/src/kuka-ros-trials/install/my_robot_description/share/my_robot_description/environment/ament_prefix_path.sh
[0.370s] -- Up-to-date: /home/cortex/kuka_ws/src/kuka-ros-trials/install/my_robot_description/share/my_robot_description/environment/ament_prefix_path.dsv
[0.370s] -- Up-to-date: /home/cortex/kuka_ws/src/kuka-ros-trials/install/my_robot_description/share/my_robot_description/environment/path.sh
[0.370s] -- Up-to-date: /home/cortex/kuka_ws/src/kuka-ros-trials/install/my_robot_description/share/my_robot_description/environment/path.dsv
[0.370s] -- Up-to-date: /home/cortex/kuka_ws/src/kuka-ros-trials/install/my_robot_description/share/my_robot_description/local_setup.bash
[0.370s] -- Up-to-date: /home/cortex/kuka_ws/src/kuka-ros-trials/install/my_robot_description/share/my_robot_description/local_setup.sh
[0.370s] -- Up-to-date: /home/cortex/kuka_ws/src/kuka-ros-trials/install/my_robot_description/share/my_robot_description/local_setup.zsh
[0.370s] -- Up-to-date: /home/cortex/kuka_ws/src/kuka-ros-trials/install/my_robot_description/share/my_robot_description/local_setup.dsv
[0.371s] -- Installing: /home/cortex/kuka_ws/src/kuka-ros-trials/install/my_robot_description/share/my_robot_description/package.dsv
[0.371s] -- Up-to-date: /home/cortex/kuka_ws/src/kuka-ros-trials/install/my_robot_description/share/ament_index/resource_index/packages/my_robot_description
[0.371s] -- Up-to-date: /home/cortex/kuka_ws/src/kuka-ros-trials/install/my_robot_description/share/my_robot_description/cmake/my_robot_descriptionConfig.cmake
[0.371s] -- Up-to-date: /home/cortex/kuka_ws/src/kuka-ros-trials/install/my_robot_description/share/my_robot_description/cmake/my_robot_descriptionConfig-version.cmake
[0.371s] -- Up-to-date: /home/cortex/kuka_ws/src/kuka-ros-trials/install/my_robot_description/share/my_robot_description/package.xml
[0.372s] Invoked command in '/home/cortex/kuka_ws/src/kuka-ros-trials/build/my_robot_description' returned '0': CMAKE_PREFIX_PATH=/opt/ros/humble /usr/bin/cmake --install /home/cortex/kuka_ws/src/kuka-ros-trials/build/my_robot_description
