[0mCMake Deprecation Warning at CMakeLists.txt:1 (cmake_minimum_required):
  Compatibility with CMake < 3.10 will be removed from a future version of
  CMake.

  Update the VERSION argument <min> value.  Or, use the <min>...<max> syntax
  to tell CMake that the project requires at least <min> but has been updated
  to work with policies introduced by <max> or earlier.

[0m
-- The C compiler identification is GNU 11.4.0
-- The CXX compiler identification is GNU 11.4.0
-- Detecting C compiler ABI info
-- Detecting C compiler ABI info - done
-- Check for working C compiler: /usr/bin/cc - skipped
-- Detecting C compile features
-- Detecting C compile features - done
-- Detecting CXX compiler ABI info
-- Detecting CXX compiler ABI info - done
-- Check for working CXX compiler: /usr/bin/c++ - skipped
-- Detecting CXX compile features
-- Detecting CXX compile features - done
-- Found ament_cmake: 1.3.12 (/opt/ros/humble/share/ament_cmake/cmake)
-- Found Python3: /home/cortex/.pyenv/shims/python3 (found version "3.10.12") found components: Interpreter
-- Found ament_lint_auto: 0.12.14 (/opt/ros/humble/share/ament_lint_auto/cmake)
-- Added test 'lint_cmake' to check CMake code style
-- Added test 'xmllint' to check XML markup files
-- Configuring done (1.4s)
-- Generating done (0.0s)
-- Build files have been written to: /home/cortex/kuka_ws/src/kuka-ros-trials/build/my_robot_bringup
-- Install configuration: ""
-- Installing: /home/cortex/kuka_ws/src/kuka-ros-trials/install/my_robot_bringup/share/my_robot_bringup/config
-- Installing: /home/cortex/kuka_ws/src/kuka-ros-trials/install/my_robot_bringup/share/my_robot_bringup/config/ros2_controllers.yaml
[31mCMake Error at cmake_install.cmake:46 (file):
  file INSTALL cannot find
  "/home/cortex/kuka_ws/src/kuka-ros-trials/my_robot_bringup/launch": No such
  file or directory.

[0m
