[0.006s] Invoking command in '/home/cortex/kuka_ws/src/kuka-ros-trials/build/my_robot_bringup': AMENT_PREFIX_PATH=/home/cortex/kuka_ws/src/kuka-ros-trials/install/my_robot_movit_config:/home/cortex/kuka_ws/src/kuka-ros-trials/install/my_robot_description:${AMENT_PREFIX_PATH} CMAKE_PREFIX_PATH=/home/cortex/kuka_ws/src/kuka-ros-trials/install/my_robot_movit_config:/home/cortex/kuka_ws/src/kuka-ros-trials/install/my_robot_description:/opt/ros/humble /usr/bin/cmake /home/cortex/kuka_ws/src/kuka-ros-trials/my_robot_bringup -DCMAKE_INSTALL_PREFIX=/home/cortex/kuka_ws/src/kuka-ros-trials/install/my_robot_bringup
[0.014s] [0mCMake Deprecation Warning at CMakeLists.txt:1 (cmake_minimum_required):
[0.015s]   Compatibility with CMake < 3.10 will be removed from a future version of
[0.015s]   CMake.
[0.015s] 
[0.015s]   Update the VERSION argument <min> value.  Or, use the <min>...<max> syntax
[0.015s]   to tell CMake that the project requires at least <min> but has been updated
[0.015s]   to work with policies introduced by <max> or earlier.
[0.015s] 
[0.015s] [0m
[0.066s] -- The C compiler identification is GNU 11.4.0
[0.126s] -- The CXX compiler identification is GNU 11.4.0
[0.132s] -- Detecting C compiler ABI info
[0.211s] -- Detecting C compiler ABI info - done
[0.230s] -- Check for working C compiler: /usr/bin/cc - skipped
[0.230s] -- Detecting C compile features
[0.231s] -- Detecting C compile features - done
[0.249s] -- Detecting CXX compiler ABI info
[0.361s] -- Detecting CXX compiler ABI info - done
[0.373s] -- Check for working CXX compiler: /usr/bin/c++ - skipped
[0.373s] -- Detecting CXX compile features
[0.374s] -- Detecting CXX compile features - done
[0.386s] -- Found ament_cmake: 1.3.12 (/opt/ros/humble/share/ament_cmake/cmake)
[1.017s] -- Found Python3: /home/cortex/.pyenv/shims/python3 (found version "3.10.12") found components: Interpreter
[1.200s] -- Found ament_lint_auto: 0.12.14 (/opt/ros/humble/share/ament_lint_auto/cmake)
[1.360s] -- Added test 'lint_cmake' to check CMake code style
[1.361s] -- Added test 'xmllint' to check XML markup files
[1.362s] -- Configuring done (1.4s)
[1.364s] -- Generating done (0.0s)
[1.364s] -- Build files have been written to: /home/cortex/kuka_ws/src/kuka-ros-trials/build/my_robot_bringup
[1.368s] Invoked command in '/home/cortex/kuka_ws/src/kuka-ros-trials/build/my_robot_bringup' returned '0': AMENT_PREFIX_PATH=/home/cortex/kuka_ws/src/kuka-ros-trials/install/my_robot_movit_config:/home/cortex/kuka_ws/src/kuka-ros-trials/install/my_robot_description:${AMENT_PREFIX_PATH} CMAKE_PREFIX_PATH=/home/cortex/kuka_ws/src/kuka-ros-trials/install/my_robot_movit_config:/home/cortex/kuka_ws/src/kuka-ros-trials/install/my_robot_description:/opt/ros/humble /usr/bin/cmake /home/cortex/kuka_ws/src/kuka-ros-trials/my_robot_bringup -DCMAKE_INSTALL_PREFIX=/home/cortex/kuka_ws/src/kuka-ros-trials/install/my_robot_bringup
[1.370s] Invoking command in '/home/cortex/kuka_ws/src/kuka-ros-trials/build/my_robot_bringup': AMENT_PREFIX_PATH=/home/cortex/kuka_ws/src/kuka-ros-trials/install/my_robot_movit_config:/home/cortex/kuka_ws/src/kuka-ros-trials/install/my_robot_description:${AMENT_PREFIX_PATH} CMAKE_PREFIX_PATH=/home/cortex/kuka_ws/src/kuka-ros-trials/install/my_robot_movit_config:/home/cortex/kuka_ws/src/kuka-ros-trials/install/my_robot_description:/opt/ros/humble /usr/bin/cmake --build /home/cortex/kuka_ws/src/kuka-ros-trials/build/my_robot_bringup -- -j20 -l20
[1.395s] Invoked command in '/home/cortex/kuka_ws/src/kuka-ros-trials/build/my_robot_bringup' returned '0': AMENT_PREFIX_PATH=/home/cortex/kuka_ws/src/kuka-ros-trials/install/my_robot_movit_config:/home/cortex/kuka_ws/src/kuka-ros-trials/install/my_robot_description:${AMENT_PREFIX_PATH} CMAKE_PREFIX_PATH=/home/cortex/kuka_ws/src/kuka-ros-trials/install/my_robot_movit_config:/home/cortex/kuka_ws/src/kuka-ros-trials/install/my_robot_description:/opt/ros/humble /usr/bin/cmake --build /home/cortex/kuka_ws/src/kuka-ros-trials/build/my_robot_bringup -- -j20 -l20
[1.397s] Invoking command in '/home/cortex/kuka_ws/src/kuka-ros-trials/build/my_robot_bringup': AMENT_PREFIX_PATH=/home/cortex/kuka_ws/src/kuka-ros-trials/install/my_robot_movit_config:/home/cortex/kuka_ws/src/kuka-ros-trials/install/my_robot_description:${AMENT_PREFIX_PATH} CMAKE_PREFIX_PATH=/home/cortex/kuka_ws/src/kuka-ros-trials/install/my_robot_movit_config:/home/cortex/kuka_ws/src/kuka-ros-trials/install/my_robot_description:/opt/ros/humble /usr/bin/cmake --install /home/cortex/kuka_ws/src/kuka-ros-trials/build/my_robot_bringup
[1.404s] -- Install configuration: ""
[1.404s] -- Installing: /home/cortex/kuka_ws/src/kuka-ros-trials/install/my_robot_bringup/share/my_robot_bringup/config
[1.404s] -- Installing: /home/cortex/kuka_ws/src/kuka-ros-trials/install/my_robot_bringup/share/my_robot_bringup/config/ros2_controllers.yaml
[1.404s] [31mCMake Error at cmake_install.cmake:46 (file):
[1.404s]   file INSTALL cannot find
[1.404s]   "/home/cortex/kuka_ws/src/kuka-ros-trials/my_robot_bringup/launch": No such
[1.405s]   file or directory.
[1.405s] 
[1.405s] [0m
[1.406s] Invoked command in '/home/cortex/kuka_ws/src/kuka-ros-trials/build/my_robot_bringup' returned '1': AMENT_PREFIX_PATH=/home/cortex/kuka_ws/src/kuka-ros-trials/install/my_robot_movit_config:/home/cortex/kuka_ws/src/kuka-ros-trials/install/my_robot_description:${AMENT_PREFIX_PATH} CMAKE_PREFIX_PATH=/home/cortex/kuka_ws/src/kuka-ros-trials/install/my_robot_movit_config:/home/cortex/kuka_ws/src/kuka-ros-trials/install/my_robot_description:/opt/ros/humble /usr/bin/cmake --install /home/cortex/kuka_ws/src/kuka-ros-trials/build/my_robot_bringup
