-- The C compiler identification is GNU 11.4.0
-- The CXX compiler identification is GNU 11.4.0
-- Detecting C compiler ABI info
-- Detecting C compiler ABI info - done
[0mCMake Deprecation Warning at CMakeLists.txt:1 (cmake_minimum_required):
  Compatibility with CMake < 3.10 will be removed from a future version of
  CMake.

  Update the VERSION argument <min> value.  Or, use the <min>...<max> syntax
  to tell CMake that the project requires at least <min> but has been updated
  to work with policies introduced by <max> or earlier.

[0m
-- Check for working C compiler: /usr/bin/cc - skipped
-- Detecting C compile features
-- Detecting C compile features - done
-- Detecting CXX compiler ABI info
-- Detecting CXX compiler ABI info - done
-- Check for working CXX compiler: /usr/bin/c++ - skipped
-- Detecting CXX compile features
-- Detecting CXX compile features - done
-- Found ament_cmake: 1.3.12 (/opt/ros/humble/share/ament_cmake/cmake)
-- Found Python3: /home/cortex/.pyenv/shims/python3 (found version "3.10.12") found components: Interpreter
-- Found ament_lint_auto: 0.12.14 (/opt/ros/humble/share/ament_lint_auto/cmake)
-- Found launch_testing_ament_cmake: 1.0.13 (/opt/ros/humble/share/launch_testing_ament_cmake/cmake)
-- Found python_cmake_module: 0.10.0 (/opt/ros/humble/share/python_cmake_module/cmake)
[33mCMake Warning (dev) at /opt/ros/humble/share/python_cmake_module/cmake/Modules/FindPythonExtra.cmake:52 (find_package):
  Policy CMP0148 is not set: The FindPythonInterp and FindPythonLibs modules
  are removed.  Run "cmake --help-policy CMP0148" for policy details.  Use
  the cmake_policy command to set the policy and suppress this warning.

Call Stack (most recent call first):
  /opt/ros/humble/share/launch_testing_ament_cmake/cmake/launch_testing_ament_cmake-extras.cmake:18 (find_package)
  /opt/ros/humble/share/launch_testing_ament_cmake/cmake/launch_testing_ament_cmakeConfig.cmake:41 (include)
  CMakeLists.txt:13 (find_package)
This warning is for project developers.  Use -Wno-dev to suppress it.
[0m
-- Found PythonInterp: /home/cortex/.pyenv/shims/python3 (found suitable version "3.10.12", minimum required is "3.6")
[33mCMake Warning (dev) at /opt/ros/humble/share/python_cmake_module/cmake/Modules/FindPythonExtra.cmake:140 (find_package):
  Policy CMP0148 is not set: The FindPythonInterp and FindPythonLibs modules
  are removed.  Run "cmake --help-policy CMP0148" for policy details.  Use
  the cmake_policy command to set the policy and suppress this warning.

Call Stack (most recent call first):
  /opt/ros/humble/share/launch_testing_ament_cmake/cmake/launch_testing_ament_cmake-extras.cmake:18 (find_package)
  /opt/ros/humble/share/launch_testing_ament_cmake/cmake/launch_testing_ament_cmakeConfig.cmake:41 (include)
  CMakeLists.txt:13 (find_package)
This warning is for project developers.  Use -Wno-dev to suppress it.
[0m
-- Found PythonLibs: /usr/lib/x86_64-linux-gnu/libpython3.10.so (found suitable version "3.10.12", minimum required is "3.5")
-- Using PYTHON_EXECUTABLE: /home/cortex/.pyenv/shims/python3
-- Using PYTHON_INCLUDE_DIRS: /usr/include/python3.10
-- Using PYTHON_LIBRARIES: /usr/lib/x86_64-linux-gnu/libpython3.10.so
-- Found PythonExtra: .so
-- Configuring done (1.2s)
-- Generating done (0.0s)
-- Build files have been written to: /home/cortex/kuka_ws/src/kuka-ros-trials/build/my_robot_description
-- Install configuration: ""
-- Installing: /home/cortex/kuka_ws/src/kuka-ros-trials/install/my_robot_description/share/my_robot_description/config
-- Installing: /home/cortex/kuka_ws/src/kuka-ros-trials/install/my_robot_description/share/my_robot_description/config/joint_names_kuka_kr10_r1440.yaml
-- Installing: /home/cortex/kuka_ws/src/kuka-ros-trials/install/my_robot_description/share/my_robot_description/config/ros_gz_bridge.yaml
-- Installing: /home/cortex/kuka_ws/src/kuka-ros-trials/install/my_robot_description/share/my_robot_description/launch
-- Installing: /home/cortex/kuka_ws/src/kuka-ros-trials/install/my_robot_description/share/my_robot_description/launch/gazebo.launch.py
-- Installing: /home/cortex/kuka_ws/src/kuka-ros-trials/install/my_robot_description/share/my_robot_description/launch/display.launch.py
-- Installing: /home/cortex/kuka_ws/src/kuka-ros-trials/install/my_robot_description/share/my_robot_description/meshes
-- Installing: /home/cortex/kuka_ws/src/kuka-ros-trials/install/my_robot_description/share/my_robot_description/meshes/base_link.STL
-- Installing: /home/cortex/kuka_ws/src/kuka-ros-trials/install/my_robot_description/share/my_robot_description/meshes/shoulder.STL
-- Installing: /home/cortex/kuka_ws/src/kuka-ros-trials/install/my_robot_description/share/my_robot_description/meshes/drill_bit
-- Installing: /home/cortex/kuka_ws/src/kuka-ros-trials/install/my_robot_description/share/my_robot_description/meshes/drill_bit/Bit.dae
-- Installing: /home/cortex/kuka_ws/src/kuka-ros-trials/install/my_robot_description/share/my_robot_description/meshes/elbow.STL
-- Installing: /home/cortex/kuka_ws/src/kuka-ros-trials/install/my_robot_description/share/my_robot_description/meshes/end_effector.STL
-- Installing: /home/cortex/kuka_ws/src/kuka-ros-trials/install/my_robot_description/share/my_robot_description/meshes/tip.STL
-- Installing: /home/cortex/kuka_ws/src/kuka-ros-trials/install/my_robot_description/share/my_robot_description/meshes/forearm.STL
-- Installing: /home/cortex/kuka_ws/src/kuka-ros-trials/install/my_robot_description/share/my_robot_description/meshes/main.STL
-- Installing: /home/cortex/kuka_ws/src/kuka-ros-trials/install/my_robot_description/share/my_robot_description/meshes/scanControl_laser_profiler
-- Installing: /home/cortex/kuka_ws/src/kuka-ros-trials/install/my_robot_description/share/my_robot_description/meshes/scanControl_laser_profiler/laser_profiler_visual.dae
-- Installing: /home/cortex/kuka_ws/src/kuka-ros-trials/install/my_robot_description/share/my_robot_description/meshes/scanControl_laser_profiler/laser_profiler_collision.stl
-- Installing: /home/cortex/kuka_ws/src/kuka-ros-trials/install/my_robot_description/share/my_robot_description/urdf
-- Installing: /home/cortex/kuka_ws/src/kuka-ros-trials/install/my_robot_description/share/my_robot_description/urdf/kuka_kr10_r1440.xacro
-- Installing: /home/cortex/kuka_ws/src/kuka-ros-trials/install/my_robot_description/share/my_robot_description/urdf/kuka_kr10_r1440.csv
-- Installing: /home/cortex/kuka_ws/src/kuka-ros-trials/install/my_robot_description/share/my_robot_description/urdf/drill_bit.xacro
-- Installing: /home/cortex/kuka_ws/src/kuka-ros-trials/install/my_robot_description/share/my_robot_description/urdf/my_robot.urdf.xacro
-- Installing: /home/cortex/kuka_ws/src/kuka-ros-trials/install/my_robot_description/share/my_robot_description/urdf/laser_profiler.xacro
-- Installing: /home/cortex/kuka_ws/src/kuka-ros-trials/install/my_robot_description/share/my_robot_description/rviz
-- Installing: /home/cortex/kuka_ws/src/kuka-ros-trials/install/my_robot_description/share/my_robot_description/rviz/display_config.rviz
-- Installing: /home/cortex/kuka_ws/src/kuka-ros-trials/install/my_robot_description/share/ament_index/resource_index/package_run_dependencies/my_robot_description
-- Installing: /home/cortex/kuka_ws/src/kuka-ros-trials/install/my_robot_description/share/ament_index/resource_index/parent_prefix_path/my_robot_description
-- Installing: /home/cortex/kuka_ws/src/kuka-ros-trials/install/my_robot_description/share/my_robot_description/environment/ament_prefix_path.sh
-- Installing: /home/cortex/kuka_ws/src/kuka-ros-trials/install/my_robot_description/share/my_robot_description/environment/ament_prefix_path.dsv
-- Installing: /home/cortex/kuka_ws/src/kuka-ros-trials/install/my_robot_description/share/my_robot_description/environment/path.sh
-- Installing: /home/cortex/kuka_ws/src/kuka-ros-trials/install/my_robot_description/share/my_robot_description/environment/path.dsv
-- Installing: /home/cortex/kuka_ws/src/kuka-ros-trials/install/my_robot_description/share/my_robot_description/local_setup.bash
-- Installing: /home/cortex/kuka_ws/src/kuka-ros-trials/install/my_robot_description/share/my_robot_description/local_setup.sh
-- Installing: /home/cortex/kuka_ws/src/kuka-ros-trials/install/my_robot_description/share/my_robot_description/local_setup.zsh
-- Installing: /home/cortex/kuka_ws/src/kuka-ros-trials/install/my_robot_description/share/my_robot_description/local_setup.dsv
-- Installing: /home/cortex/kuka_ws/src/kuka-ros-trials/install/my_robot_description/share/my_robot_description/package.dsv
-- Installing: /home/cortex/kuka_ws/src/kuka-ros-trials/install/my_robot_description/share/ament_index/resource_index/packages/my_robot_description
-- Installing: /home/cortex/kuka_ws/src/kuka-ros-trials/install/my_robot_description/share/my_robot_description/cmake/my_robot_descriptionConfig.cmake
-- Installing: /home/cortex/kuka_ws/src/kuka-ros-trials/install/my_robot_description/share/my_robot_description/cmake/my_robot_descriptionConfig-version.cmake
-- Installing: /home/cortex/kuka_ws/src/kuka-ros-trials/install/my_robot_description/share/my_robot_description/package.xml
