[0.016s] Invoking command in '/home/cortex/kuka_ws/src/kuka-ros-trials/build/my_robot_description': CMAKE_PREFIX_PATH=/opt/ros/humble /usr/bin/cmake /home/cortex/kuka_ws/src/kuka-ros-trials/my_robot_description -DCMAKE_INSTALL_PREFIX=/home/cortex/kuka_ws/src/kuka-ros-trials/install/my_robot_description
[0.183s] -- The C compiler identification is GNU 11.4.0
[0.184s] -- The CXX compiler identification is GNU 11.4.0
[0.184s] -- Detecting C compiler ABI info
[0.184s] -- Detecting C compiler ABI info - done
[0.184s] [0mCMake Deprecation Warning at CMakeLists.txt:1 (cmake_minimum_required):
[0.185s]   Compatibility with CMake < 3.10 will be removed from a future version of
[0.185s]   CMake.
[0.185s] 
[0.185s]   Update the VERSION argument <min> value.  Or, use the <min>...<max> syntax
[0.185s]   to tell CMake that the project requires at least <min> but has been updated
[0.185s]   to work with policies introduced by <max> or earlier.
[0.185s] 
[0.185s] [0m
[0.194s] -- Check for working C compiler: /usr/bin/cc - skipped
[0.195s] -- Detecting C compile features
[0.195s] -- Detecting C compile features - done
[0.205s] -- Detecting CXX compiler ABI info
[0.268s] -- Detecting CXX compiler ABI info - done
[0.279s] -- Check for working CXX compiler: /usr/bin/c++ - skipped
[0.279s] -- Detecting CXX compile features
[0.280s] -- Detecting CXX compile features - done
[0.289s] -- Found ament_cmake: 1.3.12 (/opt/ros/humble/share/ament_cmake/cmake)
[0.775s] -- Found Python3: /home/cortex/.pyenv/shims/python3 (found version "3.10.12") found components: Interpreter
[0.917s] -- Found ament_lint_auto: 0.12.14 (/opt/ros/humble/share/ament_lint_auto/cmake)
[1.027s] -- Found launch_testing_ament_cmake: 1.0.13 (/opt/ros/humble/share/launch_testing_ament_cmake/cmake)
[1.029s] -- Found python_cmake_module: 0.10.0 (/opt/ros/humble/share/python_cmake_module/cmake)
[1.030s] [33mCMake Warning (dev) at /opt/ros/humble/share/python_cmake_module/cmake/Modules/FindPythonExtra.cmake:52 (find_package):
[1.030s]   Policy CMP0148 is not set: The FindPythonInterp and FindPythonLibs modules
[1.030s]   are removed.  Run "cmake --help-policy CMP0148" for policy details.  Use
[1.030s]   the cmake_policy command to set the policy and suppress this warning.
[1.030s] 
[1.030s] Call Stack (most recent call first):
[1.030s]   /opt/ros/humble/share/launch_testing_ament_cmake/cmake/launch_testing_ament_cmake-extras.cmake:18 (find_package)
[1.030s]   /opt/ros/humble/share/launch_testing_ament_cmake/cmake/launch_testing_ament_cmakeConfig.cmake:41 (include)
[1.030s]   CMakeLists.txt:13 (find_package)
[1.030s] This warning is for project developers.  Use -Wno-dev to suppress it.
[1.030s] [0m
[1.100s] -- Found PythonInterp: /home/cortex/.pyenv/shims/python3 (found suitable version "3.10.12", minimum required is "3.6")
[1.100s] [33mCMake Warning (dev) at /opt/ros/humble/share/python_cmake_module/cmake/Modules/FindPythonExtra.cmake:140 (find_package):
[1.100s]   Policy CMP0148 is not set: The FindPythonInterp and FindPythonLibs modules
[1.100s]   are removed.  Run "cmake --help-policy CMP0148" for policy details.  Use
[1.100s]   the cmake_policy command to set the policy and suppress this warning.
[1.100s] 
[1.101s] Call Stack (most recent call first):
[1.101s]   /opt/ros/humble/share/launch_testing_ament_cmake/cmake/launch_testing_ament_cmake-extras.cmake:18 (find_package)
[1.101s]   /opt/ros/humble/share/launch_testing_ament_cmake/cmake/launch_testing_ament_cmakeConfig.cmake:41 (include)
[1.101s]   CMakeLists.txt:13 (find_package)
[1.101s] This warning is for project developers.  Use -Wno-dev to suppress it.
[1.101s] [0m
[1.114s] -- Found PythonLibs: /usr/lib/x86_64-linux-gnu/libpython3.10.so (found suitable version "3.10.12", minimum required is "3.5")
[1.114s] -- Using PYTHON_EXECUTABLE: /home/cortex/.pyenv/shims/python3
[1.114s] -- Using PYTHON_INCLUDE_DIRS: /usr/include/python3.10
[1.114s] -- Using PYTHON_LIBRARIES: /usr/lib/x86_64-linux-gnu/libpython3.10.so
[1.183s] -- Found PythonExtra: .so
[1.185s] -- Configuring done (1.2s)
[1.188s] -- Generating done (0.0s)
[1.188s] -- Build files have been written to: /home/cortex/kuka_ws/src/kuka-ros-trials/build/my_robot_description
[1.194s] Invoked command in '/home/cortex/kuka_ws/src/kuka-ros-trials/build/my_robot_description' returned '0': CMAKE_PREFIX_PATH=/opt/ros/humble /usr/bin/cmake /home/cortex/kuka_ws/src/kuka-ros-trials/my_robot_description -DCMAKE_INSTALL_PREFIX=/home/cortex/kuka_ws/src/kuka-ros-trials/install/my_robot_description
[1.195s] Invoking command in '/home/cortex/kuka_ws/src/kuka-ros-trials/build/my_robot_description': CMAKE_PREFIX_PATH=/opt/ros/humble /usr/bin/cmake --build /home/cortex/kuka_ws/src/kuka-ros-trials/build/my_robot_description -- -j20 -l20
[1.217s] Invoked command in '/home/cortex/kuka_ws/src/kuka-ros-trials/build/my_robot_description' returned '0': CMAKE_PREFIX_PATH=/opt/ros/humble /usr/bin/cmake --build /home/cortex/kuka_ws/src/kuka-ros-trials/build/my_robot_description -- -j20 -l20
[1.222s] Invoking command in '/home/cortex/kuka_ws/src/kuka-ros-trials/build/my_robot_description': CMAKE_PREFIX_PATH=/opt/ros/humble /usr/bin/cmake --install /home/cortex/kuka_ws/src/kuka-ros-trials/build/my_robot_description
[1.227s] -- Install configuration: ""
[1.227s] -- Installing: /home/cortex/kuka_ws/src/kuka-ros-trials/install/my_robot_description/share/my_robot_description/config
[1.227s] -- Installing: /home/cortex/kuka_ws/src/kuka-ros-trials/install/my_robot_description/share/my_robot_description/config/joint_names_kuka_kr10_r1440.yaml
[1.227s] -- Installing: /home/cortex/kuka_ws/src/kuka-ros-trials/install/my_robot_description/share/my_robot_description/config/ros_gz_bridge.yaml
[1.227s] -- Installing: /home/cortex/kuka_ws/src/kuka-ros-trials/install/my_robot_description/share/my_robot_description/launch
[1.227s] -- Installing: /home/cortex/kuka_ws/src/kuka-ros-trials/install/my_robot_description/share/my_robot_description/launch/gazebo.launch.py
[1.227s] -- Installing: /home/cortex/kuka_ws/src/kuka-ros-trials/install/my_robot_description/share/my_robot_description/launch/display.launch.py
[1.227s] -- Installing: /home/cortex/kuka_ws/src/kuka-ros-trials/install/my_robot_description/share/my_robot_description/meshes
[1.227s] -- Installing: /home/cortex/kuka_ws/src/kuka-ros-trials/install/my_robot_description/share/my_robot_description/meshes/base_link.STL
[1.228s] -- Installing: /home/cortex/kuka_ws/src/kuka-ros-trials/install/my_robot_description/share/my_robot_description/meshes/shoulder.STL
[1.230s] -- Installing: /home/cortex/kuka_ws/src/kuka-ros-trials/install/my_robot_description/share/my_robot_description/meshes/drill_bit
[1.230s] -- Installing: /home/cortex/kuka_ws/src/kuka-ros-trials/install/my_robot_description/share/my_robot_description/meshes/drill_bit/Bit.dae
[1.244s] -- Installing: /home/cortex/kuka_ws/src/kuka-ros-trials/install/my_robot_description/share/my_robot_description/meshes/elbow.STL
[1.245s] -- Installing: /home/cortex/kuka_ws/src/kuka-ros-trials/install/my_robot_description/share/my_robot_description/meshes/end_effector.STL
[1.245s] -- Installing: /home/cortex/kuka_ws/src/kuka-ros-trials/install/my_robot_description/share/my_robot_description/meshes/tip.STL
[1.245s] -- Installing: /home/cortex/kuka_ws/src/kuka-ros-trials/install/my_robot_description/share/my_robot_description/meshes/forearm.STL
[1.247s] -- Installing: /home/cortex/kuka_ws/src/kuka-ros-trials/install/my_robot_description/share/my_robot_description/meshes/main.STL
[1.249s] -- Installing: /home/cortex/kuka_ws/src/kuka-ros-trials/install/my_robot_description/share/my_robot_description/meshes/scanControl_laser_profiler
[1.249s] -- Installing: /home/cortex/kuka_ws/src/kuka-ros-trials/install/my_robot_description/share/my_robot_description/meshes/scanControl_laser_profiler/laser_profiler_visual.dae
[1.250s] -- Installing: /home/cortex/kuka_ws/src/kuka-ros-trials/install/my_robot_description/share/my_robot_description/meshes/scanControl_laser_profiler/laser_profiler_collision.stl
[1.250s] -- Installing: /home/cortex/kuka_ws/src/kuka-ros-trials/install/my_robot_description/share/my_robot_description/urdf
[1.250s] -- Installing: /home/cortex/kuka_ws/src/kuka-ros-trials/install/my_robot_description/share/my_robot_description/urdf/kuka_kr10_r1440.xacro
[1.250s] -- Installing: /home/cortex/kuka_ws/src/kuka-ros-trials/install/my_robot_description/share/my_robot_description/urdf/kuka_kr10_r1440.csv
[1.250s] -- Installing: /home/cortex/kuka_ws/src/kuka-ros-trials/install/my_robot_description/share/my_robot_description/urdf/drill_bit.xacro
[1.250s] -- Installing: /home/cortex/kuka_ws/src/kuka-ros-trials/install/my_robot_description/share/my_robot_description/urdf/my_robot.urdf.xacro
[1.250s] -- Installing: /home/cortex/kuka_ws/src/kuka-ros-trials/install/my_robot_description/share/my_robot_description/urdf/laser_profiler.xacro
[1.250s] -- Installing: /home/cortex/kuka_ws/src/kuka-ros-trials/install/my_robot_description/share/my_robot_description/rviz
[1.250s] -- Installing: /home/cortex/kuka_ws/src/kuka-ros-trials/install/my_robot_description/share/my_robot_description/rviz/display_config.rviz
[1.250s] -- Installing: /home/cortex/kuka_ws/src/kuka-ros-trials/install/my_robot_description/share/ament_index/resource_index/package_run_dependencies/my_robot_description
[1.250s] -- Installing: /home/cortex/kuka_ws/src/kuka-ros-trials/install/my_robot_description/share/ament_index/resource_index/parent_prefix_path/my_robot_description
[1.250s] -- Installing: /home/cortex/kuka_ws/src/kuka-ros-trials/install/my_robot_description/share/my_robot_description/environment/ament_prefix_path.sh
[1.250s] -- Installing: /home/cortex/kuka_ws/src/kuka-ros-trials/install/my_robot_description/share/my_robot_description/environment/ament_prefix_path.dsv
[1.250s] -- Installing: /home/cortex/kuka_ws/src/kuka-ros-trials/install/my_robot_description/share/my_robot_description/environment/path.sh
[1.250s] -- Installing: /home/cortex/kuka_ws/src/kuka-ros-trials/install/my_robot_description/share/my_robot_description/environment/path.dsv
[1.250s] -- Installing: /home/cortex/kuka_ws/src/kuka-ros-trials/install/my_robot_description/share/my_robot_description/local_setup.bash
[1.250s] -- Installing: /home/cortex/kuka_ws/src/kuka-ros-trials/install/my_robot_description/share/my_robot_description/local_setup.sh
[1.250s] -- Installing: /home/cortex/kuka_ws/src/kuka-ros-trials/install/my_robot_description/share/my_robot_description/local_setup.zsh
[1.250s] -- Installing: /home/cortex/kuka_ws/src/kuka-ros-trials/install/my_robot_description/share/my_robot_description/local_setup.dsv
[1.250s] -- Installing: /home/cortex/kuka_ws/src/kuka-ros-trials/install/my_robot_description/share/my_robot_description/package.dsv
[1.251s] -- Installing: /home/cortex/kuka_ws/src/kuka-ros-trials/install/my_robot_description/share/ament_index/resource_index/packages/my_robot_description
[1.251s] -- Installing: /home/cortex/kuka_ws/src/kuka-ros-trials/install/my_robot_description/share/my_robot_description/cmake/my_robot_descriptionConfig.cmake
[1.251s] -- Installing: /home/cortex/kuka_ws/src/kuka-ros-trials/install/my_robot_description/share/my_robot_description/cmake/my_robot_descriptionConfig-version.cmake
[1.251s] -- Installing: /home/cortex/kuka_ws/src/kuka-ros-trials/install/my_robot_description/share/my_robot_description/package.xml
[1.252s] Invoked command in '/home/cortex/kuka_ws/src/kuka-ros-trials/build/my_robot_description' returned '0': CMAKE_PREFIX_PATH=/opt/ros/humble /usr/bin/cmake --install /home/cortex/kuka_ws/src/kuka-ros-trials/build/my_robot_description
