[  1%] Built target my_robot_interfaces__cpp
[  1%] Built target ament_cmake_python_copy_my_robot_interfaces
[ 12%] Built target my_robot_interfaces__rosidl_generator_c
[ 23%] Built target my_robot_interfaces__rosidl_typesupport_cpp
[ 34%] Built target my_robot_interfaces__rosidl_typesupport_c
[ 45%] Built target my_robot_interfaces__rosidl_typesupport_introspection_c
[ 56%] Built target my_robot_interfaces__rosidl_typesupport_fastrtps_cpp
[ 67%] Built target my_robot_interfaces__rosidl_typesupport_introspection_cpp
[ 78%] Built target my_robot_interfaces__rosidl_typesupport_fastrtps_c
[ 78%] Built target my_robot_interfaces
[ 80%] Built target my_robot_interfaces__py
[ 89%] Built target my_robot_interfaces__rosidl_generator_py
[ 92%] Built target my_robot_interfaces__rosidl_typesupport_introspection_c__pyext
[ 96%] Built target my_robot_interfaces__rosidl_typesupport_fastrtps_c__pyext
[100%] Built target my_robot_interfaces__rosidl_typesupport_c__pyext
running egg_info
writing my_robot_interfaces.egg-info/PKG-INFO
writing dependency_links to my_robot_interfaces.egg-info/dependency_links.txt
writing top-level names to my_robot_interfaces.egg-info/top_level.txt
reading manifest file 'my_robot_interfaces.egg-info/SOURCES.txt'
writing manifest file 'my_robot_interfaces.egg-info/SOURCES.txt'
[100%] Built target ament_cmake_python_build_my_robot_interfaces_egg
-- Install configuration: ""
-- Installing: /home/cortex/kuka_ws/src/kuka-ros-trials/install/my_robot_interfaces/share/ament_index/resource_index/rosidl_interfaces/my_robot_interfaces
-- Installing: /home/cortex/kuka_ws/src/kuka-ros-trials/install/my_robot_interfaces/include/my_robot_interfaces/my_robot_interfaces
-- Installing: /home/cortex/kuka_ws/src/kuka-ros-trials/install/my_robot_interfaces/include/my_robot_interfaces/my_robot_interfaces/srv
-- Installing: /home/cortex/kuka_ws/src/kuka-ros-trials/install/my_robot_interfaces/include/my_robot_interfaces/my_robot_interfaces/srv/do_homing.h
-- Installing: /home/cortex/kuka_ws/src/kuka-ros-trials/install/my_robot_interfaces/include/my_robot_interfaces/my_robot_interfaces/srv/get_current_pose.h
-- Installing: /home/cortex/kuka_ws/src/kuka-ros-trials/install/my_robot_interfaces/include/my_robot_interfaces/my_robot_interfaces/srv/detail
-- Installing: /home/cortex/kuka_ws/src/kuka-ros-trials/install/my_robot_interfaces/include/my_robot_interfaces/my_robot_interfaces/srv/detail/do_homing__struct.h
-- Installing: /home/cortex/kuka_ws/src/kuka-ros-trials/install/my_robot_interfaces/include/my_robot_interfaces/my_robot_interfaces/srv/detail/do_calibration__type_support.h
-- Installing: /home/cortex/kuka_ws/src/kuka-ros-trials/install/my_robot_interfaces/include/my_robot_interfaces/my_robot_interfaces/srv/detail/do_homing__functions.c
-- Installing: /home/cortex/kuka_ws/src/kuka-ros-trials/install/my_robot_interfaces/include/my_robot_interfaces/my_robot_interfaces/srv/detail/do_calibration__struct.h
-- Installing: /home/cortex/kuka_ws/src/kuka-ros-trials/install/my_robot_interfaces/include/my_robot_interfaces/my_robot_interfaces/srv/detail/get_current_pose__struct.h
-- Installing: /home/cortex/kuka_ws/src/kuka-ros-trials/install/my_robot_interfaces/include/my_robot_interfaces/my_robot_interfaces/srv/detail/do_calibration__functions.c
-- Installing: /home/cortex/kuka_ws/src/kuka-ros-trials/install/my_robot_interfaces/include/my_robot_interfaces/my_robot_interfaces/srv/detail/get_current_pose__functions.h
-- Installing: /home/cortex/kuka_ws/src/kuka-ros-trials/install/my_robot_interfaces/include/my_robot_interfaces/my_robot_interfaces/srv/detail/do_calibration__functions.h
-- Installing: /home/cortex/kuka_ws/src/kuka-ros-trials/install/my_robot_interfaces/include/my_robot_interfaces/my_robot_interfaces/srv/detail/get_current_pose__type_support.h
-- Installing: /home/cortex/kuka_ws/src/kuka-ros-trials/install/my_robot_interfaces/include/my_robot_interfaces/my_robot_interfaces/srv/detail/do_homing__type_support.h
-- Installing: /home/cortex/kuka_ws/src/kuka-ros-trials/install/my_robot_interfaces/include/my_robot_interfaces/my_robot_interfaces/srv/detail/get_current_pose__functions.c
-- Installing: /home/cortex/kuka_ws/src/kuka-ros-trials/install/my_robot_interfaces/include/my_robot_interfaces/my_robot_interfaces/srv/detail/do_homing__functions.h
-- Installing: /home/cortex/kuka_ws/src/kuka-ros-trials/install/my_robot_interfaces/include/my_robot_interfaces/my_robot_interfaces/srv/do_calibration.h
-- Installing: /home/cortex/kuka_ws/src/kuka-ros-trials/install/my_robot_interfaces/include/my_robot_interfaces/my_robot_interfaces/msg
-- Installing: /home/cortex/kuka_ws/src/kuka-ros-trials/install/my_robot_interfaces/include/my_robot_interfaces/my_robot_interfaces/msg/rosidl_generator_c__visibility_control.h
-- Installing: /home/cortex/kuka_ws/src/kuka-ros-trials/install/my_robot_interfaces/include/my_robot_interfaces/my_robot_interfaces/msg/pose_command.h
-- Installing: /home/cortex/kuka_ws/src/kuka-ros-trials/install/my_robot_interfaces/include/my_robot_interfaces/my_robot_interfaces/msg/detail
-- Installing: /home/cortex/kuka_ws/src/kuka-ros-trials/install/my_robot_interfaces/include/my_robot_interfaces/my_robot_interfaces/msg/detail/pose_command__functions.c
-- Installing: /home/cortex/kuka_ws/src/kuka-ros-trials/install/my_robot_interfaces/include/my_robot_interfaces/my_robot_interfaces/msg/detail/pose_command__functions.h
-- Installing: /home/cortex/kuka_ws/src/kuka-ros-trials/install/my_robot_interfaces/include/my_robot_interfaces/my_robot_interfaces/msg/detail/pose_command__struct.h
-- Installing: /home/cortex/kuka_ws/src/kuka-ros-trials/install/my_robot_interfaces/include/my_robot_interfaces/my_robot_interfaces/msg/detail/pose_command__type_support.h
-- Installing: /home/cortex/kuka_ws/src/kuka-ros-trials/install/my_robot_interfaces/share/my_robot_interfaces/environment/library_path.sh
-- Installing: /home/cortex/kuka_ws/src/kuka-ros-trials/install/my_robot_interfaces/share/my_robot_interfaces/environment/library_path.dsv
-- Installing: /home/cortex/kuka_ws/src/kuka-ros-trials/install/my_robot_interfaces/lib/libmy_robot_interfaces__rosidl_generator_c.so
-- Set non-toolchain portion of runtime path of "/home/cortex/kuka_ws/src/kuka-ros-trials/install/my_robot_interfaces/lib/libmy_robot_interfaces__rosidl_generator_c.so" to ""
-- Up-to-date: /home/cortex/kuka_ws/src/kuka-ros-trials/install/my_robot_interfaces/include/my_robot_interfaces/my_robot_interfaces
-- Up-to-date: /home/cortex/kuka_ws/src/kuka-ros-trials/install/my_robot_interfaces/include/my_robot_interfaces/my_robot_interfaces/srv
-- Up-to-date: /home/cortex/kuka_ws/src/kuka-ros-trials/install/my_robot_interfaces/include/my_robot_interfaces/my_robot_interfaces/srv/detail
-- Installing: /home/cortex/kuka_ws/src/kuka-ros-trials/install/my_robot_interfaces/include/my_robot_interfaces/my_robot_interfaces/srv/detail/do_homing__rosidl_typesupport_fastrtps_c.h
-- Installing: /home/cortex/kuka_ws/src/kuka-ros-trials/install/my_robot_interfaces/include/my_robot_interfaces/my_robot_interfaces/srv/detail/do_calibration__rosidl_typesupport_fastrtps_c.h
-- Installing: /home/cortex/kuka_ws/src/kuka-ros-trials/install/my_robot_interfaces/include/my_robot_interfaces/my_robot_interfaces/srv/detail/get_current_pose__rosidl_typesupport_fastrtps_c.h
-- Up-to-date: /home/cortex/kuka_ws/src/kuka-ros-trials/install/my_robot_interfaces/include/my_robot_interfaces/my_robot_interfaces/msg
-- Up-to-date: /home/cortex/kuka_ws/src/kuka-ros-trials/install/my_robot_interfaces/include/my_robot_interfaces/my_robot_interfaces/msg/detail
-- Installing: /home/cortex/kuka_ws/src/kuka-ros-trials/install/my_robot_interfaces/include/my_robot_interfaces/my_robot_interfaces/msg/detail/pose_command__rosidl_typesupport_fastrtps_c.h
-- Installing: /home/cortex/kuka_ws/src/kuka-ros-trials/install/my_robot_interfaces/include/my_robot_interfaces/my_robot_interfaces/msg/rosidl_typesupport_fastrtps_c__visibility_control.h
-- Installing: /home/cortex/kuka_ws/src/kuka-ros-trials/install/my_robot_interfaces/lib/libmy_robot_interfaces__rosidl_typesupport_fastrtps_c.so
-- Set non-toolchain portion of runtime path of "/home/cortex/kuka_ws/src/kuka-ros-trials/install/my_robot_interfaces/lib/libmy_robot_interfaces__rosidl_typesupport_fastrtps_c.so" to ""
-- Up-to-date: /home/cortex/kuka_ws/src/kuka-ros-trials/install/my_robot_interfaces/include/my_robot_interfaces/my_robot_interfaces
-- Up-to-date: /home/cortex/kuka_ws/src/kuka-ros-trials/install/my_robot_interfaces/include/my_robot_interfaces/my_robot_interfaces/srv
-- Up-to-date: /home/cortex/kuka_ws/src/kuka-ros-trials/install/my_robot_interfaces/include/my_robot_interfaces/my_robot_interfaces/srv/detail
-- Installing: /home/cortex/kuka_ws/src/kuka-ros-trials/install/my_robot_interfaces/include/my_robot_interfaces/my_robot_interfaces/srv/detail/do_homing__type_support.c
-- Installing: /home/cortex/kuka_ws/src/kuka-ros-trials/install/my_robot_interfaces/include/my_robot_interfaces/my_robot_interfaces/srv/detail/do_calibration__rosidl_typesupport_introspection_c.h
-- Installing: /home/cortex/kuka_ws/src/kuka-ros-trials/install/my_robot_interfaces/include/my_robot_interfaces/my_robot_interfaces/srv/detail/do_homing__rosidl_typesupport_introspection_c.h
-- Installing: /home/cortex/kuka_ws/src/kuka-ros-trials/install/my_robot_interfaces/include/my_robot_interfaces/my_robot_interfaces/srv/detail/do_calibration__type_support.c
-- Installing: /home/cortex/kuka_ws/src/kuka-ros-trials/install/my_robot_interfaces/include/my_robot_interfaces/my_robot_interfaces/srv/detail/get_current_pose__rosidl_typesupport_introspection_c.h
-- Installing: /home/cortex/kuka_ws/src/kuka-ros-trials/install/my_robot_interfaces/include/my_robot_interfaces/my_robot_interfaces/srv/detail/get_current_pose__type_support.c
-- Up-to-date: /home/cortex/kuka_ws/src/kuka-ros-trials/install/my_robot_interfaces/include/my_robot_interfaces/my_robot_interfaces/msg
-- Up-to-date: /home/cortex/kuka_ws/src/kuka-ros-trials/install/my_robot_interfaces/include/my_robot_interfaces/my_robot_interfaces/msg/detail
-- Installing: /home/cortex/kuka_ws/src/kuka-ros-trials/install/my_robot_interfaces/include/my_robot_interfaces/my_robot_interfaces/msg/detail/pose_command__type_support.c
-- Installing: /home/cortex/kuka_ws/src/kuka-ros-trials/install/my_robot_interfaces/include/my_robot_interfaces/my_robot_interfaces/msg/detail/pose_command__rosidl_typesupport_introspection_c.h
-- Installing: /home/cortex/kuka_ws/src/kuka-ros-trials/install/my_robot_interfaces/include/my_robot_interfaces/my_robot_interfaces/msg/rosidl_typesupport_introspection_c__visibility_control.h
-- Installing: /home/cortex/kuka_ws/src/kuka-ros-trials/install/my_robot_interfaces/lib/libmy_robot_interfaces__rosidl_typesupport_introspection_c.so
-- Set non-toolchain portion of runtime path of "/home/cortex/kuka_ws/src/kuka-ros-trials/install/my_robot_interfaces/lib/libmy_robot_interfaces__rosidl_typesupport_introspection_c.so" to ""
-- Installing: /home/cortex/kuka_ws/src/kuka-ros-trials/install/my_robot_interfaces/lib/libmy_robot_interfaces__rosidl_typesupport_c.so
-- Set non-toolchain portion of runtime path of "/home/cortex/kuka_ws/src/kuka-ros-trials/install/my_robot_interfaces/lib/libmy_robot_interfaces__rosidl_typesupport_c.so" to ""
-- Up-to-date: /home/cortex/kuka_ws/src/kuka-ros-trials/install/my_robot_interfaces/include/my_robot_interfaces/my_robot_interfaces
-- Up-to-date: /home/cortex/kuka_ws/src/kuka-ros-trials/install/my_robot_interfaces/include/my_robot_interfaces/my_robot_interfaces/srv
-- Installing: /home/cortex/kuka_ws/src/kuka-ros-trials/install/my_robot_interfaces/include/my_robot_interfaces/my_robot_interfaces/srv/do_homing.hpp
-- Installing: /home/cortex/kuka_ws/src/kuka-ros-trials/install/my_robot_interfaces/include/my_robot_interfaces/my_robot_interfaces/srv/do_calibration.hpp
-- Installing: /home/cortex/kuka_ws/src/kuka-ros-trials/install/my_robot_interfaces/include/my_robot_interfaces/my_robot_interfaces/srv/get_current_pose.hpp
-- Up-to-date: /home/cortex/kuka_ws/src/kuka-ros-trials/install/my_robot_interfaces/include/my_robot_interfaces/my_robot_interfaces/srv/detail
-- Installing: /home/cortex/kuka_ws/src/kuka-ros-trials/install/my_robot_interfaces/include/my_robot_interfaces/my_robot_interfaces/srv/detail/do_homing__struct.hpp
-- Installing: /home/cortex/kuka_ws/src/kuka-ros-trials/install/my_robot_interfaces/include/my_robot_interfaces/my_robot_interfaces/srv/detail/do_calibration__builder.hpp
-- Installing: /home/cortex/kuka_ws/src/kuka-ros-trials/install/my_robot_interfaces/include/my_robot_interfaces/my_robot_interfaces/srv/detail/do_calibration__traits.hpp
-- Installing: /home/cortex/kuka_ws/src/kuka-ros-trials/install/my_robot_interfaces/include/my_robot_interfaces/my_robot_interfaces/srv/detail/get_current_pose__type_support.hpp
-- Installing: /home/cortex/kuka_ws/src/kuka-ros-trials/install/my_robot_interfaces/include/my_robot_interfaces/my_robot_interfaces/srv/detail/get_current_pose__traits.hpp
-- Installing: /home/cortex/kuka_ws/src/kuka-ros-trials/install/my_robot_interfaces/include/my_robot_interfaces/my_robot_interfaces/srv/detail/do_homing__type_support.hpp
-- Installing: /home/cortex/kuka_ws/src/kuka-ros-trials/install/my_robot_interfaces/include/my_robot_interfaces/my_robot_interfaces/srv/detail/get_current_pose__struct.hpp
-- Installing: /home/cortex/kuka_ws/src/kuka-ros-trials/install/my_robot_interfaces/include/my_robot_interfaces/my_robot_interfaces/srv/detail/do_calibration__type_support.hpp
-- Installing: /home/cortex/kuka_ws/src/kuka-ros-trials/install/my_robot_interfaces/include/my_robot_interfaces/my_robot_interfaces/srv/detail/do_calibration__struct.hpp
-- Installing: /home/cortex/kuka_ws/src/kuka-ros-trials/install/my_robot_interfaces/include/my_robot_interfaces/my_robot_interfaces/srv/detail/do_homing__builder.hpp
-- Installing: /home/cortex/kuka_ws/src/kuka-ros-trials/install/my_robot_interfaces/include/my_robot_interfaces/my_robot_interfaces/srv/detail/do_homing__traits.hpp
-- Installing: /home/cortex/kuka_ws/src/kuka-ros-trials/install/my_robot_interfaces/include/my_robot_interfaces/my_robot_interfaces/srv/detail/get_current_pose__builder.hpp
-- Up-to-date: /home/cortex/kuka_ws/src/kuka-ros-trials/install/my_robot_interfaces/include/my_robot_interfaces/my_robot_interfaces/msg
-- Installing: /home/cortex/kuka_ws/src/kuka-ros-trials/install/my_robot_interfaces/include/my_robot_interfaces/my_robot_interfaces/msg/pose_command.hpp
-- Installing: /home/cortex/kuka_ws/src/kuka-ros-trials/install/my_robot_interfaces/include/my_robot_interfaces/my_robot_interfaces/msg/rosidl_generator_cpp__visibility_control.hpp
-- Up-to-date: /home/cortex/kuka_ws/src/kuka-ros-trials/install/my_robot_interfaces/include/my_robot_interfaces/my_robot_interfaces/msg/detail
-- Installing: /home/cortex/kuka_ws/src/kuka-ros-trials/install/my_robot_interfaces/include/my_robot_interfaces/my_robot_interfaces/msg/detail/pose_command__traits.hpp
-- Installing: /home/cortex/kuka_ws/src/kuka-ros-trials/install/my_robot_interfaces/include/my_robot_interfaces/my_robot_interfaces/msg/detail/pose_command__type_support.hpp
-- Installing: /home/cortex/kuka_ws/src/kuka-ros-trials/install/my_robot_interfaces/include/my_robot_interfaces/my_robot_interfaces/msg/detail/pose_command__struct.hpp
-- Installing: /home/cortex/kuka_ws/src/kuka-ros-trials/install/my_robot_interfaces/include/my_robot_interfaces/my_robot_interfaces/msg/detail/pose_command__builder.hpp
-- Up-to-date: /home/cortex/kuka_ws/src/kuka-ros-trials/install/my_robot_interfaces/include/my_robot_interfaces/my_robot_interfaces
-- Up-to-date: /home/cortex/kuka_ws/src/kuka-ros-trials/install/my_robot_interfaces/include/my_robot_interfaces/my_robot_interfaces/srv
-- Up-to-date: /home/cortex/kuka_ws/src/kuka-ros-trials/install/my_robot_interfaces/include/my_robot_interfaces/my_robot_interfaces/srv/detail
-- Installing: /home/cortex/kuka_ws/src/kuka-ros-trials/install/my_robot_interfaces/include/my_robot_interfaces/my_robot_interfaces/srv/detail/get_current_pose__rosidl_typesupport_fastrtps_cpp.hpp
-- Installing: /home/cortex/kuka_ws/src/kuka-ros-trials/install/my_robot_interfaces/include/my_robot_interfaces/my_robot_interfaces/srv/detail/dds_fastrtps
-- Installing: /home/cortex/kuka_ws/src/kuka-ros-trials/install/my_robot_interfaces/include/my_robot_interfaces/my_robot_interfaces/srv/detail/do_homing__rosidl_typesupport_fastrtps_cpp.hpp
-- Installing: /home/cortex/kuka_ws/src/kuka-ros-trials/install/my_robot_interfaces/include/my_robot_interfaces/my_robot_interfaces/srv/detail/do_calibration__rosidl_typesupport_fastrtps_cpp.hpp
-- Up-to-date: /home/cortex/kuka_ws/src/kuka-ros-trials/install/my_robot_interfaces/include/my_robot_interfaces/my_robot_interfaces/msg
-- Installing: /home/cortex/kuka_ws/src/kuka-ros-trials/install/my_robot_interfaces/include/my_robot_interfaces/my_robot_interfaces/msg/rosidl_typesupport_fastrtps_cpp__visibility_control.h
-- Up-to-date: /home/cortex/kuka_ws/src/kuka-ros-trials/install/my_robot_interfaces/include/my_robot_interfaces/my_robot_interfaces/msg/detail
-- Installing: /home/cortex/kuka_ws/src/kuka-ros-trials/install/my_robot_interfaces/include/my_robot_interfaces/my_robot_interfaces/msg/detail/pose_command__rosidl_typesupport_fastrtps_cpp.hpp
-- Installing: /home/cortex/kuka_ws/src/kuka-ros-trials/install/my_robot_interfaces/include/my_robot_interfaces/my_robot_interfaces/msg/detail/dds_fastrtps
-- Installing: /home/cortex/kuka_ws/src/kuka-ros-trials/install/my_robot_interfaces/lib/libmy_robot_interfaces__rosidl_typesupport_fastrtps_cpp.so
-- Set non-toolchain portion of runtime path of "/home/cortex/kuka_ws/src/kuka-ros-trials/install/my_robot_interfaces/lib/libmy_robot_interfaces__rosidl_typesupport_fastrtps_cpp.so" to ""
-- Up-to-date: /home/cortex/kuka_ws/src/kuka-ros-trials/install/my_robot_interfaces/include/my_robot_interfaces/my_robot_interfaces
-- Up-to-date: /home/cortex/kuka_ws/src/kuka-ros-trials/install/my_robot_interfaces/include/my_robot_interfaces/my_robot_interfaces/srv
-- Up-to-date: /home/cortex/kuka_ws/src/kuka-ros-trials/install/my_robot_interfaces/include/my_robot_interfaces/my_robot_interfaces/srv/detail
-- Installing: /home/cortex/kuka_ws/src/kuka-ros-trials/install/my_robot_interfaces/include/my_robot_interfaces/my_robot_interfaces/srv/detail/do_calibration__rosidl_typesupport_introspection_cpp.hpp
-- Installing: /home/cortex/kuka_ws/src/kuka-ros-trials/install/my_robot_interfaces/include/my_robot_interfaces/my_robot_interfaces/srv/detail/do_calibration__type_support.cpp
-- Installing: /home/cortex/kuka_ws/src/kuka-ros-trials/install/my_robot_interfaces/include/my_robot_interfaces/my_robot_interfaces/srv/detail/get_current_pose__rosidl_typesupport_introspection_cpp.hpp
-- Installing: /home/cortex/kuka_ws/src/kuka-ros-trials/install/my_robot_interfaces/include/my_robot_interfaces/my_robot_interfaces/srv/detail/get_current_pose__type_support.cpp
-- Installing: /home/cortex/kuka_ws/src/kuka-ros-trials/install/my_robot_interfaces/include/my_robot_interfaces/my_robot_interfaces/srv/detail/do_homing__type_support.cpp
-- Installing: /home/cortex/kuka_ws/src/kuka-ros-trials/install/my_robot_interfaces/include/my_robot_interfaces/my_robot_interfaces/srv/detail/do_homing__rosidl_typesupport_introspection_cpp.hpp
-- Up-to-date: /home/cortex/kuka_ws/src/kuka-ros-trials/install/my_robot_interfaces/include/my_robot_interfaces/my_robot_interfaces/msg
-- Up-to-date: /home/cortex/kuka_ws/src/kuka-ros-trials/install/my_robot_interfaces/include/my_robot_interfaces/my_robot_interfaces/msg/detail
-- Installing: /home/cortex/kuka_ws/src/kuka-ros-trials/install/my_robot_interfaces/include/my_robot_interfaces/my_robot_interfaces/msg/detail/pose_command__rosidl_typesupport_introspection_cpp.hpp
-- Installing: /home/cortex/kuka_ws/src/kuka-ros-trials/install/my_robot_interfaces/include/my_robot_interfaces/my_robot_interfaces/msg/detail/pose_command__type_support.cpp
-- Installing: /home/cortex/kuka_ws/src/kuka-ros-trials/install/my_robot_interfaces/lib/libmy_robot_interfaces__rosidl_typesupport_introspection_cpp.so
-- Set non-toolchain portion of runtime path of "/home/cortex/kuka_ws/src/kuka-ros-trials/install/my_robot_interfaces/lib/libmy_robot_interfaces__rosidl_typesupport_introspection_cpp.so" to ""
-- Installing: /home/cortex/kuka_ws/src/kuka-ros-trials/install/my_robot_interfaces/lib/libmy_robot_interfaces__rosidl_typesupport_cpp.so
-- Set non-toolchain portion of runtime path of "/home/cortex/kuka_ws/src/kuka-ros-trials/install/my_robot_interfaces/lib/libmy_robot_interfaces__rosidl_typesupport_cpp.so" to ""
-- Installing: /home/cortex/kuka_ws/src/kuka-ros-trials/install/my_robot_interfaces/share/my_robot_interfaces/environment/pythonpath.sh
-- Installing: /home/cortex/kuka_ws/src/kuka-ros-trials/install/my_robot_interfaces/share/my_robot_interfaces/environment/pythonpath.dsv
-- Installing: /home/cortex/kuka_ws/src/kuka-ros-trials/install/my_robot_interfaces/local/lib/python3.10/dist-packages/my_robot_interfaces-0.0.0-py3.10.egg-info
-- Installing: /home/cortex/kuka_ws/src/kuka-ros-trials/install/my_robot_interfaces/local/lib/python3.10/dist-packages/my_robot_interfaces-0.0.0-py3.10.egg-info/SOURCES.txt
-- Installing: /home/cortex/kuka_ws/src/kuka-ros-trials/install/my_robot_interfaces/local/lib/python3.10/dist-packages/my_robot_interfaces-0.0.0-py3.10.egg-info/PKG-INFO
-- Installing: /home/cortex/kuka_ws/src/kuka-ros-trials/install/my_robot_interfaces/local/lib/python3.10/dist-packages/my_robot_interfaces-0.0.0-py3.10.egg-info/dependency_links.txt
-- Installing: /home/cortex/kuka_ws/src/kuka-ros-trials/install/my_robot_interfaces/local/lib/python3.10/dist-packages/my_robot_interfaces-0.0.0-py3.10.egg-info/top_level.txt
-- Installing: /home/cortex/kuka_ws/src/kuka-ros-trials/install/my_robot_interfaces/local/lib/python3.10/dist-packages/my_robot_interfaces
-- Installing: /home/cortex/kuka_ws/src/kuka-ros-trials/install/my_robot_interfaces/local/lib/python3.10/dist-packages/my_robot_interfaces/my_robot_interfaces_s__rosidl_typesupport_fastrtps_c.cpython-310-x86_64-linux-gnu.so
-- Installing: /home/cortex/kuka_ws/src/kuka-ros-trials/install/my_robot_interfaces/local/lib/python3.10/dist-packages/my_robot_interfaces/srv
-- Installing: /home/cortex/kuka_ws/src/kuka-ros-trials/install/my_robot_interfaces/local/lib/python3.10/dist-packages/my_robot_interfaces/srv/_do_calibration_s.c
-- Installing: /home/cortex/kuka_ws/src/kuka-ros-trials/install/my_robot_interfaces/local/lib/python3.10/dist-packages/my_robot_interfaces/srv/_do_calibration.py
-- Installing: /home/cortex/kuka_ws/src/kuka-ros-trials/install/my_robot_interfaces/local/lib/python3.10/dist-packages/my_robot_interfaces/srv/_get_current_pose_s.c
-- Installing: /home/cortex/kuka_ws/src/kuka-ros-trials/install/my_robot_interfaces/local/lib/python3.10/dist-packages/my_robot_interfaces/srv/__init__.py
-- Installing: /home/cortex/kuka_ws/src/kuka-ros-trials/install/my_robot_interfaces/local/lib/python3.10/dist-packages/my_robot_interfaces/srv/_get_current_pose.py
-- Installing: /home/cortex/kuka_ws/src/kuka-ros-trials/install/my_robot_interfaces/local/lib/python3.10/dist-packages/my_robot_interfaces/srv/_do_homing_s.c
-- Installing: /home/cortex/kuka_ws/src/kuka-ros-trials/install/my_robot_interfaces/local/lib/python3.10/dist-packages/my_robot_interfaces/srv/_do_homing.py
-- Installing: /home/cortex/kuka_ws/src/kuka-ros-trials/install/my_robot_interfaces/local/lib/python3.10/dist-packages/my_robot_interfaces/msg
-- Installing: /home/cortex/kuka_ws/src/kuka-ros-trials/install/my_robot_interfaces/local/lib/python3.10/dist-packages/my_robot_interfaces/msg/_pose_command.py
-- Installing: /home/cortex/kuka_ws/src/kuka-ros-trials/install/my_robot_interfaces/local/lib/python3.10/dist-packages/my_robot_interfaces/msg/_pose_command_s.c
-- Installing: /home/cortex/kuka_ws/src/kuka-ros-trials/install/my_robot_interfaces/local/lib/python3.10/dist-packages/my_robot_interfaces/msg/__init__.py
-- Installing: /home/cortex/kuka_ws/src/kuka-ros-trials/install/my_robot_interfaces/local/lib/python3.10/dist-packages/my_robot_interfaces/my_robot_interfaces_s__rosidl_typesupport_c.cpython-310-x86_64-linux-gnu.so
-- Installing: /home/cortex/kuka_ws/src/kuka-ros-trials/install/my_robot_interfaces/local/lib/python3.10/dist-packages/my_robot_interfaces/libmy_robot_interfaces__rosidl_generator_py.so
-- Installing: /home/cortex/kuka_ws/src/kuka-ros-trials/install/my_robot_interfaces/local/lib/python3.10/dist-packages/my_robot_interfaces/_my_robot_interfaces_s.ep.rosidl_typesupport_fastrtps_c.c
-- Installing: /home/cortex/kuka_ws/src/kuka-ros-trials/install/my_robot_interfaces/local/lib/python3.10/dist-packages/my_robot_interfaces/_my_robot_interfaces_s.ep.rosidl_typesupport_introspection_c.c
-- Installing: /home/cortex/kuka_ws/src/kuka-ros-trials/install/my_robot_interfaces/local/lib/python3.10/dist-packages/my_robot_interfaces/__init__.py
-- Installing: /home/cortex/kuka_ws/src/kuka-ros-trials/install/my_robot_interfaces/local/lib/python3.10/dist-packages/my_robot_interfaces/my_robot_interfaces_s__rosidl_typesupport_introspection_c.cpython-310-x86_64-linux-gnu.so
-- Installing: /home/cortex/kuka_ws/src/kuka-ros-trials/install/my_robot_interfaces/local/lib/python3.10/dist-packages/my_robot_interfaces/_my_robot_interfaces_s.ep.rosidl_typesupport_c.c
Listing '/home/cortex/kuka_ws/src/kuka-ros-trials/install/my_robot_interfaces/local/lib/python3.10/dist-packages/my_robot_interfaces'...
Compiling '/home/cortex/kuka_ws/src/kuka-ros-trials/install/my_robot_interfaces/local/lib/python3.10/dist-packages/my_robot_interfaces/__init__.py'...
Listing '/home/cortex/kuka_ws/src/kuka-ros-trials/install/my_robot_interfaces/local/lib/python3.10/dist-packages/my_robot_interfaces/msg'...
Compiling '/home/cortex/kuka_ws/src/kuka-ros-trials/install/my_robot_interfaces/local/lib/python3.10/dist-packages/my_robot_interfaces/msg/__init__.py'...
Compiling '/home/cortex/kuka_ws/src/kuka-ros-trials/install/my_robot_interfaces/local/lib/python3.10/dist-packages/my_robot_interfaces/msg/_pose_command.py'...
Listing '/home/cortex/kuka_ws/src/kuka-ros-trials/install/my_robot_interfaces/local/lib/python3.10/dist-packages/my_robot_interfaces/srv'...
Compiling '/home/cortex/kuka_ws/src/kuka-ros-trials/install/my_robot_interfaces/local/lib/python3.10/dist-packages/my_robot_interfaces/srv/__init__.py'...
Compiling '/home/cortex/kuka_ws/src/kuka-ros-trials/install/my_robot_interfaces/local/lib/python3.10/dist-packages/my_robot_interfaces/srv/_do_calibration.py'...
Compiling '/home/cortex/kuka_ws/src/kuka-ros-trials/install/my_robot_interfaces/local/lib/python3.10/dist-packages/my_robot_interfaces/srv/_do_homing.py'...
Compiling '/home/cortex/kuka_ws/src/kuka-ros-trials/install/my_robot_interfaces/local/lib/python3.10/dist-packages/my_robot_interfaces/srv/_get_current_pose.py'...
-- Installing: /home/cortex/kuka_ws/src/kuka-ros-trials/install/my_robot_interfaces/local/lib/python3.10/dist-packages/my_robot_interfaces/my_robot_interfaces_s__rosidl_typesupport_fastrtps_c.cpython-310-x86_64-linux-gnu.so
-- Set non-toolchain portion of runtime path of "/home/cortex/kuka_ws/src/kuka-ros-trials/install/my_robot_interfaces/local/lib/python3.10/dist-packages/my_robot_interfaces/my_robot_interfaces_s__rosidl_typesupport_fastrtps_c.cpython-310-x86_64-linux-gnu.so" to ""
-- Installing: /home/cortex/kuka_ws/src/kuka-ros-trials/install/my_robot_interfaces/local/lib/python3.10/dist-packages/my_robot_interfaces/my_robot_interfaces_s__rosidl_typesupport_introspection_c.cpython-310-x86_64-linux-gnu.so
-- Set non-toolchain portion of runtime path of "/home/cortex/kuka_ws/src/kuka-ros-trials/install/my_robot_interfaces/local/lib/python3.10/dist-packages/my_robot_interfaces/my_robot_interfaces_s__rosidl_typesupport_introspection_c.cpython-310-x86_64-linux-gnu.so" to ""
-- Installing: /home/cortex/kuka_ws/src/kuka-ros-trials/install/my_robot_interfaces/local/lib/python3.10/dist-packages/my_robot_interfaces/my_robot_interfaces_s__rosidl_typesupport_c.cpython-310-x86_64-linux-gnu.so
-- Set non-toolchain portion of runtime path of "/home/cortex/kuka_ws/src/kuka-ros-trials/install/my_robot_interfaces/local/lib/python3.10/dist-packages/my_robot_interfaces/my_robot_interfaces_s__rosidl_typesupport_c.cpython-310-x86_64-linux-gnu.so" to ""
-- Installing: /home/cortex/kuka_ws/src/kuka-ros-trials/install/my_robot_interfaces/lib/libmy_robot_interfaces__rosidl_generator_py.so
-- Set non-toolchain portion of runtime path of "/home/cortex/kuka_ws/src/kuka-ros-trials/install/my_robot_interfaces/lib/libmy_robot_interfaces__rosidl_generator_py.so" to ""
-- Installing: /home/cortex/kuka_ws/src/kuka-ros-trials/install/my_robot_interfaces/share/my_robot_interfaces/msg/PoseCommand.idl
-- Installing: /home/cortex/kuka_ws/src/kuka-ros-trials/install/my_robot_interfaces/share/my_robot_interfaces/srv/GetCurrentPose.idl
-- Installing: /home/cortex/kuka_ws/src/kuka-ros-trials/install/my_robot_interfaces/share/my_robot_interfaces/srv/DoHoming.idl
-- Installing: /home/cortex/kuka_ws/src/kuka-ros-trials/install/my_robot_interfaces/share/my_robot_interfaces/srv/DoCalibration.idl
-- Installing: /home/cortex/kuka_ws/src/kuka-ros-trials/install/my_robot_interfaces/share/my_robot_interfaces/msg/PoseCommand.msg
-- Installing: /home/cortex/kuka_ws/src/kuka-ros-trials/install/my_robot_interfaces/share/my_robot_interfaces/srv/GetCurrentPose.srv
-- Installing: /home/cortex/kuka_ws/src/kuka-ros-trials/install/my_robot_interfaces/share/my_robot_interfaces/srv/GetCurrentPose_Request.msg
-- Installing: /home/cortex/kuka_ws/src/kuka-ros-trials/install/my_robot_interfaces/share/my_robot_interfaces/srv/GetCurrentPose_Response.msg
-- Installing: /home/cortex/kuka_ws/src/kuka-ros-trials/install/my_robot_interfaces/share/my_robot_interfaces/srv/DoHoming.srv
-- Installing: /home/cortex/kuka_ws/src/kuka-ros-trials/install/my_robot_interfaces/share/my_robot_interfaces/srv/DoHoming_Request.msg
-- Installing: /home/cortex/kuka_ws/src/kuka-ros-trials/install/my_robot_interfaces/share/my_robot_interfaces/srv/DoHoming_Response.msg
-- Installing: /home/cortex/kuka_ws/src/kuka-ros-trials/install/my_robot_interfaces/share/my_robot_interfaces/srv/DoCalibration.srv
-- Installing: /home/cortex/kuka_ws/src/kuka-ros-trials/install/my_robot_interfaces/share/my_robot_interfaces/srv/DoCalibration_Request.msg
-- Installing: /home/cortex/kuka_ws/src/kuka-ros-trials/install/my_robot_interfaces/share/my_robot_interfaces/srv/DoCalibration_Response.msg
-- Installing: /home/cortex/kuka_ws/src/kuka-ros-trials/install/my_robot_interfaces/share/ament_index/resource_index/package_run_dependencies/my_robot_interfaces
-- Installing: /home/cortex/kuka_ws/src/kuka-ros-trials/install/my_robot_interfaces/share/ament_index/resource_index/parent_prefix_path/my_robot_interfaces
-- Installing: /home/cortex/kuka_ws/src/kuka-ros-trials/install/my_robot_interfaces/share/my_robot_interfaces/environment/ament_prefix_path.sh
-- Installing: /home/cortex/kuka_ws/src/kuka-ros-trials/install/my_robot_interfaces/share/my_robot_interfaces/environment/ament_prefix_path.dsv
-- Installing: /home/cortex/kuka_ws/src/kuka-ros-trials/install/my_robot_interfaces/share/my_robot_interfaces/environment/path.sh
-- Installing: /home/cortex/kuka_ws/src/kuka-ros-trials/install/my_robot_interfaces/share/my_robot_interfaces/environment/path.dsv
-- Installing: /home/cortex/kuka_ws/src/kuka-ros-trials/install/my_robot_interfaces/share/my_robot_interfaces/local_setup.bash
-- Installing: /home/cortex/kuka_ws/src/kuka-ros-trials/install/my_robot_interfaces/share/my_robot_interfaces/local_setup.sh
-- Installing: /home/cortex/kuka_ws/src/kuka-ros-trials/install/my_robot_interfaces/share/my_robot_interfaces/local_setup.zsh
-- Installing: /home/cortex/kuka_ws/src/kuka-ros-trials/install/my_robot_interfaces/share/my_robot_interfaces/local_setup.dsv
-- Installing: /home/cortex/kuka_ws/src/kuka-ros-trials/install/my_robot_interfaces/share/my_robot_interfaces/package.dsv
-- Installing: /home/cortex/kuka_ws/src/kuka-ros-trials/install/my_robot_interfaces/share/ament_index/resource_index/packages/my_robot_interfaces
-- Installing: /home/cortex/kuka_ws/src/kuka-ros-trials/install/my_robot_interfaces/share/my_robot_interfaces/cmake/export_my_robot_interfaces__rosidl_generator_cExport.cmake
-- Installing: /home/cortex/kuka_ws/src/kuka-ros-trials/install/my_robot_interfaces/share/my_robot_interfaces/cmake/export_my_robot_interfaces__rosidl_generator_cExport-noconfig.cmake
-- Installing: /home/cortex/kuka_ws/src/kuka-ros-trials/install/my_robot_interfaces/share/my_robot_interfaces/cmake/export_my_robot_interfaces__rosidl_typesupport_fastrtps_cExport.cmake
-- Installing: /home/cortex/kuka_ws/src/kuka-ros-trials/install/my_robot_interfaces/share/my_robot_interfaces/cmake/export_my_robot_interfaces__rosidl_typesupport_fastrtps_cExport-noconfig.cmake
-- Installing: /home/cortex/kuka_ws/src/kuka-ros-trials/install/my_robot_interfaces/share/my_robot_interfaces/cmake/my_robot_interfaces__rosidl_typesupport_introspection_cExport.cmake
-- Installing: /home/cortex/kuka_ws/src/kuka-ros-trials/install/my_robot_interfaces/share/my_robot_interfaces/cmake/my_robot_interfaces__rosidl_typesupport_introspection_cExport-noconfig.cmake
-- Installing: /home/cortex/kuka_ws/src/kuka-ros-trials/install/my_robot_interfaces/share/my_robot_interfaces/cmake/my_robot_interfaces__rosidl_typesupport_cExport.cmake
-- Installing: /home/cortex/kuka_ws/src/kuka-ros-trials/install/my_robot_interfaces/share/my_robot_interfaces/cmake/my_robot_interfaces__rosidl_typesupport_cExport-noconfig.cmake
-- Installing: /home/cortex/kuka_ws/src/kuka-ros-trials/install/my_robot_interfaces/share/my_robot_interfaces/cmake/export_my_robot_interfaces__rosidl_generator_cppExport.cmake
-- Installing: /home/cortex/kuka_ws/src/kuka-ros-trials/install/my_robot_interfaces/share/my_robot_interfaces/cmake/export_my_robot_interfaces__rosidl_typesupport_fastrtps_cppExport.cmake
-- Installing: /home/cortex/kuka_ws/src/kuka-ros-trials/install/my_robot_interfaces/share/my_robot_interfaces/cmake/export_my_robot_interfaces__rosidl_typesupport_fastrtps_cppExport-noconfig.cmake
-- Installing: /home/cortex/kuka_ws/src/kuka-ros-trials/install/my_robot_interfaces/share/my_robot_interfaces/cmake/my_robot_interfaces__rosidl_typesupport_introspection_cppExport.cmake
-- Installing: /home/cortex/kuka_ws/src/kuka-ros-trials/install/my_robot_interfaces/share/my_robot_interfaces/cmake/my_robot_interfaces__rosidl_typesupport_introspection_cppExport-noconfig.cmake
-- Installing: /home/cortex/kuka_ws/src/kuka-ros-trials/install/my_robot_interfaces/share/my_robot_interfaces/cmake/my_robot_interfaces__rosidl_typesupport_cppExport.cmake
-- Installing: /home/cortex/kuka_ws/src/kuka-ros-trials/install/my_robot_interfaces/share/my_robot_interfaces/cmake/my_robot_interfaces__rosidl_typesupport_cppExport-noconfig.cmake
-- Installing: /home/cortex/kuka_ws/src/kuka-ros-trials/install/my_robot_interfaces/share/my_robot_interfaces/cmake/export_my_robot_interfaces__rosidl_generator_pyExport.cmake
-- Installing: /home/cortex/kuka_ws/src/kuka-ros-trials/install/my_robot_interfaces/share/my_robot_interfaces/cmake/export_my_robot_interfaces__rosidl_generator_pyExport-noconfig.cmake
-- Installing: /home/cortex/kuka_ws/src/kuka-ros-trials/install/my_robot_interfaces/share/my_robot_interfaces/cmake/rosidl_cmake-extras.cmake
-- Installing: /home/cortex/kuka_ws/src/kuka-ros-trials/install/my_robot_interfaces/share/my_robot_interfaces/cmake/ament_cmake_export_include_directories-extras.cmake
-- Installing: /home/cortex/kuka_ws/src/kuka-ros-trials/install/my_robot_interfaces/share/my_robot_interfaces/cmake/ament_cmake_export_libraries-extras.cmake
-- Installing: /home/cortex/kuka_ws/src/kuka-ros-trials/install/my_robot_interfaces/share/my_robot_interfaces/cmake/ament_cmake_export_targets-extras.cmake
-- Installing: /home/cortex/kuka_ws/src/kuka-ros-trials/install/my_robot_interfaces/share/my_robot_interfaces/cmake/rosidl_cmake_export_typesupport_targets-extras.cmake
-- Installing: /home/cortex/kuka_ws/src/kuka-ros-trials/install/my_robot_interfaces/share/my_robot_interfaces/cmake/ament_cmake_export_dependencies-extras.cmake
-- Installing: /home/cortex/kuka_ws/src/kuka-ros-trials/install/my_robot_interfaces/share/my_robot_interfaces/cmake/rosidl_cmake_export_typesupport_libraries-extras.cmake
-- Installing: /home/cortex/kuka_ws/src/kuka-ros-trials/install/my_robot_interfaces/share/my_robot_interfaces/cmake/my_robot_interfacesConfig.cmake
-- Installing: /home/cortex/kuka_ws/src/kuka-ros-trials/install/my_robot_interfaces/share/my_robot_interfaces/cmake/my_robot_interfacesConfig-version.cmake
-- Installing: /home/cortex/kuka_ws/src/kuka-ros-trials/install/my_robot_interfaces/share/my_robot_interfaces/package.xml
