[0.174s] Invoking command in '/home/cortex/kuka_ws/src/kuka-ros-trials/build/my_robot_interfaces': CMAKE_PREFIX_PATH=/opt/ros/humble /usr/bin/cmake --build /home/cortex/kuka_ws/src/kuka-ros-trials/build/my_robot_interfaces -- -j20 -l20
[0.206s] [  1%] Built target my_robot_interfaces__cpp
[0.208s] [  1%] Built target ament_cmake_python_copy_my_robot_interfaces
[0.208s] [ 12%] Built target my_robot_interfaces__rosidl_generator_c
[0.221s] [ 23%] Built target my_robot_interfaces__rosidl_typesupport_cpp
[0.221s] [ 34%] Built target my_robot_interfaces__rosidl_typesupport_c
[0.224s] [ 45%] Built target my_robot_interfaces__rosidl_typesupport_introspection_c
[0.225s] [ 56%] Built target my_robot_interfaces__rosidl_typesupport_fastrtps_cpp
[0.227s] [ 67%] Built target my_robot_interfaces__rosidl_typesupport_introspection_cpp
[0.232s] [ 78%] Built target my_robot_interfaces__rosidl_typesupport_fastrtps_c
[0.244s] [ 78%] Built target my_robot_interfaces
[0.255s] [ 80%] Built target my_robot_interfaces__py
[0.272s] [ 89%] Built target my_robot_interfaces__rosidl_generator_py
[0.285s] [ 92%] Built target my_robot_interfaces__rosidl_typesupport_introspection_c__pyext
[0.287s] [ 96%] Built target my_robot_interfaces__rosidl_typesupport_fastrtps_c__pyext
[0.287s] [100%] Built target my_robot_interfaces__rosidl_typesupport_c__pyext
[0.401s] running egg_info
[0.402s] writing my_robot_interfaces.egg-info/PKG-INFO
[0.402s] writing dependency_links to my_robot_interfaces.egg-info/dependency_links.txt
[0.402s] writing top-level names to my_robot_interfaces.egg-info/top_level.txt
[0.405s] reading manifest file 'my_robot_interfaces.egg-info/SOURCES.txt'
[0.405s] writing manifest file 'my_robot_interfaces.egg-info/SOURCES.txt'
[0.423s] [100%] Built target ament_cmake_python_build_my_robot_interfaces_egg
[0.428s] Invoked command in '/home/cortex/kuka_ws/src/kuka-ros-trials/build/my_robot_interfaces' returned '0': CMAKE_PREFIX_PATH=/opt/ros/humble /usr/bin/cmake --build /home/cortex/kuka_ws/src/kuka-ros-trials/build/my_robot_interfaces -- -j20 -l20
[0.430s] Invoking command in '/home/cortex/kuka_ws/src/kuka-ros-trials/build/my_robot_interfaces': CMAKE_PREFIX_PATH=/opt/ros/humble /usr/bin/cmake --install /home/cortex/kuka_ws/src/kuka-ros-trials/build/my_robot_interfaces
[0.435s] -- Install configuration: ""
[0.435s] -- Installing: /home/cortex/kuka_ws/src/kuka-ros-trials/install/my_robot_interfaces/share/ament_index/resource_index/rosidl_interfaces/my_robot_interfaces
[0.435s] -- Installing: /home/cortex/kuka_ws/src/kuka-ros-trials/install/my_robot_interfaces/include/my_robot_interfaces/my_robot_interfaces
[0.436s] -- Installing: /home/cortex/kuka_ws/src/kuka-ros-trials/install/my_robot_interfaces/include/my_robot_interfaces/my_robot_interfaces/srv
[0.436s] -- Installing: /home/cortex/kuka_ws/src/kuka-ros-trials/install/my_robot_interfaces/include/my_robot_interfaces/my_robot_interfaces/srv/do_homing.h
[0.436s] -- Installing: /home/cortex/kuka_ws/src/kuka-ros-trials/install/my_robot_interfaces/include/my_robot_interfaces/my_robot_interfaces/srv/get_current_pose.h
[0.436s] -- Installing: /home/cortex/kuka_ws/src/kuka-ros-trials/install/my_robot_interfaces/include/my_robot_interfaces/my_robot_interfaces/srv/detail
[0.436s] -- Installing: /home/cortex/kuka_ws/src/kuka-ros-trials/install/my_robot_interfaces/include/my_robot_interfaces/my_robot_interfaces/srv/detail/do_homing__struct.h
[0.436s] -- Installing: /home/cortex/kuka_ws/src/kuka-ros-trials/install/my_robot_interfaces/include/my_robot_interfaces/my_robot_interfaces/srv/detail/do_calibration__type_support.h
[0.436s] -- Installing: /home/cortex/kuka_ws/src/kuka-ros-trials/install/my_robot_interfaces/include/my_robot_interfaces/my_robot_interfaces/srv/detail/do_homing__functions.c
[0.436s] -- Installing: /home/cortex/kuka_ws/src/kuka-ros-trials/install/my_robot_interfaces/include/my_robot_interfaces/my_robot_interfaces/srv/detail/do_calibration__struct.h
[0.437s] -- Installing: /home/cortex/kuka_ws/src/kuka-ros-trials/install/my_robot_interfaces/include/my_robot_interfaces/my_robot_interfaces/srv/detail/get_current_pose__struct.h
[0.437s] -- Installing: /home/cortex/kuka_ws/src/kuka-ros-trials/install/my_robot_interfaces/include/my_robot_interfaces/my_robot_interfaces/srv/detail/do_calibration__functions.c
[0.437s] -- Installing: /home/cortex/kuka_ws/src/kuka-ros-trials/install/my_robot_interfaces/include/my_robot_interfaces/my_robot_interfaces/srv/detail/get_current_pose__functions.h
[0.437s] -- Installing: /home/cortex/kuka_ws/src/kuka-ros-trials/install/my_robot_interfaces/include/my_robot_interfaces/my_robot_interfaces/srv/detail/do_calibration__functions.h
[0.437s] -- Installing: /home/cortex/kuka_ws/src/kuka-ros-trials/install/my_robot_interfaces/include/my_robot_interfaces/my_robot_interfaces/srv/detail/get_current_pose__type_support.h
[0.437s] -- Installing: /home/cortex/kuka_ws/src/kuka-ros-trials/install/my_robot_interfaces/include/my_robot_interfaces/my_robot_interfaces/srv/detail/do_homing__type_support.h
[0.437s] -- Installing: /home/cortex/kuka_ws/src/kuka-ros-trials/install/my_robot_interfaces/include/my_robot_interfaces/my_robot_interfaces/srv/detail/get_current_pose__functions.c
[0.438s] -- Installing: /home/cortex/kuka_ws/src/kuka-ros-trials/install/my_robot_interfaces/include/my_robot_interfaces/my_robot_interfaces/srv/detail/do_homing__functions.h
[0.438s] -- Installing: /home/cortex/kuka_ws/src/kuka-ros-trials/install/my_robot_interfaces/include/my_robot_interfaces/my_robot_interfaces/srv/do_calibration.h
[0.438s] -- Installing: /home/cortex/kuka_ws/src/kuka-ros-trials/install/my_robot_interfaces/include/my_robot_interfaces/my_robot_interfaces/msg
[0.438s] -- Installing: /home/cortex/kuka_ws/src/kuka-ros-trials/install/my_robot_interfaces/include/my_robot_interfaces/my_robot_interfaces/msg/rosidl_generator_c__visibility_control.h
[0.438s] -- Installing: /home/cortex/kuka_ws/src/kuka-ros-trials/install/my_robot_interfaces/include/my_robot_interfaces/my_robot_interfaces/msg/pose_command.h
[0.438s] -- Installing: /home/cortex/kuka_ws/src/kuka-ros-trials/install/my_robot_interfaces/include/my_robot_interfaces/my_robot_interfaces/msg/detail
[0.438s] -- Installing: /home/cortex/kuka_ws/src/kuka-ros-trials/install/my_robot_interfaces/include/my_robot_interfaces/my_robot_interfaces/msg/detail/pose_command__functions.c
[0.438s] -- Installing: /home/cortex/kuka_ws/src/kuka-ros-trials/install/my_robot_interfaces/include/my_robot_interfaces/my_robot_interfaces/msg/detail/pose_command__functions.h
[0.438s] -- Installing: /home/cortex/kuka_ws/src/kuka-ros-trials/install/my_robot_interfaces/include/my_robot_interfaces/my_robot_interfaces/msg/detail/pose_command__struct.h
[0.438s] -- Installing: /home/cortex/kuka_ws/src/kuka-ros-trials/install/my_robot_interfaces/include/my_robot_interfaces/my_robot_interfaces/msg/detail/pose_command__type_support.h
[0.439s] -- Installing: /home/cortex/kuka_ws/src/kuka-ros-trials/install/my_robot_interfaces/share/my_robot_interfaces/environment/library_path.sh
[0.439s] -- Installing: /home/cortex/kuka_ws/src/kuka-ros-trials/install/my_robot_interfaces/share/my_robot_interfaces/environment/library_path.dsv
[0.439s] -- Installing: /home/cortex/kuka_ws/src/kuka-ros-trials/install/my_robot_interfaces/lib/libmy_robot_interfaces__rosidl_generator_c.so
[0.439s] -- Set non-toolchain portion of runtime path of "/home/cortex/kuka_ws/src/kuka-ros-trials/install/my_robot_interfaces/lib/libmy_robot_interfaces__rosidl_generator_c.so" to ""
[0.439s] -- Up-to-date: /home/cortex/kuka_ws/src/kuka-ros-trials/install/my_robot_interfaces/include/my_robot_interfaces/my_robot_interfaces
[0.440s] -- Up-to-date: /home/cortex/kuka_ws/src/kuka-ros-trials/install/my_robot_interfaces/include/my_robot_interfaces/my_robot_interfaces/srv
[0.440s] -- Up-to-date: /home/cortex/kuka_ws/src/kuka-ros-trials/install/my_robot_interfaces/include/my_robot_interfaces/my_robot_interfaces/srv/detail
[0.440s] -- Installing: /home/cortex/kuka_ws/src/kuka-ros-trials/install/my_robot_interfaces/include/my_robot_interfaces/my_robot_interfaces/srv/detail/do_homing__rosidl_typesupport_fastrtps_c.h
[0.440s] -- Installing: /home/cortex/kuka_ws/src/kuka-ros-trials/install/my_robot_interfaces/include/my_robot_interfaces/my_robot_interfaces/srv/detail/do_calibration__rosidl_typesupport_fastrtps_c.h
[0.440s] -- Installing: /home/cortex/kuka_ws/src/kuka-ros-trials/install/my_robot_interfaces/include/my_robot_interfaces/my_robot_interfaces/srv/detail/get_current_pose__rosidl_typesupport_fastrtps_c.h
[0.440s] -- Up-to-date: /home/cortex/kuka_ws/src/kuka-ros-trials/install/my_robot_interfaces/include/my_robot_interfaces/my_robot_interfaces/msg
[0.440s] -- Up-to-date: /home/cortex/kuka_ws/src/kuka-ros-trials/install/my_robot_interfaces/include/my_robot_interfaces/my_robot_interfaces/msg/detail
[0.440s] -- Installing: /home/cortex/kuka_ws/src/kuka-ros-trials/install/my_robot_interfaces/include/my_robot_interfaces/my_robot_interfaces/msg/detail/pose_command__rosidl_typesupport_fastrtps_c.h
[0.440s] -- Installing: /home/cortex/kuka_ws/src/kuka-ros-trials/install/my_robot_interfaces/include/my_robot_interfaces/my_robot_interfaces/msg/rosidl_typesupport_fastrtps_c__visibility_control.h
[0.440s] -- Installing: /home/cortex/kuka_ws/src/kuka-ros-trials/install/my_robot_interfaces/lib/libmy_robot_interfaces__rosidl_typesupport_fastrtps_c.so
[0.441s] -- Set non-toolchain portion of runtime path of "/home/cortex/kuka_ws/src/kuka-ros-trials/install/my_robot_interfaces/lib/libmy_robot_interfaces__rosidl_typesupport_fastrtps_c.so" to ""
[0.441s] -- Up-to-date: /home/cortex/kuka_ws/src/kuka-ros-trials/install/my_robot_interfaces/include/my_robot_interfaces/my_robot_interfaces
[0.441s] -- Up-to-date: /home/cortex/kuka_ws/src/kuka-ros-trials/install/my_robot_interfaces/include/my_robot_interfaces/my_robot_interfaces/srv
[0.441s] -- Up-to-date: /home/cortex/kuka_ws/src/kuka-ros-trials/install/my_robot_interfaces/include/my_robot_interfaces/my_robot_interfaces/srv/detail
[0.441s] -- Installing: /home/cortex/kuka_ws/src/kuka-ros-trials/install/my_robot_interfaces/include/my_robot_interfaces/my_robot_interfaces/srv/detail/do_homing__type_support.c
[0.441s] -- Installing: /home/cortex/kuka_ws/src/kuka-ros-trials/install/my_robot_interfaces/include/my_robot_interfaces/my_robot_interfaces/srv/detail/do_calibration__rosidl_typesupport_introspection_c.h
[0.441s] -- Installing: /home/cortex/kuka_ws/src/kuka-ros-trials/install/my_robot_interfaces/include/my_robot_interfaces/my_robot_interfaces/srv/detail/do_homing__rosidl_typesupport_introspection_c.h
[0.441s] -- Installing: /home/cortex/kuka_ws/src/kuka-ros-trials/install/my_robot_interfaces/include/my_robot_interfaces/my_robot_interfaces/srv/detail/do_calibration__type_support.c
[0.441s] -- Installing: /home/cortex/kuka_ws/src/kuka-ros-trials/install/my_robot_interfaces/include/my_robot_interfaces/my_robot_interfaces/srv/detail/get_current_pose__rosidl_typesupport_introspection_c.h
[0.442s] -- Installing: /home/cortex/kuka_ws/src/kuka-ros-trials/install/my_robot_interfaces/include/my_robot_interfaces/my_robot_interfaces/srv/detail/get_current_pose__type_support.c
[0.442s] -- Up-to-date: /home/cortex/kuka_ws/src/kuka-ros-trials/install/my_robot_interfaces/include/my_robot_interfaces/my_robot_interfaces/msg
[0.442s] -- Up-to-date: /home/cortex/kuka_ws/src/kuka-ros-trials/install/my_robot_interfaces/include/my_robot_interfaces/my_robot_interfaces/msg/detail
[0.442s] -- Installing: /home/cortex/kuka_ws/src/kuka-ros-trials/install/my_robot_interfaces/include/my_robot_interfaces/my_robot_interfaces/msg/detail/pose_command__type_support.c
[0.442s] -- Installing: /home/cortex/kuka_ws/src/kuka-ros-trials/install/my_robot_interfaces/include/my_robot_interfaces/my_robot_interfaces/msg/detail/pose_command__rosidl_typesupport_introspection_c.h
[0.442s] -- Installing: /home/cortex/kuka_ws/src/kuka-ros-trials/install/my_robot_interfaces/include/my_robot_interfaces/my_robot_interfaces/msg/rosidl_typesupport_introspection_c__visibility_control.h
[0.442s] -- Installing: /home/cortex/kuka_ws/src/kuka-ros-trials/install/my_robot_interfaces/lib/libmy_robot_interfaces__rosidl_typesupport_introspection_c.so
[0.442s] -- Set non-toolchain portion of runtime path of "/home/cortex/kuka_ws/src/kuka-ros-trials/install/my_robot_interfaces/lib/libmy_robot_interfaces__rosidl_typesupport_introspection_c.so" to ""
[0.442s] -- Installing: /home/cortex/kuka_ws/src/kuka-ros-trials/install/my_robot_interfaces/lib/libmy_robot_interfaces__rosidl_typesupport_c.so
[0.443s] -- Set non-toolchain portion of runtime path of "/home/cortex/kuka_ws/src/kuka-ros-trials/install/my_robot_interfaces/lib/libmy_robot_interfaces__rosidl_typesupport_c.so" to ""
[0.443s] -- Up-to-date: /home/cortex/kuka_ws/src/kuka-ros-trials/install/my_robot_interfaces/include/my_robot_interfaces/my_robot_interfaces
[0.443s] -- Up-to-date: /home/cortex/kuka_ws/src/kuka-ros-trials/install/my_robot_interfaces/include/my_robot_interfaces/my_robot_interfaces/srv
[0.443s] -- Installing: /home/cortex/kuka_ws/src/kuka-ros-trials/install/my_robot_interfaces/include/my_robot_interfaces/my_robot_interfaces/srv/do_homing.hpp
[0.443s] -- Installing: /home/cortex/kuka_ws/src/kuka-ros-trials/install/my_robot_interfaces/include/my_robot_interfaces/my_robot_interfaces/srv/do_calibration.hpp
[0.443s] -- Installing: /home/cortex/kuka_ws/src/kuka-ros-trials/install/my_robot_interfaces/include/my_robot_interfaces/my_robot_interfaces/srv/get_current_pose.hpp
[0.443s] -- Up-to-date: /home/cortex/kuka_ws/src/kuka-ros-trials/install/my_robot_interfaces/include/my_robot_interfaces/my_robot_interfaces/srv/detail
[0.443s] -- Installing: /home/cortex/kuka_ws/src/kuka-ros-trials/install/my_robot_interfaces/include/my_robot_interfaces/my_robot_interfaces/srv/detail/do_homing__struct.hpp
[0.444s] -- Installing: /home/cortex/kuka_ws/src/kuka-ros-trials/install/my_robot_interfaces/include/my_robot_interfaces/my_robot_interfaces/srv/detail/do_calibration__builder.hpp
[0.444s] -- Installing: /home/cortex/kuka_ws/src/kuka-ros-trials/install/my_robot_interfaces/include/my_robot_interfaces/my_robot_interfaces/srv/detail/do_calibration__traits.hpp
[0.444s] -- Installing: /home/cortex/kuka_ws/src/kuka-ros-trials/install/my_robot_interfaces/include/my_robot_interfaces/my_robot_interfaces/srv/detail/get_current_pose__type_support.hpp
[0.444s] -- Installing: /home/cortex/kuka_ws/src/kuka-ros-trials/install/my_robot_interfaces/include/my_robot_interfaces/my_robot_interfaces/srv/detail/get_current_pose__traits.hpp
[0.444s] -- Installing: /home/cortex/kuka_ws/src/kuka-ros-trials/install/my_robot_interfaces/include/my_robot_interfaces/my_robot_interfaces/srv/detail/do_homing__type_support.hpp
[0.444s] -- Installing: /home/cortex/kuka_ws/src/kuka-ros-trials/install/my_robot_interfaces/include/my_robot_interfaces/my_robot_interfaces/srv/detail/get_current_pose__struct.hpp
[0.444s] -- Installing: /home/cortex/kuka_ws/src/kuka-ros-trials/install/my_robot_interfaces/include/my_robot_interfaces/my_robot_interfaces/srv/detail/do_calibration__type_support.hpp
[0.444s] -- Installing: /home/cortex/kuka_ws/src/kuka-ros-trials/install/my_robot_interfaces/include/my_robot_interfaces/my_robot_interfaces/srv/detail/do_calibration__struct.hpp
[0.444s] -- Installing: /home/cortex/kuka_ws/src/kuka-ros-trials/install/my_robot_interfaces/include/my_robot_interfaces/my_robot_interfaces/srv/detail/do_homing__builder.hpp
[0.444s] -- Installing: /home/cortex/kuka_ws/src/kuka-ros-trials/install/my_robot_interfaces/include/my_robot_interfaces/my_robot_interfaces/srv/detail/do_homing__traits.hpp
[0.445s] -- Installing: /home/cortex/kuka_ws/src/kuka-ros-trials/install/my_robot_interfaces/include/my_robot_interfaces/my_robot_interfaces/srv/detail/get_current_pose__builder.hpp
[0.445s] -- Up-to-date: /home/cortex/kuka_ws/src/kuka-ros-trials/install/my_robot_interfaces/include/my_robot_interfaces/my_robot_interfaces/msg
[0.445s] -- Installing: /home/cortex/kuka_ws/src/kuka-ros-trials/install/my_robot_interfaces/include/my_robot_interfaces/my_robot_interfaces/msg/pose_command.hpp
[0.445s] -- Installing: /home/cortex/kuka_ws/src/kuka-ros-trials/install/my_robot_interfaces/include/my_robot_interfaces/my_robot_interfaces/msg/rosidl_generator_cpp__visibility_control.hpp
[0.445s] -- Up-to-date: /home/cortex/kuka_ws/src/kuka-ros-trials/install/my_robot_interfaces/include/my_robot_interfaces/my_robot_interfaces/msg/detail
[0.445s] -- Installing: /home/cortex/kuka_ws/src/kuka-ros-trials/install/my_robot_interfaces/include/my_robot_interfaces/my_robot_interfaces/msg/detail/pose_command__traits.hpp
[0.445s] -- Installing: /home/cortex/kuka_ws/src/kuka-ros-trials/install/my_robot_interfaces/include/my_robot_interfaces/my_robot_interfaces/msg/detail/pose_command__type_support.hpp
[0.445s] -- Installing: /home/cortex/kuka_ws/src/kuka-ros-trials/install/my_robot_interfaces/include/my_robot_interfaces/my_robot_interfaces/msg/detail/pose_command__struct.hpp
[0.445s] -- Installing: /home/cortex/kuka_ws/src/kuka-ros-trials/install/my_robot_interfaces/include/my_robot_interfaces/my_robot_interfaces/msg/detail/pose_command__builder.hpp
[0.445s] -- Up-to-date: /home/cortex/kuka_ws/src/kuka-ros-trials/install/my_robot_interfaces/include/my_robot_interfaces/my_robot_interfaces
[0.446s] -- Up-to-date: /home/cortex/kuka_ws/src/kuka-ros-trials/install/my_robot_interfaces/include/my_robot_interfaces/my_robot_interfaces/srv
[0.446s] -- Up-to-date: /home/cortex/kuka_ws/src/kuka-ros-trials/install/my_robot_interfaces/include/my_robot_interfaces/my_robot_interfaces/srv/detail
[0.446s] -- Installing: /home/cortex/kuka_ws/src/kuka-ros-trials/install/my_robot_interfaces/include/my_robot_interfaces/my_robot_interfaces/srv/detail/get_current_pose__rosidl_typesupport_fastrtps_cpp.hpp
[0.446s] -- Installing: /home/cortex/kuka_ws/src/kuka-ros-trials/install/my_robot_interfaces/include/my_robot_interfaces/my_robot_interfaces/srv/detail/dds_fastrtps
[0.446s] -- Installing: /home/cortex/kuka_ws/src/kuka-ros-trials/install/my_robot_interfaces/include/my_robot_interfaces/my_robot_interfaces/srv/detail/do_homing__rosidl_typesupport_fastrtps_cpp.hpp
[0.446s] -- Installing: /home/cortex/kuka_ws/src/kuka-ros-trials/install/my_robot_interfaces/include/my_robot_interfaces/my_robot_interfaces/srv/detail/do_calibration__rosidl_typesupport_fastrtps_cpp.hpp
[0.446s] -- Up-to-date: /home/cortex/kuka_ws/src/kuka-ros-trials/install/my_robot_interfaces/include/my_robot_interfaces/my_robot_interfaces/msg
[0.446s] -- Installing: /home/cortex/kuka_ws/src/kuka-ros-trials/install/my_robot_interfaces/include/my_robot_interfaces/my_robot_interfaces/msg/rosidl_typesupport_fastrtps_cpp__visibility_control.h
[0.446s] -- Up-to-date: /home/cortex/kuka_ws/src/kuka-ros-trials/install/my_robot_interfaces/include/my_robot_interfaces/my_robot_interfaces/msg/detail
[0.446s] -- Installing: /home/cortex/kuka_ws/src/kuka-ros-trials/install/my_robot_interfaces/include/my_robot_interfaces/my_robot_interfaces/msg/detail/pose_command__rosidl_typesupport_fastrtps_cpp.hpp
[0.446s] -- Installing: /home/cortex/kuka_ws/src/kuka-ros-trials/install/my_robot_interfaces/include/my_robot_interfaces/my_robot_interfaces/msg/detail/dds_fastrtps
[0.447s] -- Installing: /home/cortex/kuka_ws/src/kuka-ros-trials/install/my_robot_interfaces/lib/libmy_robot_interfaces__rosidl_typesupport_fastrtps_cpp.so
[0.447s] -- Set non-toolchain portion of runtime path of "/home/cortex/kuka_ws/src/kuka-ros-trials/install/my_robot_interfaces/lib/libmy_robot_interfaces__rosidl_typesupport_fastrtps_cpp.so" to ""
[0.447s] -- Up-to-date: /home/cortex/kuka_ws/src/kuka-ros-trials/install/my_robot_interfaces/include/my_robot_interfaces/my_robot_interfaces
[0.447s] -- Up-to-date: /home/cortex/kuka_ws/src/kuka-ros-trials/install/my_robot_interfaces/include/my_robot_interfaces/my_robot_interfaces/srv
[0.447s] -- Up-to-date: /home/cortex/kuka_ws/src/kuka-ros-trials/install/my_robot_interfaces/include/my_robot_interfaces/my_robot_interfaces/srv/detail
[0.447s] -- Installing: /home/cortex/kuka_ws/src/kuka-ros-trials/install/my_robot_interfaces/include/my_robot_interfaces/my_robot_interfaces/srv/detail/do_calibration__rosidl_typesupport_introspection_cpp.hpp
[0.447s] -- Installing: /home/cortex/kuka_ws/src/kuka-ros-trials/install/my_robot_interfaces/include/my_robot_interfaces/my_robot_interfaces/srv/detail/do_calibration__type_support.cpp
[0.447s] -- Installing: /home/cortex/kuka_ws/src/kuka-ros-trials/install/my_robot_interfaces/include/my_robot_interfaces/my_robot_interfaces/srv/detail/get_current_pose__rosidl_typesupport_introspection_cpp.hpp
[0.447s] -- Installing: /home/cortex/kuka_ws/src/kuka-ros-trials/install/my_robot_interfaces/include/my_robot_interfaces/my_robot_interfaces/srv/detail/get_current_pose__type_support.cpp
[0.447s] -- Installing: /home/cortex/kuka_ws/src/kuka-ros-trials/install/my_robot_interfaces/include/my_robot_interfaces/my_robot_interfaces/srv/detail/do_homing__type_support.cpp
[0.448s] -- Installing: /home/cortex/kuka_ws/src/kuka-ros-trials/install/my_robot_interfaces/include/my_robot_interfaces/my_robot_interfaces/srv/detail/do_homing__rosidl_typesupport_introspection_cpp.hpp
[0.448s] -- Up-to-date: /home/cortex/kuka_ws/src/kuka-ros-trials/install/my_robot_interfaces/include/my_robot_interfaces/my_robot_interfaces/msg
[0.448s] -- Up-to-date: /home/cortex/kuka_ws/src/kuka-ros-trials/install/my_robot_interfaces/include/my_robot_interfaces/my_robot_interfaces/msg/detail
[0.448s] -- Installing: /home/cortex/kuka_ws/src/kuka-ros-trials/install/my_robot_interfaces/include/my_robot_interfaces/my_robot_interfaces/msg/detail/pose_command__rosidl_typesupport_introspection_cpp.hpp
[0.448s] -- Installing: /home/cortex/kuka_ws/src/kuka-ros-trials/install/my_robot_interfaces/include/my_robot_interfaces/my_robot_interfaces/msg/detail/pose_command__type_support.cpp
[0.448s] -- Installing: /home/cortex/kuka_ws/src/kuka-ros-trials/install/my_robot_interfaces/lib/libmy_robot_interfaces__rosidl_typesupport_introspection_cpp.so
[0.448s] -- Set non-toolchain portion of runtime path of "/home/cortex/kuka_ws/src/kuka-ros-trials/install/my_robot_interfaces/lib/libmy_robot_interfaces__rosidl_typesupport_introspection_cpp.so" to ""
[0.448s] -- Installing: /home/cortex/kuka_ws/src/kuka-ros-trials/install/my_robot_interfaces/lib/libmy_robot_interfaces__rosidl_typesupport_cpp.so
[0.449s] -- Set non-toolchain portion of runtime path of "/home/cortex/kuka_ws/src/kuka-ros-trials/install/my_robot_interfaces/lib/libmy_robot_interfaces__rosidl_typesupport_cpp.so" to ""
[0.449s] -- Installing: /home/cortex/kuka_ws/src/kuka-ros-trials/install/my_robot_interfaces/share/my_robot_interfaces/environment/pythonpath.sh
[0.449s] -- Installing: /home/cortex/kuka_ws/src/kuka-ros-trials/install/my_robot_interfaces/share/my_robot_interfaces/environment/pythonpath.dsv
[0.449s] -- Installing: /home/cortex/kuka_ws/src/kuka-ros-trials/install/my_robot_interfaces/local/lib/python3.10/dist-packages/my_robot_interfaces-0.0.0-py3.10.egg-info
[0.449s] -- Installing: /home/cortex/kuka_ws/src/kuka-ros-trials/install/my_robot_interfaces/local/lib/python3.10/dist-packages/my_robot_interfaces-0.0.0-py3.10.egg-info/SOURCES.txt
[0.449s] -- Installing: /home/cortex/kuka_ws/src/kuka-ros-trials/install/my_robot_interfaces/local/lib/python3.10/dist-packages/my_robot_interfaces-0.0.0-py3.10.egg-info/PKG-INFO
[0.449s] -- Installing: /home/cortex/kuka_ws/src/kuka-ros-trials/install/my_robot_interfaces/local/lib/python3.10/dist-packages/my_robot_interfaces-0.0.0-py3.10.egg-info/dependency_links.txt
[0.449s] -- Installing: /home/cortex/kuka_ws/src/kuka-ros-trials/install/my_robot_interfaces/local/lib/python3.10/dist-packages/my_robot_interfaces-0.0.0-py3.10.egg-info/top_level.txt
[0.449s] -- Installing: /home/cortex/kuka_ws/src/kuka-ros-trials/install/my_robot_interfaces/local/lib/python3.10/dist-packages/my_robot_interfaces
[0.450s] -- Installing: /home/cortex/kuka_ws/src/kuka-ros-trials/install/my_robot_interfaces/local/lib/python3.10/dist-packages/my_robot_interfaces/my_robot_interfaces_s__rosidl_typesupport_fastrtps_c.cpython-310-x86_64-linux-gnu.so
[0.450s] -- Installing: /home/cortex/kuka_ws/src/kuka-ros-trials/install/my_robot_interfaces/local/lib/python3.10/dist-packages/my_robot_interfaces/srv
[0.450s] -- Installing: /home/cortex/kuka_ws/src/kuka-ros-trials/install/my_robot_interfaces/local/lib/python3.10/dist-packages/my_robot_interfaces/srv/_do_calibration_s.c
[0.450s] -- Installing: /home/cortex/kuka_ws/src/kuka-ros-trials/install/my_robot_interfaces/local/lib/python3.10/dist-packages/my_robot_interfaces/srv/_do_calibration.py
[0.450s] -- Installing: /home/cortex/kuka_ws/src/kuka-ros-trials/install/my_robot_interfaces/local/lib/python3.10/dist-packages/my_robot_interfaces/srv/_get_current_pose_s.c
[0.450s] -- Installing: /home/cortex/kuka_ws/src/kuka-ros-trials/install/my_robot_interfaces/local/lib/python3.10/dist-packages/my_robot_interfaces/srv/__init__.py
[0.450s] -- Installing: /home/cortex/kuka_ws/src/kuka-ros-trials/install/my_robot_interfaces/local/lib/python3.10/dist-packages/my_robot_interfaces/srv/_get_current_pose.py
[0.450s] -- Installing: /home/cortex/kuka_ws/src/kuka-ros-trials/install/my_robot_interfaces/local/lib/python3.10/dist-packages/my_robot_interfaces/srv/_do_homing_s.c
[0.450s] -- Installing: /home/cortex/kuka_ws/src/kuka-ros-trials/install/my_robot_interfaces/local/lib/python3.10/dist-packages/my_robot_interfaces/srv/_do_homing.py
[0.450s] -- Installing: /home/cortex/kuka_ws/src/kuka-ros-trials/install/my_robot_interfaces/local/lib/python3.10/dist-packages/my_robot_interfaces/msg
[0.450s] -- Installing: /home/cortex/kuka_ws/src/kuka-ros-trials/install/my_robot_interfaces/local/lib/python3.10/dist-packages/my_robot_interfaces/msg/_pose_command.py
[0.451s] -- Installing: /home/cortex/kuka_ws/src/kuka-ros-trials/install/my_robot_interfaces/local/lib/python3.10/dist-packages/my_robot_interfaces/msg/_pose_command_s.c
[0.451s] -- Installing: /home/cortex/kuka_ws/src/kuka-ros-trials/install/my_robot_interfaces/local/lib/python3.10/dist-packages/my_robot_interfaces/msg/__init__.py
[0.451s] -- Installing: /home/cortex/kuka_ws/src/kuka-ros-trials/install/my_robot_interfaces/local/lib/python3.10/dist-packages/my_robot_interfaces/my_robot_interfaces_s__rosidl_typesupport_c.cpython-310-x86_64-linux-gnu.so
[0.451s] -- Installing: /home/cortex/kuka_ws/src/kuka-ros-trials/install/my_robot_interfaces/local/lib/python3.10/dist-packages/my_robot_interfaces/libmy_robot_interfaces__rosidl_generator_py.so
[0.451s] -- Installing: /home/cortex/kuka_ws/src/kuka-ros-trials/install/my_robot_interfaces/local/lib/python3.10/dist-packages/my_robot_interfaces/_my_robot_interfaces_s.ep.rosidl_typesupport_fastrtps_c.c
[0.451s] -- Installing: /home/cortex/kuka_ws/src/kuka-ros-trials/install/my_robot_interfaces/local/lib/python3.10/dist-packages/my_robot_interfaces/_my_robot_interfaces_s.ep.rosidl_typesupport_introspection_c.c
[0.451s] -- Installing: /home/cortex/kuka_ws/src/kuka-ros-trials/install/my_robot_interfaces/local/lib/python3.10/dist-packages/my_robot_interfaces/__init__.py
[0.451s] -- Installing: /home/cortex/kuka_ws/src/kuka-ros-trials/install/my_robot_interfaces/local/lib/python3.10/dist-packages/my_robot_interfaces/my_robot_interfaces_s__rosidl_typesupport_introspection_c.cpython-310-x86_64-linux-gnu.so
[0.451s] -- Installing: /home/cortex/kuka_ws/src/kuka-ros-trials/install/my_robot_interfaces/local/lib/python3.10/dist-packages/my_robot_interfaces/_my_robot_interfaces_s.ep.rosidl_typesupport_c.c
[0.517s] Listing '/home/cortex/kuka_ws/src/kuka-ros-trials/install/my_robot_interfaces/local/lib/python3.10/dist-packages/my_robot_interfaces'...
[0.517s] Compiling '/home/cortex/kuka_ws/src/kuka-ros-trials/install/my_robot_interfaces/local/lib/python3.10/dist-packages/my_robot_interfaces/__init__.py'...
[0.517s] Listing '/home/cortex/kuka_ws/src/kuka-ros-trials/install/my_robot_interfaces/local/lib/python3.10/dist-packages/my_robot_interfaces/msg'...
[0.517s] Compiling '/home/cortex/kuka_ws/src/kuka-ros-trials/install/my_robot_interfaces/local/lib/python3.10/dist-packages/my_robot_interfaces/msg/__init__.py'...
[0.517s] Compiling '/home/cortex/kuka_ws/src/kuka-ros-trials/install/my_robot_interfaces/local/lib/python3.10/dist-packages/my_robot_interfaces/msg/_pose_command.py'...
[0.517s] Listing '/home/cortex/kuka_ws/src/kuka-ros-trials/install/my_robot_interfaces/local/lib/python3.10/dist-packages/my_robot_interfaces/srv'...
[0.517s] Compiling '/home/cortex/kuka_ws/src/kuka-ros-trials/install/my_robot_interfaces/local/lib/python3.10/dist-packages/my_robot_interfaces/srv/__init__.py'...
[0.517s] Compiling '/home/cortex/kuka_ws/src/kuka-ros-trials/install/my_robot_interfaces/local/lib/python3.10/dist-packages/my_robot_interfaces/srv/_do_calibration.py'...
[0.517s] Compiling '/home/cortex/kuka_ws/src/kuka-ros-trials/install/my_robot_interfaces/local/lib/python3.10/dist-packages/my_robot_interfaces/srv/_do_homing.py'...
[0.518s] Compiling '/home/cortex/kuka_ws/src/kuka-ros-trials/install/my_robot_interfaces/local/lib/python3.10/dist-packages/my_robot_interfaces/srv/_get_current_pose.py'...
[0.521s] -- Installing: /home/cortex/kuka_ws/src/kuka-ros-trials/install/my_robot_interfaces/local/lib/python3.10/dist-packages/my_robot_interfaces/my_robot_interfaces_s__rosidl_typesupport_fastrtps_c.cpython-310-x86_64-linux-gnu.so
[0.521s] -- Set non-toolchain portion of runtime path of "/home/cortex/kuka_ws/src/kuka-ros-trials/install/my_robot_interfaces/local/lib/python3.10/dist-packages/my_robot_interfaces/my_robot_interfaces_s__rosidl_typesupport_fastrtps_c.cpython-310-x86_64-linux-gnu.so" to ""
[0.521s] -- Installing: /home/cortex/kuka_ws/src/kuka-ros-trials/install/my_robot_interfaces/local/lib/python3.10/dist-packages/my_robot_interfaces/my_robot_interfaces_s__rosidl_typesupport_introspection_c.cpython-310-x86_64-linux-gnu.so
[0.521s] -- Set non-toolchain portion of runtime path of "/home/cortex/kuka_ws/src/kuka-ros-trials/install/my_robot_interfaces/local/lib/python3.10/dist-packages/my_robot_interfaces/my_robot_interfaces_s__rosidl_typesupport_introspection_c.cpython-310-x86_64-linux-gnu.so" to ""
[0.521s] -- Installing: /home/cortex/kuka_ws/src/kuka-ros-trials/install/my_robot_interfaces/local/lib/python3.10/dist-packages/my_robot_interfaces/my_robot_interfaces_s__rosidl_typesupport_c.cpython-310-x86_64-linux-gnu.so
[0.521s] -- Set non-toolchain portion of runtime path of "/home/cortex/kuka_ws/src/kuka-ros-trials/install/my_robot_interfaces/local/lib/python3.10/dist-packages/my_robot_interfaces/my_robot_interfaces_s__rosidl_typesupport_c.cpython-310-x86_64-linux-gnu.so" to ""
[0.521s] -- Installing: /home/cortex/kuka_ws/src/kuka-ros-trials/install/my_robot_interfaces/lib/libmy_robot_interfaces__rosidl_generator_py.so
[0.521s] -- Set non-toolchain portion of runtime path of "/home/cortex/kuka_ws/src/kuka-ros-trials/install/my_robot_interfaces/lib/libmy_robot_interfaces__rosidl_generator_py.so" to ""
[0.521s] -- Installing: /home/cortex/kuka_ws/src/kuka-ros-trials/install/my_robot_interfaces/share/my_robot_interfaces/msg/PoseCommand.idl
[0.521s] -- Installing: /home/cortex/kuka_ws/src/kuka-ros-trials/install/my_robot_interfaces/share/my_robot_interfaces/srv/GetCurrentPose.idl
[0.521s] -- Installing: /home/cortex/kuka_ws/src/kuka-ros-trials/install/my_robot_interfaces/share/my_robot_interfaces/srv/DoHoming.idl
[0.521s] -- Installing: /home/cortex/kuka_ws/src/kuka-ros-trials/install/my_robot_interfaces/share/my_robot_interfaces/srv/DoCalibration.idl
[0.522s] -- Installing: /home/cortex/kuka_ws/src/kuka-ros-trials/install/my_robot_interfaces/share/my_robot_interfaces/msg/PoseCommand.msg
[0.522s] -- Installing: /home/cortex/kuka_ws/src/kuka-ros-trials/install/my_robot_interfaces/share/my_robot_interfaces/srv/GetCurrentPose.srv
[0.522s] -- Installing: /home/cortex/kuka_ws/src/kuka-ros-trials/install/my_robot_interfaces/share/my_robot_interfaces/srv/GetCurrentPose_Request.msg
[0.522s] -- Installing: /home/cortex/kuka_ws/src/kuka-ros-trials/install/my_robot_interfaces/share/my_robot_interfaces/srv/GetCurrentPose_Response.msg
[0.522s] -- Installing: /home/cortex/kuka_ws/src/kuka-ros-trials/install/my_robot_interfaces/share/my_robot_interfaces/srv/DoHoming.srv
[0.522s] -- Installing: /home/cortex/kuka_ws/src/kuka-ros-trials/install/my_robot_interfaces/share/my_robot_interfaces/srv/DoHoming_Request.msg
[0.522s] -- Installing: /home/cortex/kuka_ws/src/kuka-ros-trials/install/my_robot_interfaces/share/my_robot_interfaces/srv/DoHoming_Response.msg
[0.522s] -- Installing: /home/cortex/kuka_ws/src/kuka-ros-trials/install/my_robot_interfaces/share/my_robot_interfaces/srv/DoCalibration.srv
[0.522s] -- Installing: /home/cortex/kuka_ws/src/kuka-ros-trials/install/my_robot_interfaces/share/my_robot_interfaces/srv/DoCalibration_Request.msg
[0.522s] -- Installing: /home/cortex/kuka_ws/src/kuka-ros-trials/install/my_robot_interfaces/share/my_robot_interfaces/srv/DoCalibration_Response.msg
[0.522s] -- Installing: /home/cortex/kuka_ws/src/kuka-ros-trials/install/my_robot_interfaces/share/ament_index/resource_index/package_run_dependencies/my_robot_interfaces
[0.522s] -- Installing: /home/cortex/kuka_ws/src/kuka-ros-trials/install/my_robot_interfaces/share/ament_index/resource_index/parent_prefix_path/my_robot_interfaces
[0.522s] -- Installing: /home/cortex/kuka_ws/src/kuka-ros-trials/install/my_robot_interfaces/share/my_robot_interfaces/environment/ament_prefix_path.sh
[0.522s] -- Installing: /home/cortex/kuka_ws/src/kuka-ros-trials/install/my_robot_interfaces/share/my_robot_interfaces/environment/ament_prefix_path.dsv
[0.522s] -- Installing: /home/cortex/kuka_ws/src/kuka-ros-trials/install/my_robot_interfaces/share/my_robot_interfaces/environment/path.sh
[0.522s] -- Installing: /home/cortex/kuka_ws/src/kuka-ros-trials/install/my_robot_interfaces/share/my_robot_interfaces/environment/path.dsv
[0.522s] -- Installing: /home/cortex/kuka_ws/src/kuka-ros-trials/install/my_robot_interfaces/share/my_robot_interfaces/local_setup.bash
[0.523s] -- Installing: /home/cortex/kuka_ws/src/kuka-ros-trials/install/my_robot_interfaces/share/my_robot_interfaces/local_setup.sh
[0.523s] -- Installing: /home/cortex/kuka_ws/src/kuka-ros-trials/install/my_robot_interfaces/share/my_robot_interfaces/local_setup.zsh
[0.523s] -- Installing: /home/cortex/kuka_ws/src/kuka-ros-trials/install/my_robot_interfaces/share/my_robot_interfaces/local_setup.dsv
[0.523s] -- Installing: /home/cortex/kuka_ws/src/kuka-ros-trials/install/my_robot_interfaces/share/my_robot_interfaces/package.dsv
[0.523s] -- Installing: /home/cortex/kuka_ws/src/kuka-ros-trials/install/my_robot_interfaces/share/ament_index/resource_index/packages/my_robot_interfaces
[0.523s] -- Installing: /home/cortex/kuka_ws/src/kuka-ros-trials/install/my_robot_interfaces/share/my_robot_interfaces/cmake/export_my_robot_interfaces__rosidl_generator_cExport.cmake
[0.523s] -- Installing: /home/cortex/kuka_ws/src/kuka-ros-trials/install/my_robot_interfaces/share/my_robot_interfaces/cmake/export_my_robot_interfaces__rosidl_generator_cExport-noconfig.cmake
[0.523s] -- Installing: /home/cortex/kuka_ws/src/kuka-ros-trials/install/my_robot_interfaces/share/my_robot_interfaces/cmake/export_my_robot_interfaces__rosidl_typesupport_fastrtps_cExport.cmake
[0.523s] -- Installing: /home/cortex/kuka_ws/src/kuka-ros-trials/install/my_robot_interfaces/share/my_robot_interfaces/cmake/export_my_robot_interfaces__rosidl_typesupport_fastrtps_cExport-noconfig.cmake
[0.523s] -- Installing: /home/cortex/kuka_ws/src/kuka-ros-trials/install/my_robot_interfaces/share/my_robot_interfaces/cmake/my_robot_interfaces__rosidl_typesupport_introspection_cExport.cmake
[0.523s] -- Installing: /home/cortex/kuka_ws/src/kuka-ros-trials/install/my_robot_interfaces/share/my_robot_interfaces/cmake/my_robot_interfaces__rosidl_typesupport_introspection_cExport-noconfig.cmake
[0.523s] -- Installing: /home/cortex/kuka_ws/src/kuka-ros-trials/install/my_robot_interfaces/share/my_robot_interfaces/cmake/my_robot_interfaces__rosidl_typesupport_cExport.cmake
[0.523s] -- Installing: /home/cortex/kuka_ws/src/kuka-ros-trials/install/my_robot_interfaces/share/my_robot_interfaces/cmake/my_robot_interfaces__rosidl_typesupport_cExport-noconfig.cmake
[0.523s] -- Installing: /home/cortex/kuka_ws/src/kuka-ros-trials/install/my_robot_interfaces/share/my_robot_interfaces/cmake/export_my_robot_interfaces__rosidl_generator_cppExport.cmake
[0.523s] -- Installing: /home/cortex/kuka_ws/src/kuka-ros-trials/install/my_robot_interfaces/share/my_robot_interfaces/cmake/export_my_robot_interfaces__rosidl_typesupport_fastrtps_cppExport.cmake
[0.523s] -- Installing: /home/cortex/kuka_ws/src/kuka-ros-trials/install/my_robot_interfaces/share/my_robot_interfaces/cmake/export_my_robot_interfaces__rosidl_typesupport_fastrtps_cppExport-noconfig.cmake
[0.523s] -- Installing: /home/cortex/kuka_ws/src/kuka-ros-trials/install/my_robot_interfaces/share/my_robot_interfaces/cmake/my_robot_interfaces__rosidl_typesupport_introspection_cppExport.cmake
[0.524s] -- Installing: /home/cortex/kuka_ws/src/kuka-ros-trials/install/my_robot_interfaces/share/my_robot_interfaces/cmake/my_robot_interfaces__rosidl_typesupport_introspection_cppExport-noconfig.cmake
[0.524s] -- Installing: /home/cortex/kuka_ws/src/kuka-ros-trials/install/my_robot_interfaces/share/my_robot_interfaces/cmake/my_robot_interfaces__rosidl_typesupport_cppExport.cmake
[0.524s] -- Installing: /home/cortex/kuka_ws/src/kuka-ros-trials/install/my_robot_interfaces/share/my_robot_interfaces/cmake/my_robot_interfaces__rosidl_typesupport_cppExport-noconfig.cmake
[0.524s] -- Installing: /home/cortex/kuka_ws/src/kuka-ros-trials/install/my_robot_interfaces/share/my_robot_interfaces/cmake/export_my_robot_interfaces__rosidl_generator_pyExport.cmake
[0.524s] -- Installing: /home/cortex/kuka_ws/src/kuka-ros-trials/install/my_robot_interfaces/share/my_robot_interfaces/cmake/export_my_robot_interfaces__rosidl_generator_pyExport-noconfig.cmake
[0.524s] -- Installing: /home/cortex/kuka_ws/src/kuka-ros-trials/install/my_robot_interfaces/share/my_robot_interfaces/cmake/rosidl_cmake-extras.cmake
[0.524s] -- Installing: /home/cortex/kuka_ws/src/kuka-ros-trials/install/my_robot_interfaces/share/my_robot_interfaces/cmake/ament_cmake_export_include_directories-extras.cmake
[0.524s] -- Installing: /home/cortex/kuka_ws/src/kuka-ros-trials/install/my_robot_interfaces/share/my_robot_interfaces/cmake/ament_cmake_export_libraries-extras.cmake
[0.524s] -- Installing: /home/cortex/kuka_ws/src/kuka-ros-trials/install/my_robot_interfaces/share/my_robot_interfaces/cmake/ament_cmake_export_targets-extras.cmake
[0.524s] -- Installing: /home/cortex/kuka_ws/src/kuka-ros-trials/install/my_robot_interfaces/share/my_robot_interfaces/cmake/rosidl_cmake_export_typesupport_targets-extras.cmake
[0.524s] -- Installing: /home/cortex/kuka_ws/src/kuka-ros-trials/install/my_robot_interfaces/share/my_robot_interfaces/cmake/ament_cmake_export_dependencies-extras.cmake
[0.524s] -- Installing: /home/cortex/kuka_ws/src/kuka-ros-trials/install/my_robot_interfaces/share/my_robot_interfaces/cmake/rosidl_cmake_export_typesupport_libraries-extras.cmake
[0.524s] -- Installing: /home/cortex/kuka_ws/src/kuka-ros-trials/install/my_robot_interfaces/share/my_robot_interfaces/cmake/my_robot_interfacesConfig.cmake
[0.524s] -- Installing: /home/cortex/kuka_ws/src/kuka-ros-trials/install/my_robot_interfaces/share/my_robot_interfaces/cmake/my_robot_interfacesConfig-version.cmake
[0.524s] -- Installing: /home/cortex/kuka_ws/src/kuka-ros-trials/install/my_robot_interfaces/share/my_robot_interfaces/package.xml
